mode: set
github.com/fulfillops/fulfillops/internal/middleware/auth.go:22.56,23.30 1 1
github.com/fulfillops/fulfillops/internal/middleware/auth.go:23.30,25.31 2 1
github.com/fulfillops/fulfillops/internal/middleware/auth.go:25.31,31.4 2 1
github.com/fulfillops/fulfillops/internal/middleware/auth.go:33.3,34.10 2 1
github.com/fulfillops/fulfillops/internal/middleware/auth.go:34.10,40.4 2 0
github.com/fulfillops/fulfillops/internal/middleware/auth.go:42.3,43.10 2 1
github.com/fulfillops/fulfillops/internal/middleware/auth.go:43.10,46.4 2 0
github.com/fulfillops/fulfillops/internal/middleware/auth.go:47.3,48.17 2 1
github.com/fulfillops/fulfillops/internal/middleware/auth.go:48.17,51.4 2 0
github.com/fulfillops/fulfillops/internal/middleware/auth.go:53.3,60.11 6 1
github.com/fulfillops/fulfillops/internal/middleware/auth.go:65.60,67.26 2 1
github.com/fulfillops/fulfillops/internal/middleware/auth.go:67.26,69.3 1 1
github.com/fulfillops/fulfillops/internal/middleware/auth.go:70.2,70.30 1 1
github.com/fulfillops/fulfillops/internal/middleware/auth.go:70.30,72.14 2 1
github.com/fulfillops/fulfillops/internal/middleware/auth.go:72.14,75.4 2 1
github.com/fulfillops/fulfillops/internal/middleware/auth.go:76.3,76.39 1 1
github.com/fulfillops/fulfillops/internal/middleware/auth.go:76.39,79.4 2 1
github.com/fulfillops/fulfillops/internal/middleware/auth.go:80.3,80.11 1 1
github.com/fulfillops/fulfillops/internal/middleware/auth.go:85.101,87.16 2 1
github.com/fulfillops/fulfillops/internal/middleware/auth.go:87.16,89.3 1 0
github.com/fulfillops/fulfillops/internal/middleware/auth.go:90.2,92.46 3 1
github.com/fulfillops/fulfillops/internal/middleware/auth.go:97.60,98.30 1 1
github.com/fulfillops/fulfillops/internal/middleware/auth.go:98.30,100.31 2 1
github.com/fulfillops/fulfillops/internal/middleware/auth.go:100.31,104.4 3 1
github.com/fulfillops/fulfillops/internal/middleware/auth.go:105.3,106.25 2 1
github.com/fulfillops/fulfillops/internal/middleware/auth.go:106.25,110.4 3 0
github.com/fulfillops/fulfillops/internal/middleware/auth.go:111.3,111.11 1 1
github.com/fulfillops/fulfillops/internal/middleware/auth.go:116.86,118.26 2 1
github.com/fulfillops/fulfillops/internal/middleware/auth.go:118.26,120.3 1 1
github.com/fulfillops/fulfillops/internal/middleware/auth.go:121.2,121.30 1 1
github.com/fulfillops/fulfillops/internal/middleware/auth.go:121.30,124.38 3 1
github.com/fulfillops/fulfillops/internal/middleware/auth.go:124.38,128.4 3 1
github.com/fulfillops/fulfillops/internal/middleware/auth.go:129.3,129.11 1 1
github.com/fulfillops/fulfillops/internal/middleware/auth.go:134.63,136.16 2 1
github.com/fulfillops/fulfillops/internal/middleware/auth.go:136.16,138.3 1 0
github.com/fulfillops/fulfillops/internal/middleware/auth.go:139.2,140.46 2 1
github.com/fulfillops/fulfillops/internal/middleware/errors.go:20.51,22.25 2 1
github.com/fulfillops/fulfillops/internal/middleware/errors.go:22.25,30.3 3 1
github.com/fulfillops/fulfillops/internal/middleware/errors.go:32.2,32.9 1 1
github.com/fulfillops/fulfillops/internal/middleware/errors.go:33.42,34.101 1 1
github.com/fulfillops/fulfillops/internal/middleware/errors.go:35.42,36.100 1 1
github.com/fulfillops/fulfillops/internal/middleware/errors.go:37.54,38.124 1 1
github.com/fulfillops/fulfillops/internal/middleware/errors.go:39.54,40.125 1 1
github.com/fulfillops/fulfillops/internal/middleware/errors.go:41.51,42.121 1 1
github.com/fulfillops/fulfillops/internal/middleware/errors.go:43.44,44.119 1 1
github.com/fulfillops/fulfillops/internal/middleware/errors.go:45.46,46.122 1 1
github.com/fulfillops/fulfillops/internal/middleware/errors.go:47.43,48.117 1 1
github.com/fulfillops/fulfillops/internal/middleware/errors.go:49.10,50.136 1 1
github.com/fulfillops/fulfillops/internal/middleware/errors.go:54.42,55.14 1 1
github.com/fulfillops/fulfillops/internal/middleware/errors.go:56.19,57.29 1 1
github.com/fulfillops/fulfillops/internal/middleware/errors.go:58.18,59.29 1 1
github.com/fulfillops/fulfillops/internal/middleware/errors.go:60.99,61.40 1 1
github.com/fulfillops/fulfillops/internal/middleware/errors.go:62.22,63.33 1 1
github.com/fulfillops/fulfillops/internal/middleware/errors.go:64.19,65.30 1 1
github.com/fulfillops/fulfillops/internal/middleware/errors.go:66.24,67.29 1 1
github.com/fulfillops/fulfillops/internal/middleware/errors.go:68.10,69.40 1 1
github.com/fulfillops/fulfillops/internal/middleware/logger.go:11.31,12.30 1 1
github.com/fulfillops/fulfillops/internal/middleware/logger.go:12.30,24.3 7 1
github.com/fulfillops/fulfillops/internal/middleware/trace.go:11.34,12.30 1 1
github.com/fulfillops/fulfillops/internal/middleware/trace.go:12.30,14.18 2 1
github.com/fulfillops/fulfillops/internal/middleware/trace.go:14.18,16.4 1 1
github.com/fulfillops/fulfillops/internal/middleware/trace.go:17.3,23.11 4 1
github.com/fulfillops/fulfillops/internal/middleware/trace.go:28.33,29.30 1 1
github.com/fulfillops/fulfillops/internal/middleware/trace.go:29.30,34.3 4 1
github.com/fulfillops/fulfillops/internal/middleware/auth.go:22.56,23.30 1 0
github.com/fulfillops/fulfillops/internal/middleware/auth.go:23.30,25.31 2 0
github.com/fulfillops/fulfillops/internal/middleware/auth.go:25.31,31.4 2 0
github.com/fulfillops/fulfillops/internal/middleware/auth.go:33.3,34.10 2 0
github.com/fulfillops/fulfillops/internal/middleware/auth.go:34.10,40.4 2 0
github.com/fulfillops/fulfillops/internal/middleware/auth.go:42.3,43.10 2 0
github.com/fulfillops/fulfillops/internal/middleware/auth.go:43.10,46.4 2 0
github.com/fulfillops/fulfillops/internal/middleware/auth.go:47.3,48.17 2 0
github.com/fulfillops/fulfillops/internal/middleware/auth.go:48.17,51.4 2 0
github.com/fulfillops/fulfillops/internal/middleware/auth.go:53.3,60.11 6 0
github.com/fulfillops/fulfillops/internal/middleware/auth.go:65.60,67.26 2 0
github.com/fulfillops/fulfillops/internal/middleware/auth.go:67.26,69.3 1 0
github.com/fulfillops/fulfillops/internal/middleware/auth.go:70.2,70.30 1 0
github.com/fulfillops/fulfillops/internal/middleware/auth.go:70.30,72.14 2 0
github.com/fulfillops/fulfillops/internal/middleware/auth.go:72.14,75.4 2 0
github.com/fulfillops/fulfillops/internal/middleware/auth.go:76.3,76.39 1 0
github.com/fulfillops/fulfillops/internal/middleware/auth.go:76.39,79.4 2 0
github.com/fulfillops/fulfillops/internal/middleware/auth.go:80.3,80.11 1 0
github.com/fulfillops/fulfillops/internal/middleware/auth.go:85.101,87.16 2 0
github.com/fulfillops/fulfillops/internal/middleware/auth.go:87.16,89.3 1 0
github.com/fulfillops/fulfillops/internal/middleware/auth.go:90.2,92.46 3 0
github.com/fulfillops/fulfillops/internal/middleware/auth.go:97.60,98.30 1 0
github.com/fulfillops/fulfillops/internal/middleware/auth.go:98.30,100.31 2 0
github.com/fulfillops/fulfillops/internal/middleware/auth.go:100.31,104.4 3 0
github.com/fulfillops/fulfillops/internal/middleware/auth.go:105.3,106.25 2 0
github.com/fulfillops/fulfillops/internal/middleware/auth.go:106.25,110.4 3 0
github.com/fulfillops/fulfillops/internal/middleware/auth.go:111.3,111.11 1 0
github.com/fulfillops/fulfillops/internal/middleware/auth.go:116.86,118.26 2 0
github.com/fulfillops/fulfillops/internal/middleware/auth.go:118.26,120.3 1 0
github.com/fulfillops/fulfillops/internal/middleware/auth.go:121.2,121.30 1 0
github.com/fulfillops/fulfillops/internal/middleware/auth.go:121.30,124.38 3 0
github.com/fulfillops/fulfillops/internal/middleware/auth.go:124.38,128.4 3 0
github.com/fulfillops/fulfillops/internal/middleware/auth.go:129.3,129.11 1 0
github.com/fulfillops/fulfillops/internal/middleware/auth.go:134.63,136.16 2 0
github.com/fulfillops/fulfillops/internal/middleware/auth.go:136.16,138.3 1 0
github.com/fulfillops/fulfillops/internal/middleware/auth.go:139.2,140.46 2 0
github.com/fulfillops/fulfillops/internal/middleware/errors.go:20.51,22.25 2 0
github.com/fulfillops/fulfillops/internal/middleware/errors.go:22.25,30.3 3 0
github.com/fulfillops/fulfillops/internal/middleware/errors.go:32.2,32.9 1 0
github.com/fulfillops/fulfillops/internal/middleware/errors.go:33.42,34.101 1 0
github.com/fulfillops/fulfillops/internal/middleware/errors.go:35.42,36.100 1 0
github.com/fulfillops/fulfillops/internal/middleware/errors.go:37.54,38.124 1 0
github.com/fulfillops/fulfillops/internal/middleware/errors.go:39.54,40.125 1 0
github.com/fulfillops/fulfillops/internal/middleware/errors.go:41.51,42.121 1 0
github.com/fulfillops/fulfillops/internal/middleware/errors.go:43.44,44.119 1 0
github.com/fulfillops/fulfillops/internal/middleware/errors.go:45.46,46.122 1 0
github.com/fulfillops/fulfillops/internal/middleware/errors.go:47.43,48.117 1 0
github.com/fulfillops/fulfillops/internal/middleware/errors.go:49.10,50.136 1 0
github.com/fulfillops/fulfillops/internal/middleware/errors.go:54.42,55.14 1 0
github.com/fulfillops/fulfillops/internal/middleware/errors.go:56.19,57.29 1 0
github.com/fulfillops/fulfillops/internal/middleware/errors.go:58.18,59.29 1 0
github.com/fulfillops/fulfillops/internal/middleware/errors.go:60.99,61.40 1 0
github.com/fulfillops/fulfillops/internal/middleware/errors.go:62.22,63.33 1 0
github.com/fulfillops/fulfillops/internal/middleware/errors.go:64.19,65.30 1 0
github.com/fulfillops/fulfillops/internal/middleware/errors.go:66.24,67.29 1 0
github.com/fulfillops/fulfillops/internal/middleware/errors.go:68.10,69.40 1 0
github.com/fulfillops/fulfillops/internal/middleware/logger.go:11.31,12.30 1 0
github.com/fulfillops/fulfillops/internal/middleware/logger.go:12.30,24.3 7 0
github.com/fulfillops/fulfillops/internal/middleware/trace.go:11.34,12.30 1 0
github.com/fulfillops/fulfillops/internal/middleware/trace.go:12.30,14.18 2 0
github.com/fulfillops/fulfillops/internal/middleware/trace.go:14.18,16.4 1 0
github.com/fulfillops/fulfillops/internal/middleware/trace.go:17.3,23.11 4 0
github.com/fulfillops/fulfillops/internal/middleware/trace.go:28.33,29.30 1 0
github.com/fulfillops/fulfillops/internal/middleware/trace.go:29.30,34.3 4 0
github.com/fulfillops/fulfillops/internal/middleware/auth.go:22.56,23.30 1 1
github.com/fulfillops/fulfillops/internal/middleware/auth.go:23.30,25.31 2 1
github.com/fulfillops/fulfillops/internal/middleware/auth.go:25.31,31.4 2 1
github.com/fulfillops/fulfillops/internal/middleware/auth.go:33.3,34.10 2 1
github.com/fulfillops/fulfillops/internal/middleware/auth.go:34.10,40.4 2 0
github.com/fulfillops/fulfillops/internal/middleware/auth.go:42.3,43.10 2 1
github.com/fulfillops/fulfillops/internal/middleware/auth.go:43.10,46.4 2 0
github.com/fulfillops/fulfillops/internal/middleware/auth.go:47.3,48.17 2 1
github.com/fulfillops/fulfillops/internal/middleware/auth.go:48.17,51.4 2 0
github.com/fulfillops/fulfillops/internal/middleware/auth.go:53.3,60.11 6 1
github.com/fulfillops/fulfillops/internal/middleware/auth.go:65.60,67.26 2 1
github.com/fulfillops/fulfillops/internal/middleware/auth.go:67.26,69.3 1 1
github.com/fulfillops/fulfillops/internal/middleware/auth.go:70.2,70.30 1 1
github.com/fulfillops/fulfillops/internal/middleware/auth.go:70.30,72.14 2 1
github.com/fulfillops/fulfillops/internal/middleware/auth.go:72.14,75.4 2 0
github.com/fulfillops/fulfillops/internal/middleware/auth.go:76.3,76.39 1 1
github.com/fulfillops/fulfillops/internal/middleware/auth.go:76.39,79.4 2 0
github.com/fulfillops/fulfillops/internal/middleware/auth.go:80.3,80.11 1 1
github.com/fulfillops/fulfillops/internal/middleware/auth.go:85.101,87.16 2 1
github.com/fulfillops/fulfillops/internal/middleware/auth.go:87.16,89.3 1 0
github.com/fulfillops/fulfillops/internal/middleware/auth.go:90.2,92.46 3 1
github.com/fulfillops/fulfillops/internal/middleware/auth.go:97.60,98.30 1 1
github.com/fulfillops/fulfillops/internal/middleware/auth.go:98.30,100.31 2 1
github.com/fulfillops/fulfillops/internal/middleware/auth.go:100.31,104.4 3 0
github.com/fulfillops/fulfillops/internal/middleware/auth.go:105.3,106.25 2 1
github.com/fulfillops/fulfillops/internal/middleware/auth.go:106.25,110.4 3 0
github.com/fulfillops/fulfillops/internal/middleware/auth.go:111.3,111.11 1 1
github.com/fulfillops/fulfillops/internal/middleware/auth.go:116.86,118.26 2 1
github.com/fulfillops/fulfillops/internal/middleware/auth.go:118.26,120.3 1 1
github.com/fulfillops/fulfillops/internal/middleware/auth.go:121.2,121.30 1 1
github.com/fulfillops/fulfillops/internal/middleware/auth.go:121.30,124.38 3 1
github.com/fulfillops/fulfillops/internal/middleware/auth.go:124.38,128.4 3 0
github.com/fulfillops/fulfillops/internal/middleware/auth.go:129.3,129.11 1 1
github.com/fulfillops/fulfillops/internal/middleware/auth.go:134.63,136.16 2 1
github.com/fulfillops/fulfillops/internal/middleware/auth.go:136.16,138.3 1 0
github.com/fulfillops/fulfillops/internal/middleware/auth.go:139.2,140.46 2 1
github.com/fulfillops/fulfillops/internal/middleware/errors.go:20.51,22.25 2 1
github.com/fulfillops/fulfillops/internal/middleware/errors.go:22.25,30.3 3 1
github.com/fulfillops/fulfillops/internal/middleware/errors.go:32.2,32.9 1 1
github.com/fulfillops/fulfillops/internal/middleware/errors.go:33.42,34.101 1 0
github.com/fulfillops/fulfillops/internal/middleware/errors.go:35.42,36.100 1 0
github.com/fulfillops/fulfillops/internal/middleware/errors.go:37.54,38.124 1 0
github.com/fulfillops/fulfillops/internal/middleware/errors.go:39.54,40.125 1 0
github.com/fulfillops/fulfillops/internal/middleware/errors.go:41.51,42.121 1 0
github.com/fulfillops/fulfillops/internal/middleware/errors.go:43.44,44.119 1 0
github.com/fulfillops/fulfillops/internal/middleware/errors.go:45.46,46.122 1 1
github.com/fulfillops/fulfillops/internal/middleware/errors.go:47.43,48.117 1 0
github.com/fulfillops/fulfillops/internal/middleware/errors.go:49.10,50.136 1 1
github.com/fulfillops/fulfillops/internal/middleware/errors.go:54.42,55.14 1 1
github.com/fulfillops/fulfillops/internal/middleware/errors.go:56.19,57.29 1 1
github.com/fulfillops/fulfillops/internal/middleware/errors.go:58.18,59.29 1 1
github.com/fulfillops/fulfillops/internal/middleware/errors.go:60.99,61.40 1 1
github.com/fulfillops/fulfillops/internal/middleware/errors.go:62.22,63.33 1 0
github.com/fulfillops/fulfillops/internal/middleware/errors.go:64.19,65.30 1 0
github.com/fulfillops/fulfillops/internal/middleware/errors.go:66.24,67.29 1 0
github.com/fulfillops/fulfillops/internal/middleware/errors.go:68.10,69.40 1 0
github.com/fulfillops/fulfillops/internal/middleware/logger.go:11.31,12.30 1 1
github.com/fulfillops/fulfillops/internal/middleware/logger.go:12.30,24.3 7 1
github.com/fulfillops/fulfillops/internal/middleware/trace.go:11.34,12.30 1 1
github.com/fulfillops/fulfillops/internal/middleware/trace.go:12.30,14.18 2 1
github.com/fulfillops/fulfillops/internal/middleware/trace.go:14.18,16.4 1 1
github.com/fulfillops/fulfillops/internal/middleware/trace.go:17.3,23.11 4 1
github.com/fulfillops/fulfillops/internal/middleware/trace.go:28.33,29.30 1 1
github.com/fulfillops/fulfillops/internal/middleware/trace.go:29.30,34.3 4 1
