mode: set
github.com/fulfillops/fulfillops/internal/config/config.go:22.30,24.39 2 1
github.com/fulfillops/fulfillops/internal/config/config.go:24.39,26.3 1 0
github.com/fulfillops/fulfillops/internal/config/config.go:27.2,27.17 1 1
github.com/fulfillops/fulfillops/internal/config/config.go:30.35,31.31 1 1
github.com/fulfillops/fulfillops/internal/config/config.go:31.31,33.3 1 1
github.com/fulfillops/fulfillops/internal/config/config.go:34.2,34.55 1 1
github.com/fulfillops/fulfillops/internal/config/config.go:34.55,36.3 1 0
github.com/fulfillops/fulfillops/internal/config/config.go:37.2,37.55 1 1
github.com/fulfillops/fulfillops/internal/config/config.go:37.55,39.3 1 0
github.com/fulfillops/fulfillops/internal/config/config.go:40.2,40.12 1 1
github.com/fulfillops/fulfillops/internal/job/backup_job.go:15.63,17.2 1 0
github.com/fulfillops/fulfillops/internal/job/backup_job.go:19.59,20.24 1 0
github.com/fulfillops/fulfillops/internal/job/backup_job.go:20.24,22.3 1 0
github.com/fulfillops/fulfillops/internal/job/backup_job.go:23.2,23.54 1 0
github.com/fulfillops/fulfillops/internal/job/backup_job.go:23.54,25.3 1 0
github.com/fulfillops/fulfillops/internal/job/backup_job.go:26.2,26.15 1 0
github.com/fulfillops/fulfillops/internal/job/cleanup_job.go:19.71,21.2 1 0
github.com/fulfillops/fulfillops/internal/job/cleanup_job.go:23.60,28.31 4 0
github.com/fulfillops/fulfillops/internal/job/cleanup_job.go:28.31,33.17 2 0
github.com/fulfillops/fulfillops/internal/job/cleanup_job.go:33.17,35.4 1 0
github.com/fulfillops/fulfillops/internal/job/cleanup_job.go:36.3,36.35 1 0
github.com/fulfillops/fulfillops/internal/job/cleanup_job.go:38.2,38.19 1 0
github.com/fulfillops/fulfillops/internal/job/export_cleanup_job.go:19.90,21.2 1 0
github.com/fulfillops/fulfillops/internal/job/export_cleanup_job.go:23.66,25.16 2 0
github.com/fulfillops/fulfillops/internal/job/export_cleanup_job.go:25.16,27.3 1 0
github.com/fulfillops/fulfillops/internal/job/export_cleanup_job.go:29.2,30.28 2 0
github.com/fulfillops/fulfillops/internal/job/export_cleanup_job.go:30.28,32.45 1 0
github.com/fulfillops/fulfillops/internal/job/export_cleanup_job.go:32.45,33.90 1 0
github.com/fulfillops/fulfillops/internal/job/export_cleanup_job.go:33.90,35.5 1 0
github.com/fulfillops/fulfillops/internal/job/export_cleanup_job.go:39.3,39.56 1 0
github.com/fulfillops/fulfillops/internal/job/export_cleanup_job.go:39.56,41.12 2 0
github.com/fulfillops/fulfillops/internal/job/export_cleanup_job.go:43.3,43.12 1 0
github.com/fulfillops/fulfillops/internal/job/export_cleanup_job.go:45.2,45.21 1 0
github.com/fulfillops/fulfillops/internal/job/notify_job.go:16.86,18.2 1 0
github.com/fulfillops/fulfillops/internal/job/notify_job.go:20.59,22.16 2 0
github.com/fulfillops/fulfillops/internal/job/notify_job.go:22.16,24.3 1 0
github.com/fulfillops/fulfillops/internal/job/notify_job.go:25.2,25.15 1 0
github.com/fulfillops/fulfillops/internal/job/overdue_job.go:25.15,31.2 1 0
github.com/fulfillops/fulfillops/internal/job/overdue_job.go:33.60,35.16 2 0
github.com/fulfillops/fulfillops/internal/job/overdue_job.go:35.16,37.3 1 0
github.com/fulfillops/fulfillops/internal/job/overdue_job.go:39.2,40.31 2 0
github.com/fulfillops/fulfillops/internal/job/overdue_job.go:40.31,41.23 1 0
github.com/fulfillops/fulfillops/internal/job/overdue_job.go:41.23,42.12 1 0
github.com/fulfillops/fulfillops/internal/job/overdue_job.go:45.3,46.17 2 0
github.com/fulfillops/fulfillops/internal/job/overdue_job.go:46.17,48.12 2 0
github.com/fulfillops/fulfillops/internal/job/overdue_job.go:50.3,50.36 1 0
github.com/fulfillops/fulfillops/internal/job/overdue_job.go:50.36,51.12 1 0
github.com/fulfillops/fulfillops/internal/job/overdue_job.go:55.3,56.35 2 0
github.com/fulfillops/fulfillops/internal/job/overdue_job.go:56.35,58.4 1 0
github.com/fulfillops/fulfillops/internal/job/overdue_job.go:61.3,62.17 2 0
github.com/fulfillops/fulfillops/internal/job/overdue_job.go:62.17,64.12 2 0
github.com/fulfillops/fulfillops/internal/job/overdue_job.go:66.3,66.13 1 0
github.com/fulfillops/fulfillops/internal/job/overdue_job.go:66.13,67.12 1 0
github.com/fulfillops/fulfillops/internal/job/overdue_job.go:70.3,75.60 2 0
github.com/fulfillops/fulfillops/internal/job/overdue_job.go:75.60,77.12 2 0
github.com/fulfillops/fulfillops/internal/job/overdue_job.go:79.3,79.12 1 0
github.com/fulfillops/fulfillops/internal/job/overdue_job.go:81.2,81.21 1 0
github.com/fulfillops/fulfillops/internal/job/report_job.go:21.127,23.2 1 0
github.com/fulfillops/fulfillops/internal/job/report_job.go:25.68,26.47 1 0
github.com/fulfillops/fulfillops/internal/job/report_job.go:26.47,28.3 1 0
github.com/fulfillops/fulfillops/internal/job/report_job.go:31.2,38.28 6 0
github.com/fulfillops/fulfillops/internal/job/report_job.go:38.28,45.17 3 0
github.com/fulfillops/fulfillops/internal/job/report_job.go:45.17,47.4 1 0
github.com/fulfillops/fulfillops/internal/job/report_job.go:48.3,48.69 1 0
github.com/fulfillops/fulfillops/internal/job/report_job.go:48.69,50.4 1 0
github.com/fulfillops/fulfillops/internal/job/report_job.go:51.3,51.14 1 0
github.com/fulfillops/fulfillops/internal/job/report_job.go:53.2,53.23 1 0
github.com/fulfillops/fulfillops/internal/job/scheduler.go:37.70,39.2 1 0
github.com/fulfillops/fulfillops/internal/job/scheduler.go:42.79,46.2 3 0
github.com/fulfillops/fulfillops/internal/job/scheduler.go:49.78,53.2 3 0
github.com/fulfillops/fulfillops/internal/job/scheduler.go:56.48,65.25 7 0
github.com/fulfillops/fulfillops/internal/job/scheduler.go:65.25,68.13 3 0
github.com/fulfillops/fulfillops/internal/job/scheduler.go:68.13,71.4 2 0
github.com/fulfillops/fulfillops/internal/job/scheduler.go:73.2,73.53 1 0
github.com/fulfillops/fulfillops/internal/job/scheduler.go:77.28,78.21 1 0
github.com/fulfillops/fulfillops/internal/job/scheduler.go:78.21,80.3 1 0
github.com/fulfillops/fulfillops/internal/job/scheduler.go:81.2,82.35 2 0
github.com/fulfillops/fulfillops/internal/job/scheduler.go:85.62,86.13 1 0
github.com/fulfillops/fulfillops/internal/job/scheduler.go:86.13,89.3 2 0
github.com/fulfillops/fulfillops/internal/job/scheduler.go:90.2,92.6 3 0
github.com/fulfillops/fulfillops/internal/job/scheduler.go:92.6,93.10 1 0
github.com/fulfillops/fulfillops/internal/job/scheduler.go:94.21,95.10 1 0
github.com/fulfillops/fulfillops/internal/job/scheduler.go:96.19,97.21 1 0
github.com/fulfillops/fulfillops/internal/job/scheduler.go:102.67,103.6 1 0
github.com/fulfillops/fulfillops/internal/job/scheduler.go:103.6,106.23 3 0
github.com/fulfillops/fulfillops/internal/job/scheduler.go:106.23,108.4 1 0
github.com/fulfillops/fulfillops/internal/job/scheduler.go:109.3,109.10 1 0
github.com/fulfillops/fulfillops/internal/job/scheduler.go:110.21,111.10 1 0
github.com/fulfillops/fulfillops/internal/job/scheduler.go:112.36,113.21 1 0
github.com/fulfillops/fulfillops/internal/job/scheduler.go:118.62,125.16 3 0
github.com/fulfillops/fulfillops/internal/job/scheduler.go:125.16,127.3 1 0
github.com/fulfillops/fulfillops/internal/job/scheduler.go:129.2,133.19 4 0
github.com/fulfillops/fulfillops/internal/job/scheduler.go:133.19,138.3 4 0
github.com/fulfillops/fulfillops/internal/job/scheduler.go:138.8,140.3 1 0
github.com/fulfillops/fulfillops/internal/job/scheduler.go:142.2,142.20 1 0
github.com/fulfillops/fulfillops/internal/job/scheduler.go:142.20,143.101 1 0
github.com/fulfillops/fulfillops/internal/job/scheduler.go:143.101,145.4 1 0
github.com/fulfillops/fulfillops/internal/job/scheduler.go:150.69,153.24 3 0
github.com/fulfillops/fulfillops/internal/job/scheduler.go:153.24,154.29 1 0
github.com/fulfillops/fulfillops/internal/job/scheduler.go:154.29,156.9 2 0
github.com/fulfillops/fulfillops/internal/job/scheduler.go:159.2,161.18 2 0
github.com/fulfillops/fulfillops/internal/job/scheduler.go:161.18,163.3 1 0
github.com/fulfillops/fulfillops/internal/job/scheduler.go:164.2,165.12 2 0
github.com/fulfillops/fulfillops/internal/job/scheduler.go:169.81,172.2 2 0
github.com/fulfillops/fulfillops/internal/job/stats_job.go:19.110,21.2 1 0
github.com/fulfillops/fulfillops/internal/job/stats_job.go:23.58,36.29 3 0
github.com/fulfillops/fulfillops/internal/job/stats_job.go:36.29,38.17 2 0
github.com/fulfillops/fulfillops/internal/job/stats_job.go:38.17,39.12 1 0
github.com/fulfillops/fulfillops/internal/job/stats_job.go:41.3,41.16 1 0
github.com/fulfillops/fulfillops/internal/job/stats_job.go:41.16,43.4 1 0
github.com/fulfillops/fulfillops/internal/job/stats_job.go:44.3,44.17 1 0
github.com/fulfillops/fulfillops/internal/job/stats_job.go:47.2,49.26 3 0
github.com/fulfillops/fulfillops/internal/job/stats_job.go:49.26,50.43 1 0
github.com/fulfillops/fulfillops/internal/job/stats_job.go:50.43,52.4 1 0
github.com/fulfillops/fulfillops/internal/job/stats_job.go:54.2,54.20 1 0
github.com/fulfillops/fulfillops/internal/job/stats_job.go:54.20,56.3 1 0
github.com/fulfillops/fulfillops/internal/job/stats_job.go:58.2,58.19 1 0
github.com/fulfillops/fulfillops/internal/config/config.go:22.30,24.39 2 0
github.com/fulfillops/fulfillops/internal/config/config.go:24.39,26.3 1 0
github.com/fulfillops/fulfillops/internal/config/config.go:27.2,27.17 1 0
github.com/fulfillops/fulfillops/internal/config/config.go:30.35,31.31 1 0
github.com/fulfillops/fulfillops/internal/config/config.go:31.31,33.3 1 0
github.com/fulfillops/fulfillops/internal/config/config.go:34.2,34.55 1 0
github.com/fulfillops/fulfillops/internal/config/config.go:34.55,36.3 1 0
github.com/fulfillops/fulfillops/internal/config/config.go:37.2,37.55 1 0
github.com/fulfillops/fulfillops/internal/config/config.go:37.55,39.3 1 0
github.com/fulfillops/fulfillops/internal/config/config.go:40.2,40.12 1 0
github.com/fulfillops/fulfillops/internal/job/backup_job.go:15.63,17.2 1 1
github.com/fulfillops/fulfillops/internal/job/backup_job.go:19.59,20.24 1 1
github.com/fulfillops/fulfillops/internal/job/backup_job.go:20.24,22.3 1 0
github.com/fulfillops/fulfillops/internal/job/backup_job.go:23.2,23.54 1 1
github.com/fulfillops/fulfillops/internal/job/backup_job.go:23.54,25.3 1 0
github.com/fulfillops/fulfillops/internal/job/backup_job.go:26.2,26.15 1 1
github.com/fulfillops/fulfillops/internal/job/cleanup_job.go:19.71,21.2 1 0
github.com/fulfillops/fulfillops/internal/job/cleanup_job.go:23.60,28.31 4 0
github.com/fulfillops/fulfillops/internal/job/cleanup_job.go:28.31,33.17 2 0
github.com/fulfillops/fulfillops/internal/job/cleanup_job.go:33.17,35.4 1 0
github.com/fulfillops/fulfillops/internal/job/cleanup_job.go:36.3,36.35 1 0
github.com/fulfillops/fulfillops/internal/job/cleanup_job.go:38.2,38.19 1 0
github.com/fulfillops/fulfillops/internal/job/export_cleanup_job.go:19.90,21.2 1 1
github.com/fulfillops/fulfillops/internal/job/export_cleanup_job.go:23.66,25.16 2 1
github.com/fulfillops/fulfillops/internal/job/export_cleanup_job.go:25.16,27.3 1 0
github.com/fulfillops/fulfillops/internal/job/export_cleanup_job.go:29.2,30.28 2 1
github.com/fulfillops/fulfillops/internal/job/export_cleanup_job.go:30.28,32.45 1 1
github.com/fulfillops/fulfillops/internal/job/export_cleanup_job.go:32.45,33.90 1 1
github.com/fulfillops/fulfillops/internal/job/export_cleanup_job.go:33.90,35.5 1 0
github.com/fulfillops/fulfillops/internal/job/export_cleanup_job.go:39.3,39.56 1 1
github.com/fulfillops/fulfillops/internal/job/export_cleanup_job.go:39.56,41.12 2 0
github.com/fulfillops/fulfillops/internal/job/export_cleanup_job.go:43.3,43.12 1 1
github.com/fulfillops/fulfillops/internal/job/export_cleanup_job.go:45.2,45.21 1 1
github.com/fulfillops/fulfillops/internal/job/notify_job.go:16.86,18.2 1 1
github.com/fulfillops/fulfillops/internal/job/notify_job.go:20.59,22.16 2 1
github.com/fulfillops/fulfillops/internal/job/notify_job.go:22.16,24.3 1 0
github.com/fulfillops/fulfillops/internal/job/notify_job.go:25.2,25.15 1 1
github.com/fulfillops/fulfillops/internal/job/overdue_job.go:25.15,31.2 1 1
github.com/fulfillops/fulfillops/internal/job/overdue_job.go:33.60,35.16 2 1
github.com/fulfillops/fulfillops/internal/job/overdue_job.go:35.16,37.3 1 0
github.com/fulfillops/fulfillops/internal/job/overdue_job.go:39.2,40.31 2 1
github.com/fulfillops/fulfillops/internal/job/overdue_job.go:40.31,41.23 1 1
github.com/fulfillops/fulfillops/internal/job/overdue_job.go:41.23,42.12 1 0
github.com/fulfillops/fulfillops/internal/job/overdue_job.go:45.3,46.17 2 1
github.com/fulfillops/fulfillops/internal/job/overdue_job.go:46.17,48.12 2 0
github.com/fulfillops/fulfillops/internal/job/overdue_job.go:50.3,50.36 1 1
github.com/fulfillops/fulfillops/internal/job/overdue_job.go:50.36,51.12 1 0
github.com/fulfillops/fulfillops/internal/job/overdue_job.go:55.3,56.35 2 1
github.com/fulfillops/fulfillops/internal/job/overdue_job.go:56.35,58.4 1 1
github.com/fulfillops/fulfillops/internal/job/overdue_job.go:61.3,62.17 2 1
github.com/fulfillops/fulfillops/internal/job/overdue_job.go:62.17,64.12 2 0
github.com/fulfillops/fulfillops/internal/job/overdue_job.go:66.3,66.13 1 1
github.com/fulfillops/fulfillops/internal/job/overdue_job.go:66.13,67.12 1 1
github.com/fulfillops/fulfillops/internal/job/overdue_job.go:70.3,75.60 2 1
github.com/fulfillops/fulfillops/internal/job/overdue_job.go:75.60,77.12 2 0
github.com/fulfillops/fulfillops/internal/job/overdue_job.go:79.3,79.12 1 1
github.com/fulfillops/fulfillops/internal/job/overdue_job.go:81.2,81.21 1 1
github.com/fulfillops/fulfillops/internal/job/report_job.go:21.127,23.2 1 1
github.com/fulfillops/fulfillops/internal/job/report_job.go:25.68,26.47 1 1
github.com/fulfillops/fulfillops/internal/job/report_job.go:26.47,28.3 1 0
github.com/fulfillops/fulfillops/internal/job/report_job.go:31.2,38.28 6 1
github.com/fulfillops/fulfillops/internal/job/report_job.go:38.28,45.17 3 1
github.com/fulfillops/fulfillops/internal/job/report_job.go:45.17,47.4 1 0
github.com/fulfillops/fulfillops/internal/job/report_job.go:48.3,48.69 1 1
github.com/fulfillops/fulfillops/internal/job/report_job.go:48.69,50.4 1 0
github.com/fulfillops/fulfillops/internal/job/report_job.go:51.3,51.14 1 1
github.com/fulfillops/fulfillops/internal/job/report_job.go:53.2,53.23 1 1
github.com/fulfillops/fulfillops/internal/job/scheduler.go:37.70,39.2 1 1
github.com/fulfillops/fulfillops/internal/job/scheduler.go:42.79,46.2 3 1
github.com/fulfillops/fulfillops/internal/job/scheduler.go:49.78,53.2 3 0
github.com/fulfillops/fulfillops/internal/job/scheduler.go:56.48,65.25 7 0
github.com/fulfillops/fulfillops/internal/job/scheduler.go:65.25,68.13 3 0
github.com/fulfillops/fulfillops/internal/job/scheduler.go:68.13,71.4 2 0
github.com/fulfillops/fulfillops/internal/job/scheduler.go:73.2,73.53 1 0
github.com/fulfillops/fulfillops/internal/job/scheduler.go:77.28,78.21 1 0
github.com/fulfillops/fulfillops/internal/job/scheduler.go:78.21,80.3 1 0
github.com/fulfillops/fulfillops/internal/job/scheduler.go:81.2,82.35 2 0
github.com/fulfillops/fulfillops/internal/job/scheduler.go:85.62,86.13 1 0
github.com/fulfillops/fulfillops/internal/job/scheduler.go:86.13,89.3 2 0
github.com/fulfillops/fulfillops/internal/job/scheduler.go:90.2,92.6 3 0
github.com/fulfillops/fulfillops/internal/job/scheduler.go:92.6,93.10 1 0
github.com/fulfillops/fulfillops/internal/job/scheduler.go:94.21,95.10 1 0
github.com/fulfillops/fulfillops/internal/job/scheduler.go:96.19,97.21 1 0
github.com/fulfillops/fulfillops/internal/job/scheduler.go:102.67,103.6 1 0
github.com/fulfillops/fulfillops/internal/job/scheduler.go:103.6,106.23 3 0
github.com/fulfillops/fulfillops/internal/job/scheduler.go:106.23,108.4 1 0
github.com/fulfillops/fulfillops/internal/job/scheduler.go:109.3,109.10 1 0
github.com/fulfillops/fulfillops/internal/job/scheduler.go:110.21,111.10 1 0
github.com/fulfillops/fulfillops/internal/job/scheduler.go:112.36,113.21 1 0
github.com/fulfillops/fulfillops/internal/job/scheduler.go:118.62,125.16 3 1
github.com/fulfillops/fulfillops/internal/job/scheduler.go:125.16,127.3 1 0
github.com/fulfillops/fulfillops/internal/job/scheduler.go:129.2,133.19 4 1
github.com/fulfillops/fulfillops/internal/job/scheduler.go:133.19,138.3 4 1
github.com/fulfillops/fulfillops/internal/job/scheduler.go:138.8,140.3 1 1
github.com/fulfillops/fulfillops/internal/job/scheduler.go:142.2,142.20 1 1
github.com/fulfillops/fulfillops/internal/job/scheduler.go:142.20,143.101 1 1
github.com/fulfillops/fulfillops/internal/job/scheduler.go:143.101,145.4 1 0
github.com/fulfillops/fulfillops/internal/job/scheduler.go:150.69,153.24 3 1
github.com/fulfillops/fulfillops/internal/job/scheduler.go:153.24,154.29 1 1
github.com/fulfillops/fulfillops/internal/job/scheduler.go:154.29,156.9 2 1
github.com/fulfillops/fulfillops/internal/job/scheduler.go:159.2,161.18 2 1
github.com/fulfillops/fulfillops/internal/job/scheduler.go:161.18,163.3 1 1
github.com/fulfillops/fulfillops/internal/job/scheduler.go:164.2,165.12 2 1
github.com/fulfillops/fulfillops/internal/job/scheduler.go:169.81,172.2 2 1
github.com/fulfillops/fulfillops/internal/job/stats_job.go:19.110,21.2 1 1
github.com/fulfillops/fulfillops/internal/job/stats_job.go:23.58,36.29 3 1
github.com/fulfillops/fulfillops/internal/job/stats_job.go:36.29,38.17 2 1
github.com/fulfillops/fulfillops/internal/job/stats_job.go:38.17,39.12 1 0
github.com/fulfillops/fulfillops/internal/job/stats_job.go:41.3,41.16 1 1
github.com/fulfillops/fulfillops/internal/job/stats_job.go:41.16,43.4 1 1
github.com/fulfillops/fulfillops/internal/job/stats_job.go:44.3,44.17 1 1
github.com/fulfillops/fulfillops/internal/job/stats_job.go:47.2,49.26 3 1
github.com/fulfillops/fulfillops/internal/job/stats_job.go:49.26,50.43 1 1
github.com/fulfillops/fulfillops/internal/job/stats_job.go:50.43,52.4 1 1
github.com/fulfillops/fulfillops/internal/job/stats_job.go:54.2,54.20 1 1
github.com/fulfillops/fulfillops/internal/job/stats_job.go:54.20,56.3 1 1
github.com/fulfillops/fulfillops/internal/job/stats_job.go:58.2,58.19 1 1
github.com/fulfillops/fulfillops/internal/config/config.go:22.30,24.39 2 0
github.com/fulfillops/fulfillops/internal/config/config.go:24.39,26.3 1 0
github.com/fulfillops/fulfillops/internal/config/config.go:27.2,27.17 1 0
github.com/fulfillops/fulfillops/internal/config/config.go:30.35,31.31 1 0
github.com/fulfillops/fulfillops/internal/config/config.go:31.31,33.3 1 0
github.com/fulfillops/fulfillops/internal/config/config.go:34.2,34.55 1 0
github.com/fulfillops/fulfillops/internal/config/config.go:34.55,36.3 1 0
github.com/fulfillops/fulfillops/internal/config/config.go:37.2,37.55 1 0
github.com/fulfillops/fulfillops/internal/config/config.go:37.55,39.3 1 0
github.com/fulfillops/fulfillops/internal/config/config.go:40.2,40.12 1 0
github.com/fulfillops/fulfillops/internal/job/backup_job.go:15.63,17.2 1 0
github.com/fulfillops/fulfillops/internal/job/backup_job.go:19.59,20.24 1 0
github.com/fulfillops/fulfillops/internal/job/backup_job.go:20.24,22.3 1 0
github.com/fulfillops/fulfillops/internal/job/backup_job.go:23.2,23.54 1 0
github.com/fulfillops/fulfillops/internal/job/backup_job.go:23.54,25.3 1 0
github.com/fulfillops/fulfillops/internal/job/backup_job.go:26.2,26.15 1 0
github.com/fulfillops/fulfillops/internal/job/cleanup_job.go:19.71,21.2 1 0
github.com/fulfillops/fulfillops/internal/job/cleanup_job.go:23.60,28.31 4 0
github.com/fulfillops/fulfillops/internal/job/cleanup_job.go:28.31,33.17 2 0
github.com/fulfillops/fulfillops/internal/job/cleanup_job.go:33.17,35.4 1 0
github.com/fulfillops/fulfillops/internal/job/cleanup_job.go:36.3,36.35 1 0
github.com/fulfillops/fulfillops/internal/job/cleanup_job.go:38.2,38.19 1 0
github.com/fulfillops/fulfillops/internal/job/export_cleanup_job.go:19.90,21.2 1 0
github.com/fulfillops/fulfillops/internal/job/export_cleanup_job.go:23.66,25.16 2 0
github.com/fulfillops/fulfillops/internal/job/export_cleanup_job.go:25.16,27.3 1 0
github.com/fulfillops/fulfillops/internal/job/export_cleanup_job.go:29.2,30.28 2 0
github.com/fulfillops/fulfillops/internal/job/export_cleanup_job.go:30.28,32.45 1 0
github.com/fulfillops/fulfillops/internal/job/export_cleanup_job.go:32.45,33.90 1 0
github.com/fulfillops/fulfillops/internal/job/export_cleanup_job.go:33.90,35.5 1 0
github.com/fulfillops/fulfillops/internal/job/export_cleanup_job.go:39.3,39.56 1 0
github.com/fulfillops/fulfillops/internal/job/export_cleanup_job.go:39.56,41.12 2 0
github.com/fulfillops/fulfillops/internal/job/export_cleanup_job.go:43.3,43.12 1 0
github.com/fulfillops/fulfillops/internal/job/export_cleanup_job.go:45.2,45.21 1 0
github.com/fulfillops/fulfillops/internal/job/notify_job.go:16.86,18.2 1 0
github.com/fulfillops/fulfillops/internal/job/notify_job.go:20.59,22.16 2 0
github.com/fulfillops/fulfillops/internal/job/notify_job.go:22.16,24.3 1 0
github.com/fulfillops/fulfillops/internal/job/notify_job.go:25.2,25.15 1 0
github.com/fulfillops/fulfillops/internal/job/overdue_job.go:25.15,31.2 1 0
github.com/fulfillops/fulfillops/internal/job/overdue_job.go:33.60,35.16 2 0
github.com/fulfillops/fulfillops/internal/job/overdue_job.go:35.16,37.3 1 0
github.com/fulfillops/fulfillops/internal/job/overdue_job.go:39.2,40.31 2 0
github.com/fulfillops/fulfillops/internal/job/overdue_job.go:40.31,41.23 1 0
github.com/fulfillops/fulfillops/internal/job/overdue_job.go:41.23,42.12 1 0
github.com/fulfillops/fulfillops/internal/job/overdue_job.go:45.3,46.17 2 0
github.com/fulfillops/fulfillops/internal/job/overdue_job.go:46.17,48.12 2 0
github.com/fulfillops/fulfillops/internal/job/overdue_job.go:50.3,50.36 1 0
github.com/fulfillops/fulfillops/internal/job/overdue_job.go:50.36,51.12 1 0
github.com/fulfillops/fulfillops/internal/job/overdue_job.go:55.3,56.35 2 0
github.com/fulfillops/fulfillops/internal/job/overdue_job.go:56.35,58.4 1 0
github.com/fulfillops/fulfillops/internal/job/overdue_job.go:61.3,62.17 2 0
github.com/fulfillops/fulfillops/internal/job/overdue_job.go:62.17,64.12 2 0
github.com/fulfillops/fulfillops/internal/job/overdue_job.go:66.3,66.13 1 0
github.com/fulfillops/fulfillops/internal/job/overdue_job.go:66.13,67.12 1 0
github.com/fulfillops/fulfillops/internal/job/overdue_job.go:70.3,75.60 2 0
github.com/fulfillops/fulfillops/internal/job/overdue_job.go:75.60,77.12 2 0
github.com/fulfillops/fulfillops/internal/job/overdue_job.go:79.3,79.12 1 0
github.com/fulfillops/fulfillops/internal/job/overdue_job.go:81.2,81.21 1 0
github.com/fulfillops/fulfillops/internal/job/report_job.go:21.127,23.2 1 0
github.com/fulfillops/fulfillops/internal/job/report_job.go:25.68,26.47 1 0
github.com/fulfillops/fulfillops/internal/job/report_job.go:26.47,28.3 1 0
github.com/fulfillops/fulfillops/internal/job/report_job.go:31.2,38.28 6 0
github.com/fulfillops/fulfillops/internal/job/report_job.go:38.28,45.17 3 0
github.com/fulfillops/fulfillops/internal/job/report_job.go:45.17,47.4 1 0
github.com/fulfillops/fulfillops/internal/job/report_job.go:48.3,48.69 1 0
github.com/fulfillops/fulfillops/internal/job/report_job.go:48.69,50.4 1 0
github.com/fulfillops/fulfillops/internal/job/report_job.go:51.3,51.14 1 0
github.com/fulfillops/fulfillops/internal/job/report_job.go:53.2,53.23 1 0
github.com/fulfillops/fulfillops/internal/job/scheduler.go:37.70,39.2 1 0
github.com/fulfillops/fulfillops/internal/job/scheduler.go:42.79,46.2 3 0
github.com/fulfillops/fulfillops/internal/job/scheduler.go:49.78,53.2 3 0
github.com/fulfillops/fulfillops/internal/job/scheduler.go:56.48,65.25 7 0
github.com/fulfillops/fulfillops/internal/job/scheduler.go:65.25,68.13 3 0
github.com/fulfillops/fulfillops/internal/job/scheduler.go:68.13,71.4 2 0
github.com/fulfillops/fulfillops/internal/job/scheduler.go:73.2,73.53 1 0
github.com/fulfillops/fulfillops/internal/job/scheduler.go:77.28,78.21 1 0
github.com/fulfillops/fulfillops/internal/job/scheduler.go:78.21,80.3 1 0
github.com/fulfillops/fulfillops/internal/job/scheduler.go:81.2,82.35 2 0
github.com/fulfillops/fulfillops/internal/job/scheduler.go:85.62,86.13 1 0
github.com/fulfillops/fulfillops/internal/job/scheduler.go:86.13,89.3 2 0
github.com/fulfillops/fulfillops/internal/job/scheduler.go:90.2,92.6 3 0
github.com/fulfillops/fulfillops/internal/job/scheduler.go:92.6,93.10 1 0
github.com/fulfillops/fulfillops/internal/job/scheduler.go:94.21,95.10 1 0
github.com/fulfillops/fulfillops/internal/job/scheduler.go:96.19,97.21 1 0
github.com/fulfillops/fulfillops/internal/job/scheduler.go:102.67,103.6 1 0
github.com/fulfillops/fulfillops/internal/job/scheduler.go:103.6,106.23 3 0
github.com/fulfillops/fulfillops/internal/job/scheduler.go:106.23,108.4 1 0
github.com/fulfillops/fulfillops/internal/job/scheduler.go:109.3,109.10 1 0
github.com/fulfillops/fulfillops/internal/job/scheduler.go:110.21,111.10 1 0
github.com/fulfillops/fulfillops/internal/job/scheduler.go:112.36,113.21 1 0
github.com/fulfillops/fulfillops/internal/job/scheduler.go:118.62,125.16 3 0
github.com/fulfillops/fulfillops/internal/job/scheduler.go:125.16,127.3 1 0
github.com/fulfillops/fulfillops/internal/job/scheduler.go:129.2,133.19 4 0
github.com/fulfillops/fulfillops/internal/job/scheduler.go:133.19,138.3 4 0
github.com/fulfillops/fulfillops/internal/job/scheduler.go:138.8,140.3 1 0
github.com/fulfillops/fulfillops/internal/job/scheduler.go:142.2,142.20 1 0
github.com/fulfillops/fulfillops/internal/job/scheduler.go:142.20,143.101 1 0
github.com/fulfillops/fulfillops/internal/job/scheduler.go:143.101,145.4 1 0
github.com/fulfillops/fulfillops/internal/job/scheduler.go:150.69,153.24 3 0
github.com/fulfillops/fulfillops/internal/job/scheduler.go:153.24,154.29 1 0
github.com/fulfillops/fulfillops/internal/job/scheduler.go:154.29,156.9 2 0
github.com/fulfillops/fulfillops/internal/job/scheduler.go:159.2,161.18 2 0
github.com/fulfillops/fulfillops/internal/job/scheduler.go:161.18,163.3 1 0
github.com/fulfillops/fulfillops/internal/job/scheduler.go:164.2,165.12 2 0
github.com/fulfillops/fulfillops/internal/job/scheduler.go:169.81,172.2 2 0
github.com/fulfillops/fulfillops/internal/job/stats_job.go:19.110,21.2 1 0
github.com/fulfillops/fulfillops/internal/job/stats_job.go:23.58,36.29 3 0
github.com/fulfillops/fulfillops/internal/job/stats_job.go:36.29,38.17 2 0
github.com/fulfillops/fulfillops/internal/job/stats_job.go:38.17,39.12 1 0
github.com/fulfillops/fulfillops/internal/job/stats_job.go:41.3,41.16 1 0
github.com/fulfillops/fulfillops/internal/job/stats_job.go:41.16,43.4 1 0
github.com/fulfillops/fulfillops/internal/job/stats_job.go:44.3,44.17 1 0
github.com/fulfillops/fulfillops/internal/job/stats_job.go:47.2,49.26 3 0
github.com/fulfillops/fulfillops/internal/job/stats_job.go:49.26,50.43 1 0
github.com/fulfillops/fulfillops/internal/job/stats_job.go:50.43,52.4 1 0
github.com/fulfillops/fulfillops/internal/job/stats_job.go:54.2,54.20 1 0
github.com/fulfillops/fulfillops/internal/job/stats_job.go:54.20,56.3 1 0
github.com/fulfillops/fulfillops/internal/job/stats_job.go:58.2,58.19 1 0
