mode: set
github.com/fulfillops/fulfillops/internal/repository/audit.go:31.61,33.2 1 0
github.com/fulfillops/fulfillops/internal/repository/audit.go:35.77,46.2 4 0
github.com/fulfillops/fulfillops/internal/repository/audit.go:48.122,54.23 5 0
github.com/fulfillops/fulfillops/internal/repository/audit.go:54.23,58.3 3 0
github.com/fulfillops/fulfillops/internal/repository/audit.go:59.2,59.23 1 0
github.com/fulfillops/fulfillops/internal/repository/audit.go:59.23,63.3 3 0
github.com/fulfillops/fulfillops/internal/repository/audit.go:64.2,64.23 1 0
github.com/fulfillops/fulfillops/internal/repository/audit.go:64.23,68.3 3 0
github.com/fulfillops/fulfillops/internal/repository/audit.go:69.2,69.26 1 0
github.com/fulfillops/fulfillops/internal/repository/audit.go:69.26,73.3 3 0
github.com/fulfillops/fulfillops/internal/repository/audit.go:74.2,74.23 1 0
github.com/fulfillops/fulfillops/internal/repository/audit.go:74.23,78.3 3 0
github.com/fulfillops/fulfillops/internal/repository/audit.go:79.2,79.21 1 0
github.com/fulfillops/fulfillops/internal/repository/audit.go:79.21,83.3 3 0
github.com/fulfillops/fulfillops/internal/repository/audit.go:85.2,88.114 4 0
github.com/fulfillops/fulfillops/internal/repository/audit.go:88.114,90.3 1 0
github.com/fulfillops/fulfillops/internal/repository/audit.go:92.2,98.16 3 0
github.com/fulfillops/fulfillops/internal/repository/audit.go:98.16,100.3 1 0
github.com/fulfillops/fulfillops/internal/repository/audit.go:101.2,102.26 2 0
github.com/fulfillops/fulfillops/internal/repository/blackout_date.go:23.75,25.2 1 0
github.com/fulfillops/fulfillops/internal/repository/blackout_date.go:27.87,30.16 2 0
github.com/fulfillops/fulfillops/internal/repository/blackout_date.go:30.16,32.3 1 0
github.com/fulfillops/fulfillops/internal/repository/blackout_date.go:33.2,33.74 1 0
github.com/fulfillops/fulfillops/internal/repository/blackout_date.go:36.112,44.2 4 0
github.com/fulfillops/fulfillops/internal/repository/blackout_date.go:46.78,49.2 2 0
github.com/fulfillops/fulfillops/internal/repository/blackout_date.go:51.115,55.16 2 0
github.com/fulfillops/fulfillops/internal/repository/blackout_date.go:55.16,57.3 1 0
github.com/fulfillops/fulfillops/internal/repository/blackout_date.go:58.2,58.74 1 0
github.com/fulfillops/fulfillops/internal/repository/connection.go:12.76,14.16 2 0
github.com/fulfillops/fulfillops/internal/repository/connection.go:14.16,16.3 1 0
github.com/fulfillops/fulfillops/internal/repository/connection.go:18.2,25.16 7 0
github.com/fulfillops/fulfillops/internal/repository/connection.go:25.16,27.3 1 0
github.com/fulfillops/fulfillops/internal/repository/connection.go:29.2,29.39 1 0
github.com/fulfillops/fulfillops/internal/repository/connection.go:29.39,32.3 2 0
github.com/fulfillops/fulfillops/internal/repository/connection.go:34.2,34.18 1 0
github.com/fulfillops/fulfillops/internal/repository/customer.go:27.67,29.2 1 1
github.com/fulfillops/fulfillops/internal/repository/customer.go:31.140,35.21 3 1
github.com/fulfillops/fulfillops/internal/repository/customer.go:35.21,37.3 1 1
github.com/fulfillops/fulfillops/internal/repository/customer.go:39.2,41.78 2 1
github.com/fulfillops/fulfillops/internal/repository/customer.go:41.78,43.3 1 0
github.com/fulfillops/fulfillops/internal/repository/customer.go:45.2,51.16 2 1
github.com/fulfillops/fulfillops/internal/repository/customer.go:51.16,53.3 1 0
github.com/fulfillops/fulfillops/internal/repository/customer.go:54.2,55.30 2 1
github.com/fulfillops/fulfillops/internal/repository/customer.go:58.95,63.16 2 0
github.com/fulfillops/fulfillops/internal/repository/customer.go:63.16,65.3 1 0
github.com/fulfillops/fulfillops/internal/repository/customer.go:66.2,67.35 2 0
github.com/fulfillops/fulfillops/internal/repository/customer.go:67.35,69.3 1 0
github.com/fulfillops/fulfillops/internal/repository/customer.go:70.2,70.16 1 0
github.com/fulfillops/fulfillops/internal/repository/customer.go:73.100,85.16 6 1
github.com/fulfillops/fulfillops/internal/repository/customer.go:85.16,87.3 1 0
github.com/fulfillops/fulfillops/internal/repository/customer.go:88.2,88.15 1 1
github.com/fulfillops/fulfillops/internal/repository/customer.go:91.100,100.16 3 0
github.com/fulfillops/fulfillops/internal/repository/customer.go:100.16,102.3 1 0
github.com/fulfillops/fulfillops/internal/repository/customer.go:103.2,103.29 1 0
github.com/fulfillops/fulfillops/internal/repository/customer.go:103.29,105.3 1 0
github.com/fulfillops/fulfillops/internal/repository/customer.go:106.2,106.29 1 0
github.com/fulfillops/fulfillops/internal/repository/customer.go:109.99,113.16 2 1
github.com/fulfillops/fulfillops/internal/repository/customer.go:113.16,115.3 1 0
github.com/fulfillops/fulfillops/internal/repository/customer.go:116.2,116.29 1 1
github.com/fulfillops/fulfillops/internal/repository/customer.go:116.29,118.3 1 0
github.com/fulfillops/fulfillops/internal/repository/customer.go:119.2,119.12 1 1
github.com/fulfillops/fulfillops/internal/repository/customer.go:122.75,126.16 2 0
github.com/fulfillops/fulfillops/internal/repository/customer.go:126.16,128.3 1 0
github.com/fulfillops/fulfillops/internal/repository/customer.go:129.2,129.29 1 0
github.com/fulfillops/fulfillops/internal/repository/customer.go:129.29,131.3 1 0
github.com/fulfillops/fulfillops/internal/repository/customer.go:132.2,132.12 1 0
github.com/fulfillops/fulfillops/internal/repository/exception.go:34.69,36.2 1 0
github.com/fulfillops/fulfillops/internal/repository/exception.go:38.112,43.20 4 0
github.com/fulfillops/fulfillops/internal/repository/exception.go:43.20,47.3 3 0
github.com/fulfillops/fulfillops/internal/repository/exception.go:48.2,48.18 1 0
github.com/fulfillops/fulfillops/internal/repository/exception.go:48.18,52.3 3 0
github.com/fulfillops/fulfillops/internal/repository/exception.go:53.2,53.28 1 0
github.com/fulfillops/fulfillops/internal/repository/exception.go:53.28,57.3 3 0
github.com/fulfillops/fulfillops/internal/repository/exception.go:58.2,58.25 1 0
github.com/fulfillops/fulfillops/internal/repository/exception.go:58.25,62.3 3 0
github.com/fulfillops/fulfillops/internal/repository/exception.go:63.2,63.23 1 0
github.com/fulfillops/fulfillops/internal/repository/exception.go:63.23,67.3 3 0
github.com/fulfillops/fulfillops/internal/repository/exception.go:68.2,73.16 3 0
github.com/fulfillops/fulfillops/internal/repository/exception.go:73.16,75.3 1 0
github.com/fulfillops/fulfillops/internal/repository/exception.go:76.2,76.82 1 0
github.com/fulfillops/fulfillops/internal/repository/exception.go:79.108,83.16 2 0
github.com/fulfillops/fulfillops/internal/repository/exception.go:83.16,85.3 1 0
github.com/fulfillops/fulfillops/internal/repository/exception.go:86.2,87.35 2 0
github.com/fulfillops/fulfillops/internal/repository/exception.go:87.35,89.3 1 0
github.com/fulfillops/fulfillops/internal/repository/exception.go:90.2,90.16 1 0
github.com/fulfillops/fulfillops/internal/repository/exception.go:93.125,97.20 4 0
github.com/fulfillops/fulfillops/internal/repository/exception.go:97.20,99.3 1 0
github.com/fulfillops/fulfillops/internal/repository/exception.go:101.2,107.16 2 0
github.com/fulfillops/fulfillops/internal/repository/exception.go:107.16,109.3 1 0
github.com/fulfillops/fulfillops/internal/repository/exception.go:110.2,110.15 1 0
github.com/fulfillops/fulfillops/internal/repository/exception.go:113.149,120.2 2 0
github.com/fulfillops/fulfillops/internal/repository/exception.go:122.141,129.2 3 0
github.com/fulfillops/fulfillops/internal/repository/exception_event.go:22.79,24.2 1 0
github.com/fulfillops/fulfillops/internal/repository/exception_event.go:26.92,35.2 4 0
github.com/fulfillops/fulfillops/internal/repository/exception_event.go:37.127,41.16 2 0
github.com/fulfillops/fulfillops/internal/repository/exception_event.go:41.16,43.3 1 0
github.com/fulfillops/fulfillops/internal/repository/exception_event.go:44.2,44.76 1 0
github.com/fulfillops/fulfillops/internal/repository/fulfillment.go:39.73,41.2 1 1
github.com/fulfillops/fulfillops/internal/repository/fulfillment.go:48.143,54.26 5 0
github.com/fulfillops/fulfillops/internal/repository/fulfillment.go:54.26,58.3 3 0
github.com/fulfillops/fulfillops/internal/repository/fulfillment.go:59.2,59.27 1 0
github.com/fulfillops/fulfillops/internal/repository/fulfillment.go:59.27,63.3 3 0
github.com/fulfillops/fulfillops/internal/repository/fulfillment.go:64.2,64.31 1 0
github.com/fulfillops/fulfillops/internal/repository/fulfillment.go:64.31,68.3 3 0
github.com/fulfillops/fulfillops/internal/repository/fulfillment.go:69.2,69.24 1 0
github.com/fulfillops/fulfillops/internal/repository/fulfillment.go:69.24,73.3 3 0
github.com/fulfillops/fulfillops/internal/repository/fulfillment.go:74.2,74.29 1 0
github.com/fulfillops/fulfillops/internal/repository/fulfillment.go:74.29,78.3 3 0
github.com/fulfillops/fulfillops/internal/repository/fulfillment.go:79.2,79.27 1 0
github.com/fulfillops/fulfillops/internal/repository/fulfillment.go:79.27,83.3 3 0
github.com/fulfillops/fulfillops/internal/repository/fulfillment.go:85.2,88.116 4 0
github.com/fulfillops/fulfillops/internal/repository/fulfillment.go:88.116,90.3 1 0
github.com/fulfillops/fulfillops/internal/repository/fulfillment.go:92.2,97.16 3 0
github.com/fulfillops/fulfillops/internal/repository/fulfillment.go:97.16,99.3 1 0
github.com/fulfillops/fulfillops/internal/repository/fulfillment.go:100.2,101.26 2 0
github.com/fulfillops/fulfillops/internal/repository/fulfillment.go:104.101,106.2 1 0
github.com/fulfillops/fulfillops/internal/repository/fulfillment.go:108.121,110.2 1 0
github.com/fulfillops/fulfillops/internal/repository/fulfillment.go:112.120,130.16 6 1
github.com/fulfillops/fulfillops/internal/repository/fulfillment.go:130.16,132.3 1 0
github.com/fulfillops/fulfillops/internal/repository/fulfillment.go:133.2,133.15 1 1
github.com/fulfillops/fulfillops/internal/repository/fulfillment.go:136.120,149.16 3 1
github.com/fulfillops/fulfillops/internal/repository/fulfillment.go:149.16,151.3 1 0
github.com/fulfillops/fulfillops/internal/repository/fulfillment.go:152.2,152.29 1 1
github.com/fulfillops/fulfillops/internal/repository/fulfillment.go:152.29,154.3 1 1
github.com/fulfillops/fulfillops/internal/repository/fulfillment.go:155.2,156.15 2 1
github.com/fulfillops/fulfillops/internal/repository/fulfillment.go:159.144,166.2 3 1
github.com/fulfillops/fulfillops/internal/repository/fulfillment.go:168.102,172.16 2 0
github.com/fulfillops/fulfillops/internal/repository/fulfillment.go:172.16,174.3 1 0
github.com/fulfillops/fulfillops/internal/repository/fulfillment.go:175.2,175.29 1 0
github.com/fulfillops/fulfillops/internal/repository/fulfillment.go:175.29,177.3 1 0
github.com/fulfillops/fulfillops/internal/repository/fulfillment.go:178.2,178.12 1 0
github.com/fulfillops/fulfillops/internal/repository/fulfillment.go:181.78,185.16 2 0
github.com/fulfillops/fulfillops/internal/repository/fulfillment.go:185.16,187.3 1 0
github.com/fulfillops/fulfillops/internal/repository/fulfillment.go:188.2,188.29 1 0
github.com/fulfillops/fulfillops/internal/repository/fulfillment.go:188.29,190.3 1 0
github.com/fulfillops/fulfillops/internal/repository/fulfillment.go:191.2,191.12 1 0
github.com/fulfillops/fulfillops/internal/repository/fulfillment.go:194.92,201.16 2 0
github.com/fulfillops/fulfillops/internal/repository/fulfillment.go:201.16,203.3 1 0
github.com/fulfillops/fulfillops/internal/repository/fulfillment.go:204.2,204.73 1 0
github.com/fulfillops/fulfillops/internal/repository/fulfillment.go:207.111,209.15 2 0
github.com/fulfillops/fulfillops/internal/repository/fulfillment.go:209.15,211.3 1 0
github.com/fulfillops/fulfillops/internal/repository/fulfillment.go:212.2,213.16 2 0
github.com/fulfillops/fulfillops/internal/repository/fulfillment.go:213.16,215.3 1 0
github.com/fulfillops/fulfillops/internal/repository/fulfillment.go:216.2,217.35 2 0
github.com/fulfillops/fulfillops/internal/repository/fulfillment.go:217.35,219.3 1 0
github.com/fulfillops/fulfillops/internal/repository/fulfillment.go:220.2,220.16 1 0
github.com/fulfillops/fulfillops/internal/repository/job_run.go:30.63,32.2 1 0
github.com/fulfillops/fulfillops/internal/repository/job_run.go:34.110,45.2 6 0
github.com/fulfillops/fulfillops/internal/repository/job_run.go:47.128,53.2 3 0
github.com/fulfillops/fulfillops/internal/repository/job_run.go:55.129,61.21 5 0
github.com/fulfillops/fulfillops/internal/repository/job_run.go:61.21,65.3 3 0
github.com/fulfillops/fulfillops/internal/repository/job_run.go:66.2,66.20 1 0
github.com/fulfillops/fulfillops/internal/repository/job_run.go:66.20,70.3 3 0
github.com/fulfillops/fulfillops/internal/repository/job_run.go:71.2,71.26 1 0
github.com/fulfillops/fulfillops/internal/repository/job_run.go:71.26,75.3 3 0
github.com/fulfillops/fulfillops/internal/repository/job_run.go:76.2,76.24 1 0
github.com/fulfillops/fulfillops/internal/repository/job_run.go:76.24,80.3 3 0
github.com/fulfillops/fulfillops/internal/repository/job_run.go:82.2,85.119 4 0
github.com/fulfillops/fulfillops/internal/repository/job_run.go:85.119,87.3 1 0
github.com/fulfillops/fulfillops/internal/repository/job_run.go:89.2,95.16 3 0
github.com/fulfillops/fulfillops/internal/repository/job_run.go:95.16,97.3 1 0
github.com/fulfillops/fulfillops/internal/repository/job_run.go:98.2,99.26 2 0
github.com/fulfillops/fulfillops/internal/repository/message_template.go:27.81,29.2 1 0
github.com/fulfillops/fulfillops/internal/repository/message_template.go:31.169,35.15 4 0
github.com/fulfillops/fulfillops/internal/repository/message_template.go:35.15,39.3 3 0
github.com/fulfillops/fulfillops/internal/repository/message_template.go:40.2,40.14 1 0
github.com/fulfillops/fulfillops/internal/repository/message_template.go:40.14,44.3 3 0
github.com/fulfillops/fulfillops/internal/repository/message_template.go:45.2,45.21 1 0
github.com/fulfillops/fulfillops/internal/repository/message_template.go:45.21,47.3 1 0
github.com/fulfillops/fulfillops/internal/repository/message_template.go:48.2,53.16 3 0
github.com/fulfillops/fulfillops/internal/repository/message_template.go:53.16,55.3 1 0
github.com/fulfillops/fulfillops/internal/repository/message_template.go:56.2,56.77 1 0
github.com/fulfillops/fulfillops/internal/repository/message_template.go:59.109,63.16 2 0
github.com/fulfillops/fulfillops/internal/repository/message_template.go:63.16,65.3 1 0
github.com/fulfillops/fulfillops/internal/repository/message_template.go:66.2,67.35 2 0
github.com/fulfillops/fulfillops/internal/repository/message_template.go:67.35,69.3 1 0
github.com/fulfillops/fulfillops/internal/repository/message_template.go:70.2,70.16 1 0
github.com/fulfillops/fulfillops/internal/repository/message_template.go:73.121,83.2 5 0
github.com/fulfillops/fulfillops/internal/repository/message_template.go:85.121,91.16 3 0
github.com/fulfillops/fulfillops/internal/repository/message_template.go:91.16,93.3 1 0
github.com/fulfillops/fulfillops/internal/repository/message_template.go:94.2,94.29 1 0
github.com/fulfillops/fulfillops/internal/repository/message_template.go:94.29,96.3 1 0
github.com/fulfillops/fulfillops/internal/repository/message_template.go:97.2,97.29 1 0
github.com/fulfillops/fulfillops/internal/repository/message_template.go:100.106,103.43 2 0
github.com/fulfillops/fulfillops/internal/repository/message_template.go:103.43,105.3 1 0
github.com/fulfillops/fulfillops/internal/repository/message_template.go:106.2,106.12 1 0
github.com/fulfillops/fulfillops/internal/repository/message_template.go:109.82,113.16 2 0
github.com/fulfillops/fulfillops/internal/repository/message_template.go:113.16,115.3 1 0
github.com/fulfillops/fulfillops/internal/repository/message_template.go:116.2,116.29 1 0
github.com/fulfillops/fulfillops/internal/repository/message_template.go:116.29,118.3 1 0
github.com/fulfillops/fulfillops/internal/repository/message_template.go:119.2,119.12 1 0
github.com/fulfillops/fulfillops/internal/repository/notification.go:26.75,28.2 1 0
github.com/fulfillops/fulfillops/internal/repository/notification.go:30.112,33.22 3 0
github.com/fulfillops/fulfillops/internal/repository/notification.go:33.22,35.3 1 0
github.com/fulfillops/fulfillops/internal/repository/notification.go:37.2,41.15 2 0
github.com/fulfillops/fulfillops/internal/repository/notification.go:44.101,47.22 3 0
github.com/fulfillops/fulfillops/internal/repository/notification.go:47.22,49.3 1 0
github.com/fulfillops/fulfillops/internal/repository/notification.go:50.2,54.12 2 0
github.com/fulfillops/fulfillops/internal/repository/notification.go:57.157,62.19 4 0
github.com/fulfillops/fulfillops/internal/repository/notification.go:62.19,65.3 2 0
github.com/fulfillops/fulfillops/internal/repository/notification.go:67.2,68.112 2 0
github.com/fulfillops/fulfillops/internal/repository/notification.go:68.112,70.3 1 0
github.com/fulfillops/fulfillops/internal/repository/notification.go:72.2,79.16 4 0
github.com/fulfillops/fulfillops/internal/repository/notification.go:79.16,81.3 1 0
github.com/fulfillops/fulfillops/internal/repository/notification.go:82.2,83.26 2 0
github.com/fulfillops/fulfillops/internal/repository/notification.go:86.98,90.2 2 0
github.com/fulfillops/fulfillops/internal/repository/report_export.go:27.75,29.2 1 0
github.com/fulfillops/fulfillops/internal/repository/report_export.go:34.112,38.22 4 0
github.com/fulfillops/fulfillops/internal/repository/report_export.go:38.22,40.3 1 0
github.com/fulfillops/fulfillops/internal/repository/report_export.go:42.2,46.15 2 0
github.com/fulfillops/fulfillops/internal/repository/report_export.go:49.103,51.16 2 0
github.com/fulfillops/fulfillops/internal/repository/report_export.go:51.16,53.3 1 0
github.com/fulfillops/fulfillops/internal/repository/report_export.go:54.2,55.35 2 0
github.com/fulfillops/fulfillops/internal/repository/report_export.go:55.35,57.3 1 0
github.com/fulfillops/fulfillops/internal/repository/report_export.go:58.2,58.16 1 0
github.com/fulfillops/fulfillops/internal/repository/report_export.go:61.117,64.97 3 0
github.com/fulfillops/fulfillops/internal/repository/report_export.go:64.97,66.3 1 0
github.com/fulfillops/fulfillops/internal/repository/report_export.go:67.2,70.16 2 0
github.com/fulfillops/fulfillops/internal/repository/report_export.go:70.16,72.3 1 0
github.com/fulfillops/fulfillops/internal/repository/report_export.go:73.2,74.26 2 0
github.com/fulfillops/fulfillops/internal/repository/report_export.go:77.187,83.2 2 0
github.com/fulfillops/fulfillops/internal/repository/report_export.go:85.108,88.16 2 0
github.com/fulfillops/fulfillops/internal/repository/report_export.go:88.16,90.3 1 0
github.com/fulfillops/fulfillops/internal/repository/report_export.go:91.2,91.74 1 0
github.com/fulfillops/fulfillops/internal/repository/report_export.go:94.78,97.2 2 0
github.com/fulfillops/fulfillops/internal/repository/reservation.go:23.55,23.86 1 0
github.com/fulfillops/fulfillops/internal/repository/reservation.go:25.122,35.16 6 0
github.com/fulfillops/fulfillops/internal/repository/reservation.go:35.16,37.3 1 0
github.com/fulfillops/fulfillops/internal/repository/reservation.go:38.2,38.17 1 0
github.com/fulfillops/fulfillops/internal/repository/reservation.go:41.112,46.2 2 0
github.com/fulfillops/fulfillops/internal/repository/reservation.go:48.140,52.16 2 0
github.com/fulfillops/fulfillops/internal/repository/reservation.go:52.16,54.3 1 0
github.com/fulfillops/fulfillops/internal/repository/reservation.go:55.2,56.35 2 0
github.com/fulfillops/fulfillops/internal/repository/reservation.go:56.35,58.3 1 0
github.com/fulfillops/fulfillops/internal/repository/reservation.go:59.2,59.18 1 0
github.com/fulfillops/fulfillops/internal/repository/send_log.go:34.65,36.2 1 0
github.com/fulfillops/fulfillops/internal/repository/send_log.go:41.97,45.22 4 0
github.com/fulfillops/fulfillops/internal/repository/send_log.go:45.22,47.3 1 0
github.com/fulfillops/fulfillops/internal/repository/send_log.go:49.2,55.15 2 0
github.com/fulfillops/fulfillops/internal/repository/send_log.go:58.124,63.2 2 0
github.com/fulfillops/fulfillops/internal/repository/send_log.go:65.105,70.2 2 0
github.com/fulfillops/fulfillops/internal/repository/send_log.go:72.99,77.16 2 0
github.com/fulfillops/fulfillops/internal/repository/send_log.go:77.16,79.3 1 0
github.com/fulfillops/fulfillops/internal/repository/send_log.go:80.2,80.29 1 0
github.com/fulfillops/fulfillops/internal/repository/send_log.go:80.29,82.3 1 0
github.com/fulfillops/fulfillops/internal/repository/send_log.go:83.2,83.12 1 0
github.com/fulfillops/fulfillops/internal/repository/send_log.go:86.125,92.26 5 0
github.com/fulfillops/fulfillops/internal/repository/send_log.go:92.26,96.3 3 0
github.com/fulfillops/fulfillops/internal/repository/send_log.go:97.2,97.21 1 0
github.com/fulfillops/fulfillops/internal/repository/send_log.go:97.21,101.3 3 0
github.com/fulfillops/fulfillops/internal/repository/send_log.go:102.2,102.20 1 0
github.com/fulfillops/fulfillops/internal/repository/send_log.go:102.20,106.3 3 0
github.com/fulfillops/fulfillops/internal/repository/send_log.go:107.2,107.23 1 0
github.com/fulfillops/fulfillops/internal/repository/send_log.go:107.23,111.3 3 0
github.com/fulfillops/fulfillops/internal/repository/send_log.go:112.2,112.21 1 0
github.com/fulfillops/fulfillops/internal/repository/send_log.go:112.21,116.3 3 0
github.com/fulfillops/fulfillops/internal/repository/send_log.go:118.2,121.113 4 0
github.com/fulfillops/fulfillops/internal/repository/send_log.go:121.113,123.3 1 0
github.com/fulfillops/fulfillops/internal/repository/send_log.go:125.2,130.16 3 0
github.com/fulfillops/fulfillops/internal/repository/send_log.go:130.16,132.3 1 0
github.com/fulfillops/fulfillops/internal/repository/send_log.go:133.2,134.25 2 0
github.com/fulfillops/fulfillops/internal/repository/send_log.go:137.100,143.16 2 0
github.com/fulfillops/fulfillops/internal/repository/send_log.go:143.16,145.3 1 0
github.com/fulfillops/fulfillops/internal/repository/send_log.go:146.2,146.69 1 0
github.com/fulfillops/fulfillops/internal/repository/shipping_address.go:25.81,27.2 1 0
github.com/fulfillops/fulfillops/internal/repository/shipping_address.go:29.135,40.16 5 0
github.com/fulfillops/fulfillops/internal/repository/shipping_address.go:40.16,42.3 1 0
github.com/fulfillops/fulfillops/internal/repository/shipping_address.go:43.2,43.18 1 0
github.com/fulfillops/fulfillops/internal/repository/shipping_address.go:46.128,57.16 5 0
github.com/fulfillops/fulfillops/internal/repository/shipping_address.go:57.16,59.3 1 0
github.com/fulfillops/fulfillops/internal/repository/shipping_address.go:60.2,60.18 1 0
github.com/fulfillops/fulfillops/internal/repository/shipping_address.go:63.131,67.16 2 0
github.com/fulfillops/fulfillops/internal/repository/shipping_address.go:67.16,69.3 1 0
github.com/fulfillops/fulfillops/internal/repository/shipping_address.go:70.2,71.35 2 0
github.com/fulfillops/fulfillops/internal/repository/shipping_address.go:71.35,73.3 1 0
github.com/fulfillops/fulfillops/internal/repository/shipping_address.go:74.2,74.19 1 0
github.com/fulfillops/fulfillops/internal/repository/shipping_address.go:77.108,85.2 3 0
github.com/fulfillops/fulfillops/internal/repository/system_setting.go:24.77,26.2 1 0
github.com/fulfillops/fulfillops/internal/repository/system_setting.go:28.99,31.16 2 0
github.com/fulfillops/fulfillops/internal/repository/system_setting.go:31.16,33.3 1 0
github.com/fulfillops/fulfillops/internal/repository/system_setting.go:34.2,35.35 2 0
github.com/fulfillops/fulfillops/internal/repository/system_setting.go:35.35,37.3 1 0
github.com/fulfillops/fulfillops/internal/repository/system_setting.go:38.2,38.16 1 0
github.com/fulfillops/fulfillops/internal/repository/system_setting.go:41.110,48.2 2 0
github.com/fulfillops/fulfillops/internal/repository/system_setting.go:50.91,52.16 2 0
github.com/fulfillops/fulfillops/internal/repository/system_setting.go:52.16,54.3 1 0
github.com/fulfillops/fulfillops/internal/repository/system_setting.go:55.2,55.75 1 0
github.com/fulfillops/fulfillops/internal/repository/tier.go:30.59,32.2 1 1
github.com/fulfillops/fulfillops/internal/repository/tier.go:34.108,39.21 2 1
github.com/fulfillops/fulfillops/internal/repository/tier.go:39.21,41.3 1 1
github.com/fulfillops/fulfillops/internal/repository/tier.go:42.2,45.16 3 1
github.com/fulfillops/fulfillops/internal/repository/tier.go:45.16,47.3 1 0
github.com/fulfillops/fulfillops/internal/repository/tier.go:48.2,48.72 1 1
github.com/fulfillops/fulfillops/internal/repository/tier.go:51.93,53.2 1 1
github.com/fulfillops/fulfillops/internal/repository/tier.go:55.113,57.2 1 1
github.com/fulfillops/fulfillops/internal/repository/tier.go:59.100,71.16 6 1
github.com/fulfillops/fulfillops/internal/repository/tier.go:71.16,73.3 1 0
github.com/fulfillops/fulfillops/internal/repository/tier.go:74.2,74.15 1 1
github.com/fulfillops/fulfillops/internal/repository/tier.go:77.100,86.16 3 1
github.com/fulfillops/fulfillops/internal/repository/tier.go:86.16,88.3 1 0
github.com/fulfillops/fulfillops/internal/repository/tier.go:89.2,89.29 1 1
github.com/fulfillops/fulfillops/internal/repository/tier.go:89.29,91.3 1 1
github.com/fulfillops/fulfillops/internal/repository/tier.go:92.2,92.29 1 1
github.com/fulfillops/fulfillops/internal/repository/tier.go:95.95,99.16 2 1
github.com/fulfillops/fulfillops/internal/repository/tier.go:99.16,101.3 1 0
github.com/fulfillops/fulfillops/internal/repository/tier.go:102.2,102.29 1 1
github.com/fulfillops/fulfillops/internal/repository/tier.go:102.29,104.3 1 0
github.com/fulfillops/fulfillops/internal/repository/tier.go:105.2,105.12 1 1
github.com/fulfillops/fulfillops/internal/repository/tier.go:108.71,114.16 2 0
github.com/fulfillops/fulfillops/internal/repository/tier.go:114.16,116.3 1 0
github.com/fulfillops/fulfillops/internal/repository/tier.go:117.2,117.29 1 0
github.com/fulfillops/fulfillops/internal/repository/tier.go:117.29,119.3 1 0
github.com/fulfillops/fulfillops/internal/repository/tier.go:120.2,120.12 1 0
github.com/fulfillops/fulfillops/internal/repository/tier.go:123.105,128.16 2 1
github.com/fulfillops/fulfillops/internal/repository/tier.go:128.16,130.3 1 0
github.com/fulfillops/fulfillops/internal/repository/tier.go:131.2,131.29 1 1
github.com/fulfillops/fulfillops/internal/repository/tier.go:131.29,133.3 1 1
github.com/fulfillops/fulfillops/internal/repository/tier.go:134.2,134.12 1 1
github.com/fulfillops/fulfillops/internal/repository/tier.go:137.105,142.2 2 0
github.com/fulfillops/fulfillops/internal/repository/tier.go:146.87,151.16 2 1
github.com/fulfillops/fulfillops/internal/repository/tier.go:151.16,153.3 1 0
github.com/fulfillops/fulfillops/internal/repository/tier.go:154.2,155.35 2 1
github.com/fulfillops/fulfillops/internal/repository/tier.go:155.35,157.3 1 0
github.com/fulfillops/fulfillops/internal/repository/tier.go:158.2,158.16 1 1
github.com/fulfillops/fulfillops/internal/repository/tier.go:161.95,166.16 2 1
github.com/fulfillops/fulfillops/internal/repository/tier.go:166.16,168.3 1 0
github.com/fulfillops/fulfillops/internal/repository/tier.go:169.2,170.35 2 1
github.com/fulfillops/fulfillops/internal/repository/tier.go:170.35,172.3 1 0
github.com/fulfillops/fulfillops/internal/repository/tier.go:173.2,173.16 1 1
github.com/fulfillops/fulfillops/internal/repository/timeline.go:22.67,24.2 1 0
github.com/fulfillops/fulfillops/internal/repository/timeline.go:26.96,29.23 3 0
github.com/fulfillops/fulfillops/internal/repository/timeline.go:29.23,31.3 1 0
github.com/fulfillops/fulfillops/internal/repository/timeline.go:33.2,39.12 2 0
github.com/fulfillops/fulfillops/internal/repository/timeline.go:42.124,46.16 2 0
github.com/fulfillops/fulfillops/internal/repository/timeline.go:46.16,48.3 1 0
github.com/fulfillops/fulfillops/internal/repository/timeline.go:49.2,49.75 1 0
github.com/fulfillops/fulfillops/internal/repository/tx.go:22.49,24.2 1 1
github.com/fulfillops/fulfillops/internal/repository/tx.go:27.90,29.16 2 1
github.com/fulfillops/fulfillops/internal/repository/tx.go:29.16,31.3 1 0
github.com/fulfillops/fulfillops/internal/repository/tx.go:33.2,33.15 1 1
github.com/fulfillops/fulfillops/internal/repository/tx.go:33.15,34.31 1 1
github.com/fulfillops/fulfillops/internal/repository/tx.go:34.31,36.12 2 0
github.com/fulfillops/fulfillops/internal/repository/tx.go:38.3,38.20 1 1
github.com/fulfillops/fulfillops/internal/repository/tx.go:38.20,40.4 1 1
github.com/fulfillops/fulfillops/internal/repository/tx.go:43.2,43.31 1 1
github.com/fulfillops/fulfillops/internal/repository/tx.go:43.31,45.3 1 1
github.com/fulfillops/fulfillops/internal/repository/tx.go:47.2,47.23 1 0
github.com/fulfillops/fulfillops/internal/repository/user.go:27.59,29.2 1 0
github.com/fulfillops/fulfillops/internal/repository/user.go:33.96,35.16 2 0
github.com/fulfillops/fulfillops/internal/repository/user.go:35.16,37.3 1 0
github.com/fulfillops/fulfillops/internal/repository/user.go:38.2,39.35 2 0
github.com/fulfillops/fulfillops/internal/repository/user.go:39.35,41.3 1 0
github.com/fulfillops/fulfillops/internal/repository/user.go:42.2,42.16 1 0
github.com/fulfillops/fulfillops/internal/repository/user.go:45.87,47.16 2 0
github.com/fulfillops/fulfillops/internal/repository/user.go:47.16,49.3 1 0
github.com/fulfillops/fulfillops/internal/repository/user.go:50.2,51.35 2 0
github.com/fulfillops/fulfillops/internal/repository/user.go:51.35,53.3 1 0
github.com/fulfillops/fulfillops/internal/repository/user.go:54.2,54.16 1 0
github.com/fulfillops/fulfillops/internal/repository/user.go:57.109,61.16 4 0
github.com/fulfillops/fulfillops/internal/repository/user.go:61.16,65.3 3 0
github.com/fulfillops/fulfillops/internal/repository/user.go:66.2,66.21 1 0
github.com/fulfillops/fulfillops/internal/repository/user.go:66.21,70.3 3 0
github.com/fulfillops/fulfillops/internal/repository/user.go:71.2,73.16 3 0
github.com/fulfillops/fulfillops/internal/repository/user.go:73.16,75.3 1 0
github.com/fulfillops/fulfillops/internal/repository/user.go:76.2,76.66 1 0
github.com/fulfillops/fulfillops/internal/repository/user.go:79.88,89.2 5 0
github.com/fulfillops/fulfillops/internal/repository/user.go:91.88,97.16 3 0
github.com/fulfillops/fulfillops/internal/repository/user.go:97.16,99.3 1 0
github.com/fulfillops/fulfillops/internal/repository/user.go:100.2,100.29 1 0
github.com/fulfillops/fulfillops/internal/repository/user.go:100.29,102.3 1 0
github.com/fulfillops/fulfillops/internal/repository/user.go:103.2,103.29 1 0
github.com/fulfillops/fulfillops/internal/repository/user.go:106.74,109.2 2 0
github.com/fulfillops/fulfillops/internal/repository/audit.go:31.61,33.2 1 1
github.com/fulfillops/fulfillops/internal/repository/audit.go:35.77,46.2 4 1
github.com/fulfillops/fulfillops/internal/repository/audit.go:48.122,54.23 5 1
github.com/fulfillops/fulfillops/internal/repository/audit.go:54.23,58.3 3 0
github.com/fulfillops/fulfillops/internal/repository/audit.go:59.2,59.23 1 1
github.com/fulfillops/fulfillops/internal/repository/audit.go:59.23,63.3 3 0
github.com/fulfillops/fulfillops/internal/repository/audit.go:64.2,64.23 1 1
github.com/fulfillops/fulfillops/internal/repository/audit.go:64.23,68.3 3 0
github.com/fulfillops/fulfillops/internal/repository/audit.go:69.2,69.26 1 1
github.com/fulfillops/fulfillops/internal/repository/audit.go:69.26,73.3 3 0
github.com/fulfillops/fulfillops/internal/repository/audit.go:74.2,74.23 1 1
github.com/fulfillops/fulfillops/internal/repository/audit.go:74.23,78.3 3 0
github.com/fulfillops/fulfillops/internal/repository/audit.go:79.2,79.21 1 1
github.com/fulfillops/fulfillops/internal/repository/audit.go:79.21,83.3 3 0
github.com/fulfillops/fulfillops/internal/repository/audit.go:85.2,88.114 4 1
github.com/fulfillops/fulfillops/internal/repository/audit.go:88.114,90.3 1 0
github.com/fulfillops/fulfillops/internal/repository/audit.go:92.2,98.16 3 1
github.com/fulfillops/fulfillops/internal/repository/audit.go:98.16,100.3 1 0
github.com/fulfillops/fulfillops/internal/repository/audit.go:101.2,102.26 2 1
github.com/fulfillops/fulfillops/internal/repository/blackout_date.go:23.75,25.2 1 1
github.com/fulfillops/fulfillops/internal/repository/blackout_date.go:27.87,30.16 2 1
github.com/fulfillops/fulfillops/internal/repository/blackout_date.go:30.16,32.3 1 0
github.com/fulfillops/fulfillops/internal/repository/blackout_date.go:33.2,33.74 1 1
github.com/fulfillops/fulfillops/internal/repository/blackout_date.go:36.112,44.2 4 0
github.com/fulfillops/fulfillops/internal/repository/blackout_date.go:46.78,49.2 2 0
github.com/fulfillops/fulfillops/internal/repository/blackout_date.go:51.115,55.16 2 0
github.com/fulfillops/fulfillops/internal/repository/blackout_date.go:55.16,57.3 1 0
github.com/fulfillops/fulfillops/internal/repository/blackout_date.go:58.2,58.74 1 0
github.com/fulfillops/fulfillops/internal/repository/connection.go:12.76,14.16 2 0
github.com/fulfillops/fulfillops/internal/repository/connection.go:14.16,16.3 1 0
github.com/fulfillops/fulfillops/internal/repository/connection.go:18.2,25.16 7 0
github.com/fulfillops/fulfillops/internal/repository/connection.go:25.16,27.3 1 0
github.com/fulfillops/fulfillops/internal/repository/connection.go:29.2,29.39 1 0
github.com/fulfillops/fulfillops/internal/repository/connection.go:29.39,32.3 2 0
github.com/fulfillops/fulfillops/internal/repository/connection.go:34.2,34.18 1 0
github.com/fulfillops/fulfillops/internal/repository/customer.go:27.67,29.2 1 1
github.com/fulfillops/fulfillops/internal/repository/customer.go:31.140,35.21 3 1
github.com/fulfillops/fulfillops/internal/repository/customer.go:35.21,37.3 1 1
github.com/fulfillops/fulfillops/internal/repository/customer.go:39.2,41.78 2 1
github.com/fulfillops/fulfillops/internal/repository/customer.go:41.78,43.3 1 0
github.com/fulfillops/fulfillops/internal/repository/customer.go:45.2,51.16 2 1
github.com/fulfillops/fulfillops/internal/repository/customer.go:51.16,53.3 1 0
github.com/fulfillops/fulfillops/internal/repository/customer.go:54.2,55.30 2 1
github.com/fulfillops/fulfillops/internal/repository/customer.go:58.95,63.16 2 1
github.com/fulfillops/fulfillops/internal/repository/customer.go:63.16,65.3 1 0
github.com/fulfillops/fulfillops/internal/repository/customer.go:66.2,67.35 2 1
github.com/fulfillops/fulfillops/internal/repository/customer.go:67.35,69.3 1 1
github.com/fulfillops/fulfillops/internal/repository/customer.go:70.2,70.16 1 1
github.com/fulfillops/fulfillops/internal/repository/customer.go:73.100,85.16 6 1
github.com/fulfillops/fulfillops/internal/repository/customer.go:85.16,87.3 1 0
github.com/fulfillops/fulfillops/internal/repository/customer.go:88.2,88.15 1 1
github.com/fulfillops/fulfillops/internal/repository/customer.go:91.100,100.16 3 1
github.com/fulfillops/fulfillops/internal/repository/customer.go:100.16,102.3 1 0
github.com/fulfillops/fulfillops/internal/repository/customer.go:103.2,103.29 1 1
github.com/fulfillops/fulfillops/internal/repository/customer.go:103.29,105.3 1 0
github.com/fulfillops/fulfillops/internal/repository/customer.go:106.2,106.29 1 1
github.com/fulfillops/fulfillops/internal/repository/customer.go:109.99,113.16 2 1
github.com/fulfillops/fulfillops/internal/repository/customer.go:113.16,115.3 1 0
github.com/fulfillops/fulfillops/internal/repository/customer.go:116.2,116.29 1 1
github.com/fulfillops/fulfillops/internal/repository/customer.go:116.29,118.3 1 0
github.com/fulfillops/fulfillops/internal/repository/customer.go:119.2,119.12 1 1
github.com/fulfillops/fulfillops/internal/repository/customer.go:122.75,126.16 2 1
github.com/fulfillops/fulfillops/internal/repository/customer.go:126.16,128.3 1 0
github.com/fulfillops/fulfillops/internal/repository/customer.go:129.2,129.29 1 1
github.com/fulfillops/fulfillops/internal/repository/customer.go:129.29,131.3 1 0
github.com/fulfillops/fulfillops/internal/repository/customer.go:132.2,132.12 1 1
github.com/fulfillops/fulfillops/internal/repository/exception.go:34.69,36.2 1 1
github.com/fulfillops/fulfillops/internal/repository/exception.go:38.112,43.20 4 1
github.com/fulfillops/fulfillops/internal/repository/exception.go:43.20,47.3 3 1
github.com/fulfillops/fulfillops/internal/repository/exception.go:48.2,48.18 1 1
github.com/fulfillops/fulfillops/internal/repository/exception.go:48.18,52.3 3 0
github.com/fulfillops/fulfillops/internal/repository/exception.go:53.2,53.28 1 1
github.com/fulfillops/fulfillops/internal/repository/exception.go:53.28,57.3 3 1
github.com/fulfillops/fulfillops/internal/repository/exception.go:58.2,58.25 1 1
github.com/fulfillops/fulfillops/internal/repository/exception.go:58.25,62.3 3 0
github.com/fulfillops/fulfillops/internal/repository/exception.go:63.2,63.23 1 1
github.com/fulfillops/fulfillops/internal/repository/exception.go:63.23,67.3 3 0
github.com/fulfillops/fulfillops/internal/repository/exception.go:68.2,73.16 3 1
github.com/fulfillops/fulfillops/internal/repository/exception.go:73.16,75.3 1 0
github.com/fulfillops/fulfillops/internal/repository/exception.go:76.2,76.82 1 1
github.com/fulfillops/fulfillops/internal/repository/exception.go:79.108,83.16 2 1
github.com/fulfillops/fulfillops/internal/repository/exception.go:83.16,85.3 1 0
github.com/fulfillops/fulfillops/internal/repository/exception.go:86.2,87.35 2 1
github.com/fulfillops/fulfillops/internal/repository/exception.go:87.35,89.3 1 1
github.com/fulfillops/fulfillops/internal/repository/exception.go:90.2,90.16 1 1
github.com/fulfillops/fulfillops/internal/repository/exception.go:93.125,97.20 4 1
github.com/fulfillops/fulfillops/internal/repository/exception.go:97.20,99.3 1 0
github.com/fulfillops/fulfillops/internal/repository/exception.go:101.2,107.16 2 1
github.com/fulfillops/fulfillops/internal/repository/exception.go:107.16,109.3 1 0
github.com/fulfillops/fulfillops/internal/repository/exception.go:110.2,110.15 1 1
github.com/fulfillops/fulfillops/internal/repository/exception.go:113.149,120.2 2 1
github.com/fulfillops/fulfillops/internal/repository/exception.go:122.141,129.2 3 0
github.com/fulfillops/fulfillops/internal/repository/exception_event.go:22.79,24.2 1 1
github.com/fulfillops/fulfillops/internal/repository/exception_event.go:26.92,35.2 4 1
github.com/fulfillops/fulfillops/internal/repository/exception_event.go:37.127,41.16 2 1
github.com/fulfillops/fulfillops/internal/repository/exception_event.go:41.16,43.3 1 0
github.com/fulfillops/fulfillops/internal/repository/exception_event.go:44.2,44.76 1 1
github.com/fulfillops/fulfillops/internal/repository/fulfillment.go:39.73,41.2 1 1
github.com/fulfillops/fulfillops/internal/repository/fulfillment.go:48.143,54.26 5 1
github.com/fulfillops/fulfillops/internal/repository/fulfillment.go:54.26,58.3 3 1
github.com/fulfillops/fulfillops/internal/repository/fulfillment.go:59.2,59.27 1 1
github.com/fulfillops/fulfillops/internal/repository/fulfillment.go:59.27,63.3 3 0
github.com/fulfillops/fulfillops/internal/repository/fulfillment.go:64.2,64.31 1 1
github.com/fulfillops/fulfillops/internal/repository/fulfillment.go:64.31,68.3 3 1
github.com/fulfillops/fulfillops/internal/repository/fulfillment.go:69.2,69.24 1 1
github.com/fulfillops/fulfillops/internal/repository/fulfillment.go:69.24,73.3 3 0
github.com/fulfillops/fulfillops/internal/repository/fulfillment.go:74.2,74.29 1 1
github.com/fulfillops/fulfillops/internal/repository/fulfillment.go:74.29,78.3 3 1
github.com/fulfillops/fulfillops/internal/repository/fulfillment.go:79.2,79.27 1 1
github.com/fulfillops/fulfillops/internal/repository/fulfillment.go:79.27,83.3 3 1
github.com/fulfillops/fulfillops/internal/repository/fulfillment.go:85.2,88.116 4 1
github.com/fulfillops/fulfillops/internal/repository/fulfillment.go:88.116,90.3 1 0
github.com/fulfillops/fulfillops/internal/repository/fulfillment.go:92.2,97.16 3 1
github.com/fulfillops/fulfillops/internal/repository/fulfillment.go:97.16,99.3 1 0
github.com/fulfillops/fulfillops/internal/repository/fulfillment.go:100.2,101.26 2 1
github.com/fulfillops/fulfillops/internal/repository/fulfillment.go:104.101,106.2 1 1
github.com/fulfillops/fulfillops/internal/repository/fulfillment.go:108.121,110.2 1 1
github.com/fulfillops/fulfillops/internal/repository/fulfillment.go:112.120,130.16 6 1
github.com/fulfillops/fulfillops/internal/repository/fulfillment.go:130.16,132.3 1 0
github.com/fulfillops/fulfillops/internal/repository/fulfillment.go:133.2,133.15 1 1
github.com/fulfillops/fulfillops/internal/repository/fulfillment.go:136.120,149.16 3 1
github.com/fulfillops/fulfillops/internal/repository/fulfillment.go:149.16,151.3 1 0
github.com/fulfillops/fulfillops/internal/repository/fulfillment.go:152.2,152.29 1 1
github.com/fulfillops/fulfillops/internal/repository/fulfillment.go:152.29,154.3 1 0
github.com/fulfillops/fulfillops/internal/repository/fulfillment.go:155.2,156.15 2 1
github.com/fulfillops/fulfillops/internal/repository/fulfillment.go:159.144,166.2 3 1
github.com/fulfillops/fulfillops/internal/repository/fulfillment.go:168.102,172.16 2 1
github.com/fulfillops/fulfillops/internal/repository/fulfillment.go:172.16,174.3 1 0
github.com/fulfillops/fulfillops/internal/repository/fulfillment.go:175.2,175.29 1 1
github.com/fulfillops/fulfillops/internal/repository/fulfillment.go:175.29,177.3 1 0
github.com/fulfillops/fulfillops/internal/repository/fulfillment.go:178.2,178.12 1 1
github.com/fulfillops/fulfillops/internal/repository/fulfillment.go:181.78,185.16 2 0
github.com/fulfillops/fulfillops/internal/repository/fulfillment.go:185.16,187.3 1 0
github.com/fulfillops/fulfillops/internal/repository/fulfillment.go:188.2,188.29 1 0
github.com/fulfillops/fulfillops/internal/repository/fulfillment.go:188.29,190.3 1 0
github.com/fulfillops/fulfillops/internal/repository/fulfillment.go:191.2,191.12 1 0
github.com/fulfillops/fulfillops/internal/repository/fulfillment.go:194.92,201.16 2 0
github.com/fulfillops/fulfillops/internal/repository/fulfillment.go:201.16,203.3 1 0
github.com/fulfillops/fulfillops/internal/repository/fulfillment.go:204.2,204.73 1 0
github.com/fulfillops/fulfillops/internal/repository/fulfillment.go:207.111,209.15 2 1
github.com/fulfillops/fulfillops/internal/repository/fulfillment.go:209.15,211.3 1 1
github.com/fulfillops/fulfillops/internal/repository/fulfillment.go:212.2,213.16 2 1
github.com/fulfillops/fulfillops/internal/repository/fulfillment.go:213.16,215.3 1 0
github.com/fulfillops/fulfillops/internal/repository/fulfillment.go:216.2,217.35 2 1
github.com/fulfillops/fulfillops/internal/repository/fulfillment.go:217.35,219.3 1 1
github.com/fulfillops/fulfillops/internal/repository/fulfillment.go:220.2,220.16 1 1
github.com/fulfillops/fulfillops/internal/repository/job_run.go:30.63,32.2 1 1
github.com/fulfillops/fulfillops/internal/repository/job_run.go:34.110,45.2 6 0
github.com/fulfillops/fulfillops/internal/repository/job_run.go:47.128,53.2 3 0
github.com/fulfillops/fulfillops/internal/repository/job_run.go:55.129,61.21 5 1
github.com/fulfillops/fulfillops/internal/repository/job_run.go:61.21,65.3 3 0
github.com/fulfillops/fulfillops/internal/repository/job_run.go:66.2,66.20 1 1
github.com/fulfillops/fulfillops/internal/repository/job_run.go:66.20,70.3 3 0
github.com/fulfillops/fulfillops/internal/repository/job_run.go:71.2,71.26 1 1
github.com/fulfillops/fulfillops/internal/repository/job_run.go:71.26,75.3 3 0
github.com/fulfillops/fulfillops/internal/repository/job_run.go:76.2,76.24 1 1
github.com/fulfillops/fulfillops/internal/repository/job_run.go:76.24,80.3 3 0
github.com/fulfillops/fulfillops/internal/repository/job_run.go:82.2,85.119 4 1
github.com/fulfillops/fulfillops/internal/repository/job_run.go:85.119,87.3 1 0
github.com/fulfillops/fulfillops/internal/repository/job_run.go:89.2,95.16 3 1
github.com/fulfillops/fulfillops/internal/repository/job_run.go:95.16,97.3 1 0
github.com/fulfillops/fulfillops/internal/repository/job_run.go:98.2,99.26 2 1
github.com/fulfillops/fulfillops/internal/repository/message_template.go:27.81,29.2 1 1
github.com/fulfillops/fulfillops/internal/repository/message_template.go:31.169,35.15 4 1
github.com/fulfillops/fulfillops/internal/repository/message_template.go:35.15,39.3 3 0
github.com/fulfillops/fulfillops/internal/repository/message_template.go:40.2,40.14 1 1
github.com/fulfillops/fulfillops/internal/repository/message_template.go:40.14,44.3 3 0
github.com/fulfillops/fulfillops/internal/repository/message_template.go:45.2,45.21 1 1
github.com/fulfillops/fulfillops/internal/repository/message_template.go:45.21,47.3 1 1
github.com/fulfillops/fulfillops/internal/repository/message_template.go:48.2,53.16 3 1
github.com/fulfillops/fulfillops/internal/repository/message_template.go:53.16,55.3 1 0
github.com/fulfillops/fulfillops/internal/repository/message_template.go:56.2,56.77 1 1
github.com/fulfillops/fulfillops/internal/repository/message_template.go:59.109,63.16 2 1
github.com/fulfillops/fulfillops/internal/repository/message_template.go:63.16,65.3 1 0
github.com/fulfillops/fulfillops/internal/repository/message_template.go:66.2,67.35 2 1
github.com/fulfillops/fulfillops/internal/repository/message_template.go:67.35,69.3 1 0
github.com/fulfillops/fulfillops/internal/repository/message_template.go:70.2,70.16 1 1
github.com/fulfillops/fulfillops/internal/repository/message_template.go:73.121,83.2 5 1
github.com/fulfillops/fulfillops/internal/repository/message_template.go:85.121,91.16 3 0
github.com/fulfillops/fulfillops/internal/repository/message_template.go:91.16,93.3 1 0
github.com/fulfillops/fulfillops/internal/repository/message_template.go:94.2,94.29 1 0
github.com/fulfillops/fulfillops/internal/repository/message_template.go:94.29,96.3 1 0
github.com/fulfillops/fulfillops/internal/repository/message_template.go:97.2,97.29 1 0
github.com/fulfillops/fulfillops/internal/repository/message_template.go:100.106,103.43 2 0
github.com/fulfillops/fulfillops/internal/repository/message_template.go:103.43,105.3 1 0
github.com/fulfillops/fulfillops/internal/repository/message_template.go:106.2,106.12 1 0
github.com/fulfillops/fulfillops/internal/repository/message_template.go:109.82,113.16 2 0
github.com/fulfillops/fulfillops/internal/repository/message_template.go:113.16,115.3 1 0
github.com/fulfillops/fulfillops/internal/repository/message_template.go:116.2,116.29 1 0
github.com/fulfillops/fulfillops/internal/repository/message_template.go:116.29,118.3 1 0
github.com/fulfillops/fulfillops/internal/repository/message_template.go:119.2,119.12 1 0
github.com/fulfillops/fulfillops/internal/repository/notification.go:26.75,28.2 1 1
github.com/fulfillops/fulfillops/internal/repository/notification.go:30.112,33.22 3 0
github.com/fulfillops/fulfillops/internal/repository/notification.go:33.22,35.3 1 0
github.com/fulfillops/fulfillops/internal/repository/notification.go:37.2,41.15 2 0
github.com/fulfillops/fulfillops/internal/repository/notification.go:44.101,47.22 3 1
github.com/fulfillops/fulfillops/internal/repository/notification.go:47.22,49.3 1 1
github.com/fulfillops/fulfillops/internal/repository/notification.go:50.2,54.12 2 1
github.com/fulfillops/fulfillops/internal/repository/notification.go:57.157,62.19 4 1
github.com/fulfillops/fulfillops/internal/repository/notification.go:62.19,65.3 2 0
github.com/fulfillops/fulfillops/internal/repository/notification.go:67.2,68.112 2 1
github.com/fulfillops/fulfillops/internal/repository/notification.go:68.112,70.3 1 0
github.com/fulfillops/fulfillops/internal/repository/notification.go:72.2,79.16 4 1
github.com/fulfillops/fulfillops/internal/repository/notification.go:79.16,81.3 1 0
github.com/fulfillops/fulfillops/internal/repository/notification.go:82.2,83.26 2 1
github.com/fulfillops/fulfillops/internal/repository/notification.go:86.98,90.2 2 0
github.com/fulfillops/fulfillops/internal/repository/report_export.go:27.75,29.2 1 1
github.com/fulfillops/fulfillops/internal/repository/report_export.go:34.112,38.22 4 1
github.com/fulfillops/fulfillops/internal/repository/report_export.go:38.22,40.3 1 0
github.com/fulfillops/fulfillops/internal/repository/report_export.go:42.2,46.15 2 1
github.com/fulfillops/fulfillops/internal/repository/report_export.go:49.103,51.16 2 1
github.com/fulfillops/fulfillops/internal/repository/report_export.go:51.16,53.3 1 0
github.com/fulfillops/fulfillops/internal/repository/report_export.go:54.2,55.35 2 1
github.com/fulfillops/fulfillops/internal/repository/report_export.go:55.35,57.3 1 1
github.com/fulfillops/fulfillops/internal/repository/report_export.go:58.2,58.16 1 1
github.com/fulfillops/fulfillops/internal/repository/report_export.go:61.117,64.97 3 1
github.com/fulfillops/fulfillops/internal/repository/report_export.go:64.97,66.3 1 0
github.com/fulfillops/fulfillops/internal/repository/report_export.go:67.2,70.16 2 1
github.com/fulfillops/fulfillops/internal/repository/report_export.go:70.16,72.3 1 0
github.com/fulfillops/fulfillops/internal/repository/report_export.go:73.2,74.26 2 1
github.com/fulfillops/fulfillops/internal/repository/report_export.go:77.187,83.2 2 1
github.com/fulfillops/fulfillops/internal/repository/report_export.go:85.108,88.16 2 0
github.com/fulfillops/fulfillops/internal/repository/report_export.go:88.16,90.3 1 0
github.com/fulfillops/fulfillops/internal/repository/report_export.go:91.2,91.74 1 0
github.com/fulfillops/fulfillops/internal/repository/report_export.go:94.78,97.2 2 1
github.com/fulfillops/fulfillops/internal/repository/reservation.go:23.55,23.86 1 1
github.com/fulfillops/fulfillops/internal/repository/reservation.go:25.122,35.16 6 1
github.com/fulfillops/fulfillops/internal/repository/reservation.go:35.16,37.3 1 0
github.com/fulfillops/fulfillops/internal/repository/reservation.go:38.2,38.17 1 1
github.com/fulfillops/fulfillops/internal/repository/reservation.go:41.112,46.2 2 1
github.com/fulfillops/fulfillops/internal/repository/reservation.go:48.140,52.16 2 0
github.com/fulfillops/fulfillops/internal/repository/reservation.go:52.16,54.3 1 0
github.com/fulfillops/fulfillops/internal/repository/reservation.go:55.2,56.35 2 0
github.com/fulfillops/fulfillops/internal/repository/reservation.go:56.35,58.3 1 0
github.com/fulfillops/fulfillops/internal/repository/reservation.go:59.2,59.18 1 0
github.com/fulfillops/fulfillops/internal/repository/send_log.go:34.65,36.2 1 1
github.com/fulfillops/fulfillops/internal/repository/send_log.go:41.97,45.22 4 0
github.com/fulfillops/fulfillops/internal/repository/send_log.go:45.22,47.3 1 0
github.com/fulfillops/fulfillops/internal/repository/send_log.go:49.2,55.15 2 0
github.com/fulfillops/fulfillops/internal/repository/send_log.go:58.124,63.2 2 0
github.com/fulfillops/fulfillops/internal/repository/send_log.go:65.105,70.2 2 0
github.com/fulfillops/fulfillops/internal/repository/send_log.go:72.99,77.16 2 0
github.com/fulfillops/fulfillops/internal/repository/send_log.go:77.16,79.3 1 0
github.com/fulfillops/fulfillops/internal/repository/send_log.go:80.2,80.29 1 0
github.com/fulfillops/fulfillops/internal/repository/send_log.go:80.29,82.3 1 0
github.com/fulfillops/fulfillops/internal/repository/send_log.go:83.2,83.12 1 0
github.com/fulfillops/fulfillops/internal/repository/send_log.go:86.125,92.26 5 1
github.com/fulfillops/fulfillops/internal/repository/send_log.go:92.26,96.3 3 0
github.com/fulfillops/fulfillops/internal/repository/send_log.go:97.2,97.21 1 1
github.com/fulfillops/fulfillops/internal/repository/send_log.go:97.21,101.3 3 0
github.com/fulfillops/fulfillops/internal/repository/send_log.go:102.2,102.20 1 1
github.com/fulfillops/fulfillops/internal/repository/send_log.go:102.20,106.3 3 1
github.com/fulfillops/fulfillops/internal/repository/send_log.go:107.2,107.23 1 1
github.com/fulfillops/fulfillops/internal/repository/send_log.go:107.23,111.3 3 0
github.com/fulfillops/fulfillops/internal/repository/send_log.go:112.2,112.21 1 1
github.com/fulfillops/fulfillops/internal/repository/send_log.go:112.21,116.3 3 0
github.com/fulfillops/fulfillops/internal/repository/send_log.go:118.2,121.113 4 1
github.com/fulfillops/fulfillops/internal/repository/send_log.go:121.113,123.3 1 0
github.com/fulfillops/fulfillops/internal/repository/send_log.go:125.2,130.16 3 1
github.com/fulfillops/fulfillops/internal/repository/send_log.go:130.16,132.3 1 0
github.com/fulfillops/fulfillops/internal/repository/send_log.go:133.2,134.25 2 1
github.com/fulfillops/fulfillops/internal/repository/send_log.go:137.100,143.16 2 0
github.com/fulfillops/fulfillops/internal/repository/send_log.go:143.16,145.3 1 0
github.com/fulfillops/fulfillops/internal/repository/send_log.go:146.2,146.69 1 0
github.com/fulfillops/fulfillops/internal/repository/shipping_address.go:25.81,27.2 1 1
github.com/fulfillops/fulfillops/internal/repository/shipping_address.go:29.135,40.16 5 0
github.com/fulfillops/fulfillops/internal/repository/shipping_address.go:40.16,42.3 1 0
github.com/fulfillops/fulfillops/internal/repository/shipping_address.go:43.2,43.18 1 0
github.com/fulfillops/fulfillops/internal/repository/shipping_address.go:46.128,57.16 5 0
github.com/fulfillops/fulfillops/internal/repository/shipping_address.go:57.16,59.3 1 0
github.com/fulfillops/fulfillops/internal/repository/shipping_address.go:60.2,60.18 1 0
github.com/fulfillops/fulfillops/internal/repository/shipping_address.go:63.131,67.16 2 1
github.com/fulfillops/fulfillops/internal/repository/shipping_address.go:67.16,69.3 1 0
github.com/fulfillops/fulfillops/internal/repository/shipping_address.go:70.2,71.35 2 1
github.com/fulfillops/fulfillops/internal/repository/shipping_address.go:71.35,73.3 1 1
github.com/fulfillops/fulfillops/internal/repository/shipping_address.go:74.2,74.19 1 0
github.com/fulfillops/fulfillops/internal/repository/shipping_address.go:77.108,85.2 3 0
github.com/fulfillops/fulfillops/internal/repository/system_setting.go:24.77,26.2 1 1
github.com/fulfillops/fulfillops/internal/repository/system_setting.go:28.99,31.16 2 1
github.com/fulfillops/fulfillops/internal/repository/system_setting.go:31.16,33.3 1 0
github.com/fulfillops/fulfillops/internal/repository/system_setting.go:34.2,35.35 2 1
github.com/fulfillops/fulfillops/internal/repository/system_setting.go:35.35,37.3 1 0
github.com/fulfillops/fulfillops/internal/repository/system_setting.go:38.2,38.16 1 1
github.com/fulfillops/fulfillops/internal/repository/system_setting.go:41.110,48.2 2 0
github.com/fulfillops/fulfillops/internal/repository/system_setting.go:50.91,52.16 2 0
github.com/fulfillops/fulfillops/internal/repository/system_setting.go:52.16,54.3 1 0
github.com/fulfillops/fulfillops/internal/repository/system_setting.go:55.2,55.75 1 0
github.com/fulfillops/fulfillops/internal/repository/tier.go:30.59,32.2 1 1
github.com/fulfillops/fulfillops/internal/repository/tier.go:34.108,39.21 2 1
github.com/fulfillops/fulfillops/internal/repository/tier.go:39.21,41.3 1 1
github.com/fulfillops/fulfillops/internal/repository/tier.go:42.2,45.16 3 1
github.com/fulfillops/fulfillops/internal/repository/tier.go:45.16,47.3 1 0
github.com/fulfillops/fulfillops/internal/repository/tier.go:48.2,48.72 1 1
github.com/fulfillops/fulfillops/internal/repository/tier.go:51.93,53.2 1 1
github.com/fulfillops/fulfillops/internal/repository/tier.go:55.113,57.2 1 1
github.com/fulfillops/fulfillops/internal/repository/tier.go:59.100,71.16 6 1
github.com/fulfillops/fulfillops/internal/repository/tier.go:71.16,73.3 1 0
github.com/fulfillops/fulfillops/internal/repository/tier.go:74.2,74.15 1 1
github.com/fulfillops/fulfillops/internal/repository/tier.go:77.100,86.16 3 1
github.com/fulfillops/fulfillops/internal/repository/tier.go:86.16,88.3 1 0
github.com/fulfillops/fulfillops/internal/repository/tier.go:89.2,89.29 1 1
github.com/fulfillops/fulfillops/internal/repository/tier.go:89.29,91.3 1 1
github.com/fulfillops/fulfillops/internal/repository/tier.go:92.2,92.29 1 1
github.com/fulfillops/fulfillops/internal/repository/tier.go:95.95,99.16 2 1
github.com/fulfillops/fulfillops/internal/repository/tier.go:99.16,101.3 1 0
github.com/fulfillops/fulfillops/internal/repository/tier.go:102.2,102.29 1 1
github.com/fulfillops/fulfillops/internal/repository/tier.go:102.29,104.3 1 1
github.com/fulfillops/fulfillops/internal/repository/tier.go:105.2,105.12 1 1
github.com/fulfillops/fulfillops/internal/repository/tier.go:108.71,114.16 2 1
github.com/fulfillops/fulfillops/internal/repository/tier.go:114.16,116.3 1 0
github.com/fulfillops/fulfillops/internal/repository/tier.go:117.2,117.29 1 1
github.com/fulfillops/fulfillops/internal/repository/tier.go:117.29,119.3 1 0
github.com/fulfillops/fulfillops/internal/repository/tier.go:120.2,120.12 1 1
github.com/fulfillops/fulfillops/internal/repository/tier.go:123.105,128.16 2 1
github.com/fulfillops/fulfillops/internal/repository/tier.go:128.16,130.3 1 0
github.com/fulfillops/fulfillops/internal/repository/tier.go:131.2,131.29 1 1
github.com/fulfillops/fulfillops/internal/repository/tier.go:131.29,133.3 1 1
github.com/fulfillops/fulfillops/internal/repository/tier.go:134.2,134.12 1 1
github.com/fulfillops/fulfillops/internal/repository/tier.go:137.105,142.2 2 1
github.com/fulfillops/fulfillops/internal/repository/tier.go:146.87,151.16 2 1
github.com/fulfillops/fulfillops/internal/repository/tier.go:151.16,153.3 1 0
github.com/fulfillops/fulfillops/internal/repository/tier.go:154.2,155.35 2 1
github.com/fulfillops/fulfillops/internal/repository/tier.go:155.35,157.3 1 1
github.com/fulfillops/fulfillops/internal/repository/tier.go:158.2,158.16 1 1
github.com/fulfillops/fulfillops/internal/repository/tier.go:161.95,166.16 2 1
github.com/fulfillops/fulfillops/internal/repository/tier.go:166.16,168.3 1 0
github.com/fulfillops/fulfillops/internal/repository/tier.go:169.2,170.35 2 1
github.com/fulfillops/fulfillops/internal/repository/tier.go:170.35,172.3 1 0
github.com/fulfillops/fulfillops/internal/repository/tier.go:173.2,173.16 1 1
github.com/fulfillops/fulfillops/internal/repository/timeline.go:22.67,24.2 1 1
github.com/fulfillops/fulfillops/internal/repository/timeline.go:26.96,29.23 3 1
github.com/fulfillops/fulfillops/internal/repository/timeline.go:29.23,31.3 1 1
github.com/fulfillops/fulfillops/internal/repository/timeline.go:33.2,39.12 2 1
github.com/fulfillops/fulfillops/internal/repository/timeline.go:42.124,46.16 2 1
github.com/fulfillops/fulfillops/internal/repository/timeline.go:46.16,48.3 1 0
github.com/fulfillops/fulfillops/internal/repository/timeline.go:49.2,49.75 1 1
github.com/fulfillops/fulfillops/internal/repository/tx.go:22.49,24.2 1 1
github.com/fulfillops/fulfillops/internal/repository/tx.go:27.90,29.16 2 1
github.com/fulfillops/fulfillops/internal/repository/tx.go:29.16,31.3 1 0
github.com/fulfillops/fulfillops/internal/repository/tx.go:33.2,33.15 1 1
github.com/fulfillops/fulfillops/internal/repository/tx.go:33.15,34.31 1 1
github.com/fulfillops/fulfillops/internal/repository/tx.go:34.31,36.12 2 0
github.com/fulfillops/fulfillops/internal/repository/tx.go:38.3,38.20 1 1
github.com/fulfillops/fulfillops/internal/repository/tx.go:38.20,40.4 1 1
github.com/fulfillops/fulfillops/internal/repository/tx.go:43.2,43.31 1 1
github.com/fulfillops/fulfillops/internal/repository/tx.go:43.31,45.3 1 1
github.com/fulfillops/fulfillops/internal/repository/tx.go:47.2,47.23 1 1
github.com/fulfillops/fulfillops/internal/repository/user.go:27.59,29.2 1 1
github.com/fulfillops/fulfillops/internal/repository/user.go:33.96,35.16 2 1
github.com/fulfillops/fulfillops/internal/repository/user.go:35.16,37.3 1 0
github.com/fulfillops/fulfillops/internal/repository/user.go:38.2,39.35 2 1
github.com/fulfillops/fulfillops/internal/repository/user.go:39.35,41.3 1 0
github.com/fulfillops/fulfillops/internal/repository/user.go:42.2,42.16 1 1
github.com/fulfillops/fulfillops/internal/repository/user.go:45.87,47.16 2 1
github.com/fulfillops/fulfillops/internal/repository/user.go:47.16,49.3 1 0
github.com/fulfillops/fulfillops/internal/repository/user.go:50.2,51.35 2 1
github.com/fulfillops/fulfillops/internal/repository/user.go:51.35,53.3 1 0
github.com/fulfillops/fulfillops/internal/repository/user.go:54.2,54.16 1 1
github.com/fulfillops/fulfillops/internal/repository/user.go:57.109,61.16 4 1
github.com/fulfillops/fulfillops/internal/repository/user.go:61.16,65.3 3 0
github.com/fulfillops/fulfillops/internal/repository/user.go:66.2,66.21 1 1
github.com/fulfillops/fulfillops/internal/repository/user.go:66.21,70.3 3 0
github.com/fulfillops/fulfillops/internal/repository/user.go:71.2,73.16 3 1
github.com/fulfillops/fulfillops/internal/repository/user.go:73.16,75.3 1 0
github.com/fulfillops/fulfillops/internal/repository/user.go:76.2,76.66 1 1
github.com/fulfillops/fulfillops/internal/repository/user.go:79.88,89.2 5 1
github.com/fulfillops/fulfillops/internal/repository/user.go:91.88,97.16 3 1
github.com/fulfillops/fulfillops/internal/repository/user.go:97.16,99.3 1 0
github.com/fulfillops/fulfillops/internal/repository/user.go:100.2,100.29 1 1
github.com/fulfillops/fulfillops/internal/repository/user.go:100.29,102.3 1 0
github.com/fulfillops/fulfillops/internal/repository/user.go:103.2,103.29 1 1
github.com/fulfillops/fulfillops/internal/repository/user.go:106.74,109.2 2 1
