mode: set
github.com/fulfillops/fulfillops/internal/service/audit.go:23.68,25.2 1 1
github.com/fulfillops/fulfillops/internal/service/audit.go:28.68,30.2 1 1
github.com/fulfillops/fulfillops/internal/service/audit.go:33.71,35.2 1 1
github.com/fulfillops/fulfillops/internal/service/audit.go:38.63,41.2 2 1
github.com/fulfillops/fulfillops/internal/service/audit.go:44.48,47.2 2 1
github.com/fulfillops/fulfillops/internal/service/audit.go:50.55,53.2 2 1
github.com/fulfillops/fulfillops/internal/service/audit.go:66.68,68.2 1 1
github.com/fulfillops/fulfillops/internal/service/audit.go:70.130,77.43 2 1
github.com/fulfillops/fulfillops/internal/service/audit.go:77.43,79.3 1 1
github.com/fulfillops/fulfillops/internal/service/audit.go:80.2,80.40 1 1
github.com/fulfillops/fulfillops/internal/service/audit.go:80.40,82.3 1 1
github.com/fulfillops/fulfillops/internal/service/audit.go:83.2,83.49 1 1
github.com/fulfillops/fulfillops/internal/service/audit.go:83.49,85.3 1 1
github.com/fulfillops/fulfillops/internal/service/audit.go:87.2,87.19 1 1
github.com/fulfillops/fulfillops/internal/service/audit.go:87.19,89.17 2 1
github.com/fulfillops/fulfillops/internal/service/audit.go:89.17,91.4 1 0
github.com/fulfillops/fulfillops/internal/service/audit.go:92.3,92.24 1 1
github.com/fulfillops/fulfillops/internal/service/audit.go:94.2,94.18 1 1
github.com/fulfillops/fulfillops/internal/service/audit.go:94.18,96.17 2 1
github.com/fulfillops/fulfillops/internal/service/audit.go:96.17,98.4 1 0
github.com/fulfillops/fulfillops/internal/service/audit.go:99.3,99.23 1 1
github.com/fulfillops/fulfillops/internal/service/audit.go:102.2,102.34 1 1
github.com/fulfillops/fulfillops/internal/service/backup.go:47.91,49.2 1 1
github.com/fulfillops/fulfillops/internal/service/backup.go:52.78,59.16 5 0
github.com/fulfillops/fulfillops/internal/service/backup.go:59.16,61.3 1 0
github.com/fulfillops/fulfillops/internal/service/backup.go:62.2,74.34 7 0
github.com/fulfillops/fulfillops/internal/service/backup.go:74.34,77.3 2 0
github.com/fulfillops/fulfillops/internal/service/backup.go:80.2,80.35 1 0
github.com/fulfillops/fulfillops/internal/service/backup.go:80.35,82.3 1 0
github.com/fulfillops/fulfillops/internal/service/backup.go:83.2,83.34 1 0
github.com/fulfillops/fulfillops/internal/service/backup.go:83.34,85.3 1 0
github.com/fulfillops/fulfillops/internal/service/backup.go:87.2,88.16 2 0
github.com/fulfillops/fulfillops/internal/service/backup.go:88.16,90.3 1 0
github.com/fulfillops/fulfillops/internal/service/backup.go:92.2,101.19 3 0
github.com/fulfillops/fulfillops/internal/service/backup.go:105.81,107.16 2 1
github.com/fulfillops/fulfillops/internal/service/backup.go:107.16,108.25 1 0
github.com/fulfillops/fulfillops/internal/service/backup.go:108.25,110.4 1 0
github.com/fulfillops/fulfillops/internal/service/backup.go:111.3,111.56 1 0
github.com/fulfillops/fulfillops/internal/service/backup.go:114.2,115.28 2 1
github.com/fulfillops/fulfillops/internal/service/backup.go:115.28,116.59 1 0
github.com/fulfillops/fulfillops/internal/service/backup.go:116.59,117.12 1 0
github.com/fulfillops/fulfillops/internal/service/backup.go:119.3,120.17 2 0
github.com/fulfillops/fulfillops/internal/service/backup.go:120.17,121.12 1 0
github.com/fulfillops/fulfillops/internal/service/backup.go:123.3,130.5 2 0
github.com/fulfillops/fulfillops/internal/service/backup.go:134.2,134.41 1 1
github.com/fulfillops/fulfillops/internal/service/backup.go:134.41,136.3 1 0
github.com/fulfillops/fulfillops/internal/service/backup.go:137.2,137.20 1 1
github.com/fulfillops/fulfillops/internal/service/backup.go:144.109,146.45 2 1
github.com/fulfillops/fulfillops/internal/service/backup.go:146.45,148.3 1 1
github.com/fulfillops/fulfillops/internal/service/backup.go:150.2,151.16 2 0
github.com/fulfillops/fulfillops/internal/service/backup.go:151.16,153.3 1 0
github.com/fulfillops/fulfillops/internal/service/backup.go:154.2,157.16 3 0
github.com/fulfillops/fulfillops/internal/service/backup.go:157.16,159.3 1 0
github.com/fulfillops/fulfillops/internal/service/backup.go:160.2,165.16 4 0
github.com/fulfillops/fulfillops/internal/service/backup.go:165.16,167.3 1 0
github.com/fulfillops/fulfillops/internal/service/backup.go:168.2,171.36 3 0
github.com/fulfillops/fulfillops/internal/service/backup.go:171.36,173.3 1 0
github.com/fulfillops/fulfillops/internal/service/backup.go:175.2,179.20 4 0
github.com/fulfillops/fulfillops/internal/service/backup.go:179.20,181.3 1 0
github.com/fulfillops/fulfillops/internal/service/backup.go:182.2,182.20 1 0
github.com/fulfillops/fulfillops/internal/service/backup.go:182.20,184.3 1 0
github.com/fulfillops/fulfillops/internal/service/backup.go:186.2,189.21 2 0
github.com/fulfillops/fulfillops/internal/service/backup.go:189.21,190.48 1 0
github.com/fulfillops/fulfillops/internal/service/backup.go:190.48,193.4 2 0
github.com/fulfillops/fulfillops/internal/service/backup.go:194.3,197.24 2 0
github.com/fulfillops/fulfillops/internal/service/backup.go:197.24,202.4 1 0
github.com/fulfillops/fulfillops/internal/service/backup.go:205.2,205.12 1 0
github.com/fulfillops/fulfillops/internal/service/backup.go:214.68,265.34 5 0
github.com/fulfillops/fulfillops/internal/service/backup.go:265.34,267.3 1 0
github.com/fulfillops/fulfillops/internal/service/backup.go:268.2,268.12 1 0
github.com/fulfillops/fulfillops/internal/service/encryption.go:29.70,31.16 2 1
github.com/fulfillops/fulfillops/internal/service/encryption.go:31.16,33.3 1 1
github.com/fulfillops/fulfillops/internal/service/encryption.go:34.2,34.32 1 1
github.com/fulfillops/fulfillops/internal/service/encryption.go:34.32,36.3 1 1
github.com/fulfillops/fulfillops/internal/service/encryption.go:38.2,39.16 2 1
github.com/fulfillops/fulfillops/internal/service/encryption.go:39.16,41.3 1 0
github.com/fulfillops/fulfillops/internal/service/encryption.go:44.2,45.16 2 1
github.com/fulfillops/fulfillops/internal/service/encryption.go:45.16,47.3 1 1
github.com/fulfillops/fulfillops/internal/service/encryption.go:48.2,48.24 1 1
github.com/fulfillops/fulfillops/internal/service/encryption.go:48.24,50.3 1 1
github.com/fulfillops/fulfillops/internal/service/encryption.go:52.2,52.49 1 1
github.com/fulfillops/fulfillops/internal/service/encryption.go:57.74,59.16 2 1
github.com/fulfillops/fulfillops/internal/service/encryption.go:59.16,61.3 1 0
github.com/fulfillops/fulfillops/internal/service/encryption.go:62.2,63.16 2 1
github.com/fulfillops/fulfillops/internal/service/encryption.go:63.16,65.3 1 0
github.com/fulfillops/fulfillops/internal/service/encryption.go:67.2,68.59 2 1
github.com/fulfillops/fulfillops/internal/service/encryption.go:68.59,70.3 1 0
github.com/fulfillops/fulfillops/internal/service/encryption.go:72.2,73.24 2 1
github.com/fulfillops/fulfillops/internal/service/encryption.go:77.75,79.16 2 1
github.com/fulfillops/fulfillops/internal/service/encryption.go:79.16,81.3 1 0
github.com/fulfillops/fulfillops/internal/service/encryption.go:82.2,83.16 2 1
github.com/fulfillops/fulfillops/internal/service/encryption.go:83.16,85.3 1 0
github.com/fulfillops/fulfillops/internal/service/encryption.go:87.2,88.33 2 1
github.com/fulfillops/fulfillops/internal/service/encryption.go:88.33,90.3 1 0
github.com/fulfillops/fulfillops/internal/service/encryption.go:92.2,94.16 3 1
github.com/fulfillops/fulfillops/internal/service/encryption.go:94.16,96.3 1 0
github.com/fulfillops/fulfillops/internal/service/encryption.go:97.2,97.23 1 1
github.com/fulfillops/fulfillops/internal/service/encryption.go:101.74,103.2 1 1
github.com/fulfillops/fulfillops/internal/service/encryption.go:106.83,108.16 2 1
github.com/fulfillops/fulfillops/internal/service/encryption.go:108.16,110.3 1 0
github.com/fulfillops/fulfillops/internal/service/encryption.go:111.2,111.23 1 1
github.com/fulfillops/fulfillops/internal/service/exception.go:33.20,39.2 1 1
github.com/fulfillops/fulfillops/internal/service/exception.go:41.161,42.23 1 1
github.com/fulfillops/fulfillops/internal/service/exception.go:42.23,46.3 1 0
github.com/fulfillops/fulfillops/internal/service/exception.go:48.2,53.16 2 1
github.com/fulfillops/fulfillops/internal/service/exception.go:53.16,55.3 1 1
github.com/fulfillops/fulfillops/internal/service/exception.go:57.2,58.8 2 1
github.com/fulfillops/fulfillops/internal/service/exception.go:58.8,60.3 1 1
github.com/fulfillops/fulfillops/internal/service/exception.go:62.2,63.16 2 1
github.com/fulfillops/fulfillops/internal/service/exception.go:63.16,65.3 1 0
github.com/fulfillops/fulfillops/internal/service/exception.go:67.2,67.23 1 1
github.com/fulfillops/fulfillops/internal/service/exception.go:67.23,69.3 1 1
github.com/fulfillops/fulfillops/internal/service/exception.go:70.2,70.21 1 1
github.com/fulfillops/fulfillops/internal/service/exception.go:73.168,74.23 1 1
github.com/fulfillops/fulfillops/internal/service/exception.go:74.23,78.3 1 0
github.com/fulfillops/fulfillops/internal/service/exception.go:79.2,79.64 1 1
github.com/fulfillops/fulfillops/internal/service/exception.go:79.64,83.3 1 0
github.com/fulfillops/fulfillops/internal/service/exception.go:85.2,86.16 2 1
github.com/fulfillops/fulfillops/internal/service/exception.go:86.16,88.3 1 0
github.com/fulfillops/fulfillops/internal/service/exception.go:90.2,91.26 2 1
github.com/fulfillops/fulfillops/internal/service/exception.go:91.26,93.3 1 1
github.com/fulfillops/fulfillops/internal/service/exception.go:94.2,95.40 2 1
github.com/fulfillops/fulfillops/internal/service/exception.go:95.40,97.9 2 1
github.com/fulfillops/fulfillops/internal/service/exception.go:97.9,99.4 1 1
github.com/fulfillops/fulfillops/internal/service/exception.go:102.2,102.88 1 1
github.com/fulfillops/fulfillops/internal/service/exception.go:102.88,104.3 1 0
github.com/fulfillops/fulfillops/internal/service/exception.go:107.2,108.16 2 1
github.com/fulfillops/fulfillops/internal/service/exception.go:108.16,110.3 1 0
github.com/fulfillops/fulfillops/internal/service/exception.go:112.2,112.23 1 1
github.com/fulfillops/fulfillops/internal/service/exception.go:112.23,114.3 1 1
github.com/fulfillops/fulfillops/internal/service/exception.go:115.2,115.21 1 1
github.com/fulfillops/fulfillops/internal/service/exception.go:118.140,119.21 1 1
github.com/fulfillops/fulfillops/internal/service/exception.go:119.21,123.3 1 0
github.com/fulfillops/fulfillops/internal/service/exception.go:124.2,124.19 1 1
github.com/fulfillops/fulfillops/internal/service/exception.go:124.19,128.3 1 0
github.com/fulfillops/fulfillops/internal/service/exception.go:131.2,131.69 1 1
github.com/fulfillops/fulfillops/internal/service/exception.go:131.69,133.3 1 0
github.com/fulfillops/fulfillops/internal/service/exception.go:135.2,141.8 3 1
github.com/fulfillops/fulfillops/internal/service/exception.go:141.8,143.3 1 1
github.com/fulfillops/fulfillops/internal/service/exception.go:145.2,145.61 1 1
github.com/fulfillops/fulfillops/internal/service/exception.go:145.61,147.3 1 0
github.com/fulfillops/fulfillops/internal/service/exception.go:148.2,148.16 1 1
github.com/fulfillops/fulfillops/internal/service/exception.go:151.109,153.54 2 1
github.com/fulfillops/fulfillops/internal/service/exception.go:153.54,155.3 1 0
github.com/fulfillops/fulfillops/internal/service/exception.go:156.2,156.16 1 1
github.com/fulfillops/fulfillops/internal/service/exception.go:159.130,161.2 1 1
github.com/fulfillops/fulfillops/internal/service/export.go:45.17,54.2 1 1
github.com/fulfillops/fulfillops/internal/service/export.go:64.87,66.16 2 1
github.com/fulfillops/fulfillops/internal/service/export.go:66.16,68.3 1 0
github.com/fulfillops/fulfillops/internal/service/export.go:71.2,71.110 1 1
github.com/fulfillops/fulfillops/internal/service/export.go:71.110,73.3 1 0
github.com/fulfillops/fulfillops/internal/service/export.go:75.2,83.16 6 1
github.com/fulfillops/fulfillops/internal/service/export.go:83.16,86.3 2 0
github.com/fulfillops/fulfillops/internal/service/export.go:88.2,89.27 2 1
github.com/fulfillops/fulfillops/internal/service/export.go:90.22,91.78 1 1
github.com/fulfillops/fulfillops/internal/service/export.go:92.19,93.75 1 0
github.com/fulfillops/fulfillops/internal/service/export.go:94.15,95.46 1 0
github.com/fulfillops/fulfillops/internal/service/export.go:96.10,97.70 1 0
github.com/fulfillops/fulfillops/internal/service/export.go:99.2,101.21 2 1
github.com/fulfillops/fulfillops/internal/service/export.go:101.21,105.3 3 0
github.com/fulfillops/fulfillops/internal/service/export.go:108.2,109.16 2 1
github.com/fulfillops/fulfillops/internal/service/export.go:109.16,113.3 3 0
github.com/fulfillops/fulfillops/internal/service/export.go:115.2,116.16 2 1
github.com/fulfillops/fulfillops/internal/service/export.go:116.16,119.3 2 0
github.com/fulfillops/fulfillops/internal/service/export.go:120.2,123.118 3 1
github.com/fulfillops/fulfillops/internal/service/export.go:126.92,128.2 1 0
github.com/fulfillops/fulfillops/internal/service/export.go:130.131,135.26 2 1
github.com/fulfillops/fulfillops/internal/service/export.go:135.26,137.3 1 0
github.com/fulfillops/fulfillops/internal/service/export.go:138.2,138.27 1 1
github.com/fulfillops/fulfillops/internal/service/export.go:138.27,140.3 1 0
github.com/fulfillops/fulfillops/internal/service/export.go:143.2,144.16 2 1
github.com/fulfillops/fulfillops/internal/service/export.go:144.16,146.3 1 0
github.com/fulfillops/fulfillops/internal/service/export.go:148.2,150.22 2 1
github.com/fulfillops/fulfillops/internal/service/export.go:150.22,152.3 1 1
github.com/fulfillops/fulfillops/internal/service/export.go:154.2,155.34 2 1
github.com/fulfillops/fulfillops/internal/service/export.go:155.34,170.59 2 1
github.com/fulfillops/fulfillops/internal/service/export.go:170.59,173.4 2 1
github.com/fulfillops/fulfillops/internal/service/export.go:173.9,173.30 1 0
github.com/fulfillops/fulfillops/internal/service/export.go:173.30,175.4 1 0
github.com/fulfillops/fulfillops/internal/service/export.go:176.3,176.27 1 1
github.com/fulfillops/fulfillops/internal/service/export.go:179.2,179.40 1 1
github.com/fulfillops/fulfillops/internal/service/export.go:182.128,184.16 2 0
github.com/fulfillops/fulfillops/internal/service/export.go:184.16,186.3 1 0
github.com/fulfillops/fulfillops/internal/service/export.go:188.2,191.30 3 0
github.com/fulfillops/fulfillops/internal/service/export.go:191.30,195.23 3 0
github.com/fulfillops/fulfillops/internal/service/export.go:195.23,196.33 1 0
github.com/fulfillops/fulfillops/internal/service/export.go:196.33,198.5 1 0
github.com/fulfillops/fulfillops/internal/service/export.go:199.4,199.33 1 0
github.com/fulfillops/fulfillops/internal/service/export.go:199.33,201.5 1 0
github.com/fulfillops/fulfillops/internal/service/export.go:202.9,203.33 1 0
github.com/fulfillops/fulfillops/internal/service/export.go:203.33,206.5 2 0
github.com/fulfillops/fulfillops/internal/service/export.go:207.4,207.33 1 0
github.com/fulfillops/fulfillops/internal/service/export.go:207.33,210.5 2 0
github.com/fulfillops/fulfillops/internal/service/export.go:213.3,219.5 1 0
github.com/fulfillops/fulfillops/internal/service/export.go:222.2,222.40 1 0
github.com/fulfillops/fulfillops/internal/service/export.go:225.101,232.16 3 0
github.com/fulfillops/fulfillops/internal/service/export.go:232.16,234.3 1 0
github.com/fulfillops/fulfillops/internal/service/export.go:236.2,239.25 3 0
github.com/fulfillops/fulfillops/internal/service/export.go:239.25,241.27 2 0
github.com/fulfillops/fulfillops/internal/service/export.go:241.27,243.4 1 0
github.com/fulfillops/fulfillops/internal/service/export.go:244.3,245.25 2 0
github.com/fulfillops/fulfillops/internal/service/export.go:245.25,247.4 1 0
github.com/fulfillops/fulfillops/internal/service/export.go:248.3,249.25 2 0
github.com/fulfillops/fulfillops/internal/service/export.go:249.25,251.4 1 0
github.com/fulfillops/fulfillops/internal/service/export.go:252.3,253.24 2 0
github.com/fulfillops/fulfillops/internal/service/export.go:253.24,255.4 1 0
github.com/fulfillops/fulfillops/internal/service/export.go:256.3,265.5 1 0
github.com/fulfillops/fulfillops/internal/service/export.go:268.2,268.40 1 0
github.com/fulfillops/fulfillops/internal/service/export.go:271.95,273.16 2 1
github.com/fulfillops/fulfillops/internal/service/export.go:273.16,275.3 1 0
github.com/fulfillops/fulfillops/internal/service/export.go:277.2,277.103 1 1
github.com/fulfillops/fulfillops/internal/service/export.go:277.103,279.3 1 0
github.com/fulfillops/fulfillops/internal/service/export.go:281.2,282.16 2 1
github.com/fulfillops/fulfillops/internal/service/export.go:282.16,284.3 1 0
github.com/fulfillops/fulfillops/internal/service/export.go:286.2,286.46 1 1
github.com/fulfillops/fulfillops/internal/service/export.go:289.35,290.14 1 1
github.com/fulfillops/fulfillops/internal/service/export.go:290.14,292.3 1 1
github.com/fulfillops/fulfillops/internal/service/export.go:293.2,293.11 1 0
github.com/fulfillops/fulfillops/internal/service/export.go:296.39,297.14 1 1
github.com/fulfillops/fulfillops/internal/service/export.go:297.14,299.3 1 1
github.com/fulfillops/fulfillops/internal/service/export.go:300.2,300.31 1 0
github.com/fulfillops/fulfillops/internal/service/fulfillment.go:23.65,24.32 1 0
github.com/fulfillops/fulfillops/internal/service/fulfillment.go:24.32,28.3 1 0
github.com/fulfillops/fulfillops/internal/service/fulfillment.go:29.2,29.18 1 0
github.com/fulfillops/fulfillops/internal/service/fulfillment.go:29.18,33.3 1 0
github.com/fulfillops/fulfillops/internal/service/fulfillment.go:34.2,34.40 1 0
github.com/fulfillops/fulfillops/internal/service/fulfillment.go:34.40,38.3 1 0
github.com/fulfillops/fulfillops/internal/service/fulfillment.go:39.2,39.40 1 0
github.com/fulfillops/fulfillops/internal/service/fulfillment.go:39.40,43.3 1 0
github.com/fulfillops/fulfillops/internal/service/fulfillment.go:44.2,44.12 1 0
github.com/fulfillops/fulfillops/internal/service/fulfillment.go:121.22,132.2 1 1
github.com/fulfillops/fulfillops/internal/service/fulfillment.go:139.117,140.27 1 1
github.com/fulfillops/fulfillops/internal/service/fulfillment.go:140.27,144.3 1 0
github.com/fulfillops/fulfillops/internal/service/fulfillment.go:146.2,148.51 2 1
github.com/fulfillops/fulfillops/internal/service/fulfillment.go:148.51,151.17 2 1
github.com/fulfillops/fulfillops/internal/service/fulfillment.go:151.17,153.4 1 0
github.com/fulfillops/fulfillops/internal/service/fulfillment.go:156.3,158.17 3 1
github.com/fulfillops/fulfillops/internal/service/fulfillment.go:158.17,160.4 1 0
github.com/fulfillops/fulfillops/internal/service/fulfillment.go:161.3,161.34 1 1
github.com/fulfillops/fulfillops/internal/service/fulfillment.go:161.34,163.4 1 1
github.com/fulfillops/fulfillops/internal/service/fulfillment.go:166.3,173.17 3 1
github.com/fulfillops/fulfillops/internal/service/fulfillment.go:173.17,175.4 1 0
github.com/fulfillops/fulfillops/internal/service/fulfillment.go:178.3,178.83 1 1
github.com/fulfillops/fulfillops/internal/service/fulfillment.go:178.83,180.4 1 1
github.com/fulfillops/fulfillops/internal/service/fulfillment.go:183.3,188.18 2 1
github.com/fulfillops/fulfillops/internal/service/fulfillment.go:188.18,190.4 1 0
github.com/fulfillops/fulfillops/internal/service/fulfillment.go:192.3,192.13 1 1
github.com/fulfillops/fulfillops/internal/service/fulfillment.go:194.2,194.16 1 1
github.com/fulfillops/fulfillops/internal/service/fulfillment.go:194.16,196.3 1 1
github.com/fulfillops/fulfillops/internal/service/fulfillment.go:199.2,199.23 1 1
github.com/fulfillops/fulfillops/internal/service/fulfillment.go:199.23,201.3 1 1
github.com/fulfillops/fulfillops/internal/service/fulfillment.go:203.2,203.21 1 1
github.com/fulfillops/fulfillops/internal/service/fulfillment.go:208.114,209.31 1 1
github.com/fulfillops/fulfillops/internal/service/fulfillment.go:209.31,213.3 1 0
github.com/fulfillops/fulfillops/internal/service/fulfillment.go:215.2,217.51 2 1
github.com/fulfillops/fulfillops/internal/service/fulfillment.go:217.51,220.17 2 1
github.com/fulfillops/fulfillops/internal/service/fulfillment.go:220.17,222.4 1 0
github.com/fulfillops/fulfillops/internal/service/fulfillment.go:225.3,225.71 1 1
github.com/fulfillops/fulfillops/internal/service/fulfillment.go:225.71,227.4 1 0
github.com/fulfillops/fulfillops/internal/service/fulfillment.go:230.3,230.60 1 1
github.com/fulfillops/fulfillops/internal/service/fulfillment.go:230.60,232.4 1 1
github.com/fulfillops/fulfillops/internal/service/fulfillment.go:235.3,235.25 1 1
github.com/fulfillops/fulfillops/internal/service/fulfillment.go:236.29,237.37 1 1
github.com/fulfillops/fulfillops/internal/service/fulfillment.go:237.37,241.5 1 0
github.com/fulfillops/fulfillops/internal/service/fulfillment.go:242.35,243.36 1 0
github.com/fulfillops/fulfillops/internal/service/fulfillment.go:243.36,247.5 1 0
github.com/fulfillops/fulfillops/internal/service/fulfillment.go:248.31,249.37 1 1
github.com/fulfillops/fulfillops/internal/service/fulfillment.go:249.37,253.5 1 0
github.com/fulfillops/fulfillops/internal/service/fulfillment.go:256.3,261.25 4 1
github.com/fulfillops/fulfillops/internal/service/fulfillment.go:262.33,265.91 2 1
github.com/fulfillops/fulfillops/internal/service/fulfillment.go:265.91,266.71 1 0
github.com/fulfillops/fulfillops/internal/service/fulfillment.go:266.71,268.6 1 0
github.com/fulfillops/fulfillops/internal/service/fulfillment.go:269.5,277.67 2 0
github.com/fulfillops/fulfillops/internal/service/fulfillment.go:277.67,279.6 1 0
github.com/fulfillops/fulfillops/internal/service/fulfillment.go:282.29,283.37 1 1
github.com/fulfillops/fulfillops/internal/service/fulfillment.go:283.37,284.61 1 1
github.com/fulfillops/fulfillops/internal/service/fulfillment.go:284.61,288.6 1 0
github.com/fulfillops/fulfillops/internal/service/fulfillment.go:289.5,289.95 1 1
github.com/fulfillops/fulfillops/internal/service/fulfillment.go:289.95,293.6 1 1
github.com/fulfillops/fulfillops/internal/service/fulfillment.go:294.5,295.44 2 1
github.com/fulfillops/fulfillops/internal/service/fulfillment.go:297.4,297.22 1 1
github.com/fulfillops/fulfillops/internal/service/fulfillment.go:299.35,300.35 1 0
github.com/fulfillops/fulfillops/internal/service/fulfillment.go:300.35,304.5 1 0
github.com/fulfillops/fulfillops/internal/service/fulfillment.go:305.4,306.49 2 0
github.com/fulfillops/fulfillops/internal/service/fulfillment.go:308.31,309.24 1 1
github.com/fulfillops/fulfillops/internal/service/fulfillment.go:311.31,312.24 1 1
github.com/fulfillops/fulfillops/internal/service/fulfillment.go:314.28,315.50 1 0
github.com/fulfillops/fulfillops/internal/service/fulfillment.go:315.50,319.5 1 0
github.com/fulfillops/fulfillops/internal/service/fulfillment.go:320.4,320.31 1 0
github.com/fulfillops/fulfillops/internal/service/fulfillment.go:322.30,323.50 1 1
github.com/fulfillops/fulfillops/internal/service/fulfillment.go:323.50,327.5 1 0
github.com/fulfillops/fulfillops/internal/service/fulfillment.go:328.4,330.88 2 1
github.com/fulfillops/fulfillops/internal/service/fulfillment.go:330.88,332.5 1 0
github.com/fulfillops/fulfillops/internal/service/fulfillment.go:336.3,337.17 2 1
github.com/fulfillops/fulfillops/internal/service/fulfillment.go:337.17,339.4 1 0
github.com/fulfillops/fulfillops/internal/service/fulfillment.go:342.3,344.26 3 1
github.com/fulfillops/fulfillops/internal/service/fulfillment.go:344.26,346.4 1 1
github.com/fulfillops/fulfillops/internal/service/fulfillment.go:347.3,353.18 1 1
github.com/fulfillops/fulfillops/internal/service/fulfillment.go:353.18,355.4 1 0
github.com/fulfillops/fulfillops/internal/service/fulfillment.go:359.3,359.53 1 1
github.com/fulfillops/fulfillops/internal/service/fulfillment.go:359.53,366.63 3 1
github.com/fulfillops/fulfillops/internal/service/fulfillment.go:366.63,368.5 1 0
github.com/fulfillops/fulfillops/internal/service/fulfillment.go:371.3,371.13 1 1
github.com/fulfillops/fulfillops/internal/service/fulfillment.go:373.2,373.16 1 1
github.com/fulfillops/fulfillops/internal/service/fulfillment.go:373.16,375.3 1 1
github.com/fulfillops/fulfillops/internal/service/fulfillment.go:377.2,377.23 1 1
github.com/fulfillops/fulfillops/internal/service/fulfillment.go:377.23,379.3 1 1
github.com/fulfillops/fulfillops/internal/service/fulfillment.go:381.2,381.21 1 1
github.com/fulfillops/fulfillops/internal/service/inventory.go:27.129,29.2 1 1
github.com/fulfillops/fulfillops/internal/service/inventory.go:31.107,32.74 1 1
github.com/fulfillops/fulfillops/internal/service/inventory.go:32.74,34.3 1 1
github.com/fulfillops/fulfillops/internal/service/inventory.go:35.2,39.12 2 1
github.com/fulfillops/fulfillops/internal/service/inventory.go:42.107,43.86 1 1
github.com/fulfillops/fulfillops/internal/service/inventory.go:43.86,45.3 1 0
github.com/fulfillops/fulfillops/internal/service/inventory.go:46.2,46.58 1 1
github.com/fulfillops/fulfillops/internal/service/messaging.go:37.20,43.2 1 1
github.com/fulfillops/fulfillops/internal/service/messaging.go:45.174,47.16 2 1
github.com/fulfillops/fulfillops/internal/service/messaging.go:47.16,49.3 1 0
github.com/fulfillops/fulfillops/internal/service/messaging.go:51.2,52.16 2 1
github.com/fulfillops/fulfillops/internal/service/messaging.go:52.16,54.3 1 0
github.com/fulfillops/fulfillops/internal/service/messaging.go:56.2,64.22 2 1
github.com/fulfillops/fulfillops/internal/service/messaging.go:65.27,74.73 3 1
github.com/fulfillops/fulfillops/internal/service/messaging.go:74.73,76.4 1 0
github.com/fulfillops/fulfillops/internal/service/messaging.go:77.3,77.31 1 1
github.com/fulfillops/fulfillops/internal/service/messaging.go:79.46,82.29 2 1
github.com/fulfillops/fulfillops/internal/service/messaging.go:85.2,85.39 1 1
github.com/fulfillops/fulfillops/internal/service/messaging.go:88.81,91.2 2 1
github.com/fulfillops/fulfillops/internal/service/messaging.go:93.92,96.16 3 0
github.com/fulfillops/fulfillops/internal/service/messaging.go:96.16,98.3 1 0
github.com/fulfillops/fulfillops/internal/service/messaging.go:100.2,101.25 2 0
github.com/fulfillops/fulfillops/internal/service/messaging.go:101.25,102.36 1 0
github.com/fulfillops/fulfillops/internal/service/messaging.go:102.36,103.88 1 0
github.com/fulfillops/fulfillops/internal/service/messaging.go:103.88,105.5 1 0
github.com/fulfillops/fulfillops/internal/service/messaging.go:106.4,106.12 1 0
github.com/fulfillops/fulfillops/internal/service/messaging.go:109.3,109.20 1 0
github.com/fulfillops/fulfillops/internal/service/messaging.go:110.28,111.27 1 0
github.com/fulfillops/fulfillops/internal/service/messaging.go:111.27,113.19 2 0
github.com/fulfillops/fulfillops/internal/service/messaging.go:113.19,121.76 3 0
github.com/fulfillops/fulfillops/internal/service/messaging.go:121.76,124.15 3 0
github.com/fulfillops/fulfillops/internal/service/messaging.go:129.4,132.13 4 0
github.com/fulfillops/fulfillops/internal/service/messaging.go:134.47,139.13 4 0
github.com/fulfillops/fulfillops/internal/service/messaging.go:142.2,142.21 1 0
github.com/fulfillops/fulfillops/internal/service/sla.go:28.127,30.2 1 1
github.com/fulfillops/fulfillops/internal/service/sla.go:39.87,47.80 2 1
github.com/fulfillops/fulfillops/internal/service/sla.go:47.80,49.47 2 1
github.com/fulfillops/fulfillops/internal/service/sla.go:49.47,51.4 1 1
github.com/fulfillops/fulfillops/internal/service/sla.go:53.2,53.78 1 1
github.com/fulfillops/fulfillops/internal/service/sla.go:53.78,55.47 2 1
github.com/fulfillops/fulfillops/internal/service/sla.go:55.47,57.4 1 1
github.com/fulfillops/fulfillops/internal/service/sla.go:59.2,59.73 1 1
github.com/fulfillops/fulfillops/internal/service/sla.go:59.73,61.50 2 1
github.com/fulfillops/fulfillops/internal/service/sla.go:61.50,63.4 1 1
github.com/fulfillops/fulfillops/internal/service/sla.go:65.2,65.68 1 1
github.com/fulfillops/fulfillops/internal/service/sla.go:65.68,67.48 2 1
github.com/fulfillops/fulfillops/internal/service/sla.go:67.48,69.4 1 1
github.com/fulfillops/fulfillops/internal/service/sla.go:71.2,71.17 1 1
github.com/fulfillops/fulfillops/internal/service/sla.go:74.129,75.34 1 1
github.com/fulfillops/fulfillops/internal/service/sla.go:75.34,77.3 1 1
github.com/fulfillops/fulfillops/internal/service/sla.go:80.2,81.16 2 1
github.com/fulfillops/fulfillops/internal/service/sla.go:81.16,83.3 1 0
github.com/fulfillops/fulfillops/internal/service/sla.go:85.2,86.16 2 1
github.com/fulfillops/fulfillops/internal/service/sla.go:86.16,88.3 1 0
github.com/fulfillops/fulfillops/internal/service/sla.go:91.2,91.59 1 1
github.com/fulfillops/fulfillops/internal/service/sla.go:91.59,93.21 2 1
github.com/fulfillops/fulfillops/internal/service/sla.go:93.21,96.4 2 1
github.com/fulfillops/fulfillops/internal/service/sla.go:97.3,97.87 1 1
github.com/fulfillops/fulfillops/internal/service/sla.go:101.2,103.30 3 1
github.com/fulfillops/fulfillops/internal/service/sla.go:103.30,105.3 1 0
github.com/fulfillops/fulfillops/internal/service/sla.go:107.2,107.42 1 1
github.com/fulfillops/fulfillops/internal/service/sla.go:107.42,111.14 3 1
github.com/fulfillops/fulfillops/internal/service/sla.go:111.14,113.4 1 1
github.com/fulfillops/fulfillops/internal/service/sla.go:114.3,114.38 1 1
github.com/fulfillops/fulfillops/internal/service/sla.go:114.38,115.15 1 1
github.com/fulfillops/fulfillops/internal/service/sla.go:115.15,116.10 1 1
github.com/fulfillops/fulfillops/internal/service/sla.go:119.3,120.38 2 1
github.com/fulfillops/fulfillops/internal/service/sla.go:120.38,121.15 1 1
github.com/fulfillops/fulfillops/internal/service/sla.go:121.15,123.10 2 1
github.com/fulfillops/fulfillops/internal/service/sla.go:126.3,126.13 1 1
github.com/fulfillops/fulfillops/internal/service/sla.go:126.13,128.4 1 1
github.com/fulfillops/fulfillops/internal/service/sla.go:129.3,129.46 1 1
github.com/fulfillops/fulfillops/internal/service/sla.go:132.2,135.20 3 1
github.com/fulfillops/fulfillops/internal/service/sla.go:135.20,136.30 1 1
github.com/fulfillops/fulfillops/internal/service/sla.go:136.30,139.12 2 1
github.com/fulfillops/fulfillops/internal/service/sla.go:141.3,145.31 3 1
github.com/fulfillops/fulfillops/internal/service/sla.go:145.31,147.4 1 0
github.com/fulfillops/fulfillops/internal/service/sla.go:149.3,149.30 1 1
github.com/fulfillops/fulfillops/internal/service/sla.go:149.30,151.12 2 0
github.com/fulfillops/fulfillops/internal/service/sla.go:154.3,155.34 2 1
github.com/fulfillops/fulfillops/internal/service/sla.go:155.34,158.4 2 1
github.com/fulfillops/fulfillops/internal/service/sla.go:158.9,161.4 2 1
github.com/fulfillops/fulfillops/internal/service/sla.go:164.2,164.27 1 1
github.com/fulfillops/fulfillops/internal/service/sla.go:167.57,169.2 1 1
github.com/fulfillops/fulfillops/internal/service/user.go:30.92,32.2 1 1
github.com/fulfillops/fulfillops/internal/service/user.go:35.106,37.16 2 1
github.com/fulfillops/fulfillops/internal/service/user.go:37.16,38.41 1 0
github.com/fulfillops/fulfillops/internal/service/user.go:38.41,40.4 1 0
github.com/fulfillops/fulfillops/internal/service/user.go:41.3,41.18 1 0
github.com/fulfillops/fulfillops/internal/service/user.go:43.2,43.20 1 1
github.com/fulfillops/fulfillops/internal/service/user.go:43.20,45.3 1 0
github.com/fulfillops/fulfillops/internal/service/user.go:46.2,46.99 1 1
github.com/fulfillops/fulfillops/internal/service/user.go:46.99,48.3 1 1
github.com/fulfillops/fulfillops/internal/service/user.go:49.2,49.18 1 1
github.com/fulfillops/fulfillops/internal/service/user.go:53.133,54.21 1 1
github.com/fulfillops/fulfillops/internal/service/user.go:54.21,58.3 1 0
github.com/fulfillops/fulfillops/internal/service/user.go:59.2,59.23 1 1
github.com/fulfillops/fulfillops/internal/service/user.go:59.23,63.3 1 0
github.com/fulfillops/fulfillops/internal/service/user.go:65.2,66.16 2 1
github.com/fulfillops/fulfillops/internal/service/user.go:66.16,68.3 1 0
github.com/fulfillops/fulfillops/internal/service/user.go:70.2,79.16 3 1
github.com/fulfillops/fulfillops/internal/service/user.go:79.16,81.3 1 0
github.com/fulfillops/fulfillops/internal/service/user.go:83.2,83.23 1 1
github.com/fulfillops/fulfillops/internal/service/user.go:83.23,88.3 1 1
github.com/fulfillops/fulfillops/internal/service/user.go:89.2,89.21 1 1
github.com/fulfillops/fulfillops/internal/service/user.go:93.127,94.21 1 1
github.com/fulfillops/fulfillops/internal/service/user.go:94.21,98.3 1 0
github.com/fulfillops/fulfillops/internal/service/user.go:100.2,101.16 2 1
github.com/fulfillops/fulfillops/internal/service/user.go:101.16,103.3 1 0
github.com/fulfillops/fulfillops/internal/service/user.go:104.2,110.16 5 1
github.com/fulfillops/fulfillops/internal/service/user.go:110.16,112.3 1 0
github.com/fulfillops/fulfillops/internal/service/user.go:114.2,114.23 1 1
github.com/fulfillops/fulfillops/internal/service/user.go:114.23,116.3 1 1
github.com/fulfillops/fulfillops/internal/service/user.go:117.2,117.21 1 1
github.com/fulfillops/fulfillops/internal/service/user.go:121.79,122.55 1 1
github.com/fulfillops/fulfillops/internal/service/user.go:122.55,124.3 1 0
github.com/fulfillops/fulfillops/internal/service/user.go:125.2,125.23 1 1
github.com/fulfillops/fulfillops/internal/service/user.go:125.23,127.3 1 1
github.com/fulfillops/fulfillops/internal/service/user.go:128.2,128.12 1 1
github.com/fulfillops/fulfillops/internal/service/user.go:131.88,133.2 1 0
github.com/fulfillops/fulfillops/internal/service/user.go:135.110,137.2 1 1
