mode: set
github.com/fulfillops/fulfillops/internal/repository/audit.go:31.61,33.2 1 0
github.com/fulfillops/fulfillops/internal/repository/audit.go:35.77,46.2 4 0
github.com/fulfillops/fulfillops/internal/repository/audit.go:48.122,54.23 5 0
github.com/fulfillops/fulfillops/internal/repository/audit.go:54.23,58.3 3 0
github.com/fulfillops/fulfillops/internal/repository/audit.go:59.2,59.23 1 0
github.com/fulfillops/fulfillops/internal/repository/audit.go:59.23,63.3 3 0
github.com/fulfillops/fulfillops/internal/repository/audit.go:64.2,64.23 1 0
github.com/fulfillops/fulfillops/internal/repository/audit.go:64.23,68.3 3 0
github.com/fulfillops/fulfillops/internal/repository/audit.go:69.2,69.26 1 0
github.com/fulfillops/fulfillops/internal/repository/audit.go:69.26,73.3 3 0
github.com/fulfillops/fulfillops/internal/repository/audit.go:74.2,74.23 1 0
github.com/fulfillops/fulfillops/internal/repository/audit.go:74.23,78.3 3 0
github.com/fulfillops/fulfillops/internal/repository/audit.go:79.2,79.21 1 0
github.com/fulfillops/fulfillops/internal/repository/audit.go:79.21,83.3 3 0
github.com/fulfillops/fulfillops/internal/repository/audit.go:85.2,88.114 4 0
github.com/fulfillops/fulfillops/internal/repository/audit.go:88.114,90.3 1 0
github.com/fulfillops/fulfillops/internal/repository/audit.go:92.2,98.16 3 0
github.com/fulfillops/fulfillops/internal/repository/audit.go:98.16,100.3 1 0
github.com/fulfillops/fulfillops/internal/repository/audit.go:101.2,102.26 2 0
github.com/fulfillops/fulfillops/internal/repository/blackout_date.go:23.75,25.2 1 0
github.com/fulfillops/fulfillops/internal/repository/blackout_date.go:27.87,30.16 2 0
github.com/fulfillops/fulfillops/internal/repository/blackout_date.go:30.16,32.3 1 0
github.com/fulfillops/fulfillops/internal/repository/blackout_date.go:33.2,33.74 1 0
github.com/fulfillops/fulfillops/internal/repository/blackout_date.go:36.112,44.2 4 0
github.com/fulfillops/fulfillops/internal/repository/blackout_date.go:46.78,49.2 2 0
github.com/fulfillops/fulfillops/internal/repository/blackout_date.go:51.115,55.16 2 0
github.com/fulfillops/fulfillops/internal/repository/blackout_date.go:55.16,57.3 1 0
github.com/fulfillops/fulfillops/internal/repository/blackout_date.go:58.2,58.74 1 0
github.com/fulfillops/fulfillops/internal/repository/connection.go:12.76,14.16 2 0
github.com/fulfillops/fulfillops/internal/repository/connection.go:14.16,16.3 1 0
github.com/fulfillops/fulfillops/internal/repository/connection.go:18.2,25.16 7 0
github.com/fulfillops/fulfillops/internal/repository/connection.go:25.16,27.3 1 0
github.com/fulfillops/fulfillops/internal/repository/connection.go:29.2,29.39 1 0
github.com/fulfillops/fulfillops/internal/repository/connection.go:29.39,32.3 2 0
github.com/fulfillops/fulfillops/internal/repository/connection.go:34.2,34.18 1 0
github.com/fulfillops/fulfillops/internal/repository/customer.go:27.67,29.2 1 1
github.com/fulfillops/fulfillops/internal/repository/customer.go:31.140,35.21 3 1
github.com/fulfillops/fulfillops/internal/repository/customer.go:35.21,37.3 1 1
github.com/fulfillops/fulfillops/internal/repository/customer.go:39.2,41.78 2 1
github.com/fulfillops/fulfillops/internal/repository/customer.go:41.78,43.3 1 0
github.com/fulfillops/fulfillops/internal/repository/customer.go:45.2,51.16 2 1
github.com/fulfillops/fulfillops/internal/repository/customer.go:51.16,53.3 1 0
github.com/fulfillops/fulfillops/internal/repository/customer.go:54.2,55.30 2 1
github.com/fulfillops/fulfillops/internal/repository/customer.go:58.95,63.16 2 0
github.com/fulfillops/fulfillops/internal/repository/customer.go:63.16,65.3 1 0
github.com/fulfillops/fulfillops/internal/repository/customer.go:66.2,67.35 2 0
github.com/fulfillops/fulfillops/internal/repository/customer.go:67.35,69.3 1 0
github.com/fulfillops/fulfillops/internal/repository/customer.go:70.2,70.16 1 0
github.com/fulfillops/fulfillops/internal/repository/customer.go:73.100,85.16 6 1
github.com/fulfillops/fulfillops/internal/repository/customer.go:85.16,87.3 1 0
github.com/fulfillops/fulfillops/internal/repository/customer.go:88.2,88.15 1 1
github.com/fulfillops/fulfillops/internal/repository/customer.go:91.100,100.16 3 0
github.com/fulfillops/fulfillops/internal/repository/customer.go:100.16,102.3 1 0
github.com/fulfillops/fulfillops/internal/repository/customer.go:103.2,103.29 1 0
github.com/fulfillops/fulfillops/internal/repository/customer.go:103.29,105.3 1 0
github.com/fulfillops/fulfillops/internal/repository/customer.go:106.2,106.29 1 0
github.com/fulfillops/fulfillops/internal/repository/customer.go:109.99,113.16 2 1
github.com/fulfillops/fulfillops/internal/repository/customer.go:113.16,115.3 1 0
github.com/fulfillops/fulfillops/internal/repository/customer.go:116.2,116.29 1 1
github.com/fulfillops/fulfillops/internal/repository/customer.go:116.29,118.3 1 0
github.com/fulfillops/fulfillops/internal/repository/customer.go:119.2,119.12 1 1
github.com/fulfillops/fulfillops/internal/repository/customer.go:122.75,126.16 2 0
github.com/fulfillops/fulfillops/internal/repository/customer.go:126.16,128.3 1 0
github.com/fulfillops/fulfillops/internal/repository/customer.go:129.2,129.29 1 0
github.com/fulfillops/fulfillops/internal/repository/customer.go:129.29,131.3 1 0
github.com/fulfillops/fulfillops/internal/repository/customer.go:132.2,132.12 1 0
github.com/fulfillops/fulfillops/internal/repository/exception.go:34.69,36.2 1 0
github.com/fulfillops/fulfillops/internal/repository/exception.go:38.112,43.20 4 0
github.com/fulfillops/fulfillops/internal/repository/exception.go:43.20,47.3 3 0
github.com/fulfillops/fulfillops/internal/repository/exception.go:48.2,48.18 1 0
github.com/fulfillops/fulfillops/internal/repository/exception.go:48.18,52.3 3 0
github.com/fulfillops/fulfillops/internal/repository/exception.go:53.2,53.28 1 0
github.com/fulfillops/fulfillops/internal/repository/exception.go:53.28,57.3 3 0
github.com/fulfillops/fulfillops/internal/repository/exception.go:58.2,58.25 1 0
github.com/fulfillops/fulfillops/internal/repository/exception.go:58.25,62.3 3 0
github.com/fulfillops/fulfillops/internal/repository/exception.go:63.2,63.23 1 0
github.com/fulfillops/fulfillops/internal/repository/exception.go:63.23,67.3 3 0
github.com/fulfillops/fulfillops/internal/repository/exception.go:68.2,73.16 3 0
github.com/fulfillops/fulfillops/internal/repository/exception.go:73.16,75.3 1 0
github.com/fulfillops/fulfillops/internal/repository/exception.go:76.2,76.82 1 0
github.com/fulfillops/fulfillops/internal/repository/exception.go:79.108,83.16 2 0
github.com/fulfillops/fulfillops/internal/repository/exception.go:83.16,85.3 1 0
github.com/fulfillops/fulfillops/internal/repository/exception.go:86.2,87.35 2 0
github.com/fulfillops/fulfillops/internal/repository/exception.go:87.35,89.3 1 0
github.com/fulfillops/fulfillops/internal/repository/exception.go:90.2,90.16 1 0
github.com/fulfillops/fulfillops/internal/repository/exception.go:93.125,97.20 4 0
github.com/fulfillops/fulfillops/internal/repository/exception.go:97.20,99.3 1 0
github.com/fulfillops/fulfillops/internal/repository/exception.go:101.2,107.16 2 0
github.com/fulfillops/fulfillops/internal/repository/exception.go:107.16,109.3 1 0
github.com/fulfillops/fulfillops/internal/repository/exception.go:110.2,110.15 1 0
github.com/fulfillops/fulfillops/internal/repository/exception.go:113.149,120.2 2 0
github.com/fulfillops/fulfillops/internal/repository/exception.go:122.141,129.2 3 0
github.com/fulfillops/fulfillops/internal/repository/exception_event.go:22.79,24.2 1 0
github.com/fulfillops/fulfillops/internal/repository/exception_event.go:26.92,35.2 4 0
github.com/fulfillops/fulfillops/internal/repository/exception_event.go:37.127,41.16 2 0
github.com/fulfillops/fulfillops/internal/repository/exception_event.go:41.16,43.3 1 0
github.com/fulfillops/fulfillops/internal/repository/exception_event.go:44.2,44.76 1 0
github.com/fulfillops/fulfillops/internal/repository/fulfillment.go:39.73,41.2 1 1
github.com/fulfillops/fulfillops/internal/repository/fulfillment.go:48.143,54.26 5 0
github.com/fulfillops/fulfillops/internal/repository/fulfillment.go:54.26,58.3 3 0
github.com/fulfillops/fulfillops/internal/repository/fulfillment.go:59.2,59.27 1 0
github.com/fulfillops/fulfillops/internal/repository/fulfillment.go:59.27,63.3 3 0
github.com/fulfillops/fulfillops/internal/repository/fulfillment.go:64.2,64.31 1 0
github.com/fulfillops/fulfillops/internal/repository/fulfillment.go:64.31,68.3 3 0
github.com/fulfillops/fulfillops/internal/repository/fulfillment.go:69.2,69.24 1 0
github.com/fulfillops/fulfillops/internal/repository/fulfillment.go:69.24,73.3 3 0
github.com/fulfillops/fulfillops/internal/repository/fulfillment.go:74.2,74.29 1 0
github.com/fulfillops/fulfillops/internal/repository/fulfillment.go:74.29,78.3 3 0
github.com/fulfillops/fulfillops/internal/repository/fulfillment.go:79.2,79.27 1 0
github.com/fulfillops/fulfillops/internal/repository/fulfillment.go:79.27,83.3 3 0
github.com/fulfillops/fulfillops/internal/repository/fulfillment.go:85.2,88.116 4 0
github.com/fulfillops/fulfillops/internal/repository/fulfillment.go:88.116,90.3 1 0
github.com/fulfillops/fulfillops/internal/repository/fulfillment.go:92.2,97.16 3 0
github.com/fulfillops/fulfillops/internal/repository/fulfillment.go:97.16,99.3 1 0
github.com/fulfillops/fulfillops/internal/repository/fulfillment.go:100.2,101.26 2 0
github.com/fulfillops/fulfillops/internal/repository/fulfillment.go:104.101,106.2 1 0
github.com/fulfillops/fulfillops/internal/repository/fulfillment.go:108.121,110.2 1 0
github.com/fulfillops/fulfillops/internal/repository/fulfillment.go:112.120,130.16 6 1
github.com/fulfillops/fulfillops/internal/repository/fulfillment.go:130.16,132.3 1 0
github.com/fulfillops/fulfillops/internal/repository/fulfillment.go:133.2,133.15 1 1
github.com/fulfillops/fulfillops/internal/repository/fulfillment.go:136.120,149.16 3 1
github.com/fulfillops/fulfillops/internal/repository/fulfillment.go:149.16,151.3 1 0
github.com/fulfillops/fulfillops/internal/repository/fulfillment.go:152.2,152.29 1 1
github.com/fulfillops/fulfillops/internal/repository/fulfillment.go:152.29,154.3 1 1
github.com/fulfillops/fulfillops/internal/repository/fulfillment.go:155.2,156.15 2 1
github.com/fulfillops/fulfillops/internal/repository/fulfillment.go:159.144,166.2 3 1
github.com/fulfillops/fulfillops/internal/repository/fulfillment.go:168.102,172.16 2 0
github.com/fulfillops/fulfillops/internal/repository/fulfillment.go:172.16,174.3 1 0
github.com/fulfillops/fulfillops/internal/repository/fulfillment.go:175.2,175.29 1 0
github.com/fulfillops/fulfillops/internal/repository/fulfillment.go:175.29,177.3 1 0
github.com/fulfillops/fulfillops/internal/repository/fulfillment.go:178.2,178.12 1 0
github.com/fulfillops/fulfillops/internal/repository/fulfillment.go:181.78,185.16 2 0
github.com/fulfillops/fulfillops/internal/repository/fulfillment.go:185.16,187.3 1 0
github.com/fulfillops/fulfillops/internal/repository/fulfillment.go:188.2,188.29 1 0
github.com/fulfillops/fulfillops/internal/repository/fulfillment.go:188.29,190.3 1 0
github.com/fulfillops/fulfillops/internal/repository/fulfillment.go:191.2,191.12 1 0
github.com/fulfillops/fulfillops/internal/repository/fulfillment.go:194.92,201.16 2 0
github.com/fulfillops/fulfillops/internal/repository/fulfillment.go:201.16,203.3 1 0
github.com/fulfillops/fulfillops/internal/repository/fulfillment.go:204.2,204.73 1 0
github.com/fulfillops/fulfillops/internal/repository/fulfillment.go:207.111,209.15 2 0
github.com/fulfillops/fulfillops/internal/repository/fulfillment.go:209.15,211.3 1 0
github.com/fulfillops/fulfillops/internal/repository/fulfillment.go:212.2,213.16 2 0
github.com/fulfillops/fulfillops/internal/repository/fulfillment.go:213.16,215.3 1 0
github.com/fulfillops/fulfillops/internal/repository/fulfillment.go:216.2,217.35 2 0
github.com/fulfillops/fulfillops/internal/repository/fulfillment.go:217.35,219.3 1 0
github.com/fulfillops/fulfillops/internal/repository/fulfillment.go:220.2,220.16 1 0
github.com/fulfillops/fulfillops/internal/repository/job_run.go:30.63,32.2 1 0
github.com/fulfillops/fulfillops/internal/repository/job_run.go:34.110,45.2 6 0
github.com/fulfillops/fulfillops/internal/repository/job_run.go:47.128,53.2 3 0
github.com/fulfillops/fulfillops/internal/repository/job_run.go:55.129,61.21 5 0
github.com/fulfillops/fulfillops/internal/repository/job_run.go:61.21,65.3 3 0
github.com/fulfillops/fulfillops/internal/repository/job_run.go:66.2,66.20 1 0
github.com/fulfillops/fulfillops/internal/repository/job_run.go:66.20,70.3 3 0
github.com/fulfillops/fulfillops/internal/repository/job_run.go:71.2,71.26 1 0
github.com/fulfillops/fulfillops/internal/repository/job_run.go:71.26,75.3 3 0
github.com/fulfillops/fulfillops/internal/repository/job_run.go:76.2,76.24 1 0
github.com/fulfillops/fulfillops/internal/repository/job_run.go:76.24,80.3 3 0
github.com/fulfillops/fulfillops/internal/repository/job_run.go:82.2,85.119 4 0
github.com/fulfillops/fulfillops/internal/repository/job_run.go:85.119,87.3 1 0
github.com/fulfillops/fulfillops/internal/repository/job_run.go:89.2,95.16 3 0
github.com/fulfillops/fulfillops/internal/repository/job_run.go:95.16,97.3 1 0
github.com/fulfillops/fulfillops/internal/repository/job_run.go:98.2,99.26 2 0
github.com/fulfillops/fulfillops/internal/repository/message_template.go:27.81,29.2 1 0
github.com/fulfillops/fulfillops/internal/repository/message_template.go:31.169,35.15 4 0
github.com/fulfillops/fulfillops/internal/repository/message_template.go:35.15,39.3 3 0
github.com/fulfillops/fulfillops/internal/repository/message_template.go:40.2,40.14 1 0
github.com/fulfillops/fulfillops/internal/repository/message_template.go:40.14,44.3 3 0
github.com/fulfillops/fulfillops/internal/repository/message_template.go:45.2,45.21 1 0
github.com/fulfillops/fulfillops/internal/repository/message_template.go:45.21,47.3 1 0
github.com/fulfillops/fulfillops/internal/repository/message_template.go:48.2,53.16 3 0
github.com/fulfillops/fulfillops/internal/repository/message_template.go:53.16,55.3 1 0
github.com/fulfillops/fulfillops/internal/repository/message_template.go:56.2,56.77 1 0
github.com/fulfillops/fulfillops/internal/repository/message_template.go:59.109,63.16 2 0
github.com/fulfillops/fulfillops/internal/repository/message_template.go:63.16,65.3 1 0
github.com/fulfillops/fulfillops/internal/repository/message_template.go:66.2,67.35 2 0
github.com/fulfillops/fulfillops/internal/repository/message_template.go:67.35,69.3 1 0
github.com/fulfillops/fulfillops/internal/repository/message_template.go:70.2,70.16 1 0
github.com/fulfillops/fulfillops/internal/repository/message_template.go:73.121,83.2 5 0
github.com/fulfillops/fulfillops/internal/repository/message_template.go:85.121,91.16 3 0
github.com/fulfillops/fulfillops/internal/repository/message_template.go:91.16,93.3 1 0
github.com/fulfillops/fulfillops/internal/repository/message_template.go:94.2,94.29 1 0
github.com/fulfillops/fulfillops/internal/repository/message_template.go:94.29,96.3 1 0
github.com/fulfillops/fulfillops/internal/repository/message_template.go:97.2,97.29 1 0
github.com/fulfillops/fulfillops/internal/repository/message_template.go:100.106,103.43 2 0
github.com/fulfillops/fulfillops/internal/repository/message_template.go:103.43,105.3 1 0
github.com/fulfillops/fulfillops/internal/repository/message_template.go:106.2,106.12 1 0
github.com/fulfillops/fulfillops/internal/repository/message_template.go:109.82,113.16 2 0
github.com/fulfillops/fulfillops/internal/repository/message_template.go:113.16,115.3 1 0
github.com/fulfillops/fulfillops/internal/repository/message_template.go:116.2,116.29 1 0
github.com/fulfillops/fulfillops/internal/repository/message_template.go:116.29,118.3 1 0
github.com/fulfillops/fulfillops/internal/repository/message_template.go:119.2,119.12 1 0
github.com/fulfillops/fulfillops/internal/repository/notification.go:26.75,28.2 1 0
github.com/fulfillops/fulfillops/internal/repository/notification.go:30.112,33.22 3 0
github.com/fulfillops/fulfillops/internal/repository/notification.go:33.22,35.3 1 0
github.com/fulfillops/fulfillops/internal/repository/notification.go:37.2,41.15 2 0
github.com/fulfillops/fulfillops/internal/repository/notification.go:44.101,47.22 3 0
github.com/fulfillops/fulfillops/internal/repository/notification.go:47.22,49.3 1 0
github.com/fulfillops/fulfillops/internal/repository/notification.go:50.2,54.12 2 0
github.com/fulfillops/fulfillops/internal/repository/notification.go:57.157,62.19 4 0
github.com/fulfillops/fulfillops/internal/repository/notification.go:62.19,65.3 2 0
github.com/fulfillops/fulfillops/internal/repository/notification.go:67.2,68.112 2 0
github.com/fulfillops/fulfillops/internal/repository/notification.go:68.112,70.3 1 0
github.com/fulfillops/fulfillops/internal/repository/notification.go:72.2,79.16 4 0
github.com/fulfillops/fulfillops/internal/repository/notification.go:79.16,81.3 1 0
github.com/fulfillops/fulfillops/internal/repository/notification.go:82.2,83.26 2 0
github.com/fulfillops/fulfillops/internal/repository/notification.go:86.98,90.2 2 0
github.com/fulfillops/fulfillops/internal/repository/report_export.go:27.75,29.2 1 0
github.com/fulfillops/fulfillops/internal/repository/report_export.go:34.112,38.22 4 0
github.com/fulfillops/fulfillops/internal/repository/report_export.go:38.22,40.3 1 0
github.com/fulfillops/fulfillops/internal/repository/report_export.go:42.2,46.15 2 0
github.com/fulfillops/fulfillops/internal/repository/report_export.go:49.103,51.16 2 0
github.com/fulfillops/fulfillops/internal/repository/report_export.go:51.16,53.3 1 0
github.com/fulfillops/fulfillops/internal/repository/report_export.go:54.2,55.35 2 0
github.com/fulfillops/fulfillops/internal/repository/report_export.go:55.35,57.3 1 0
github.com/fulfillops/fulfillops/internal/repository/report_export.go:58.2,58.16 1 0
github.com/fulfillops/fulfillops/internal/repository/report_export.go:61.117,64.97 3 0
github.com/fulfillops/fulfillops/internal/repository/report_export.go:64.97,66.3 1 0
github.com/fulfillops/fulfillops/internal/repository/report_export.go:67.2,70.16 2 0
github.com/fulfillops/fulfillops/internal/repository/report_export.go:70.16,72.3 1 0
github.com/fulfillops/fulfillops/internal/repository/report_export.go:73.2,74.26 2 0
github.com/fulfillops/fulfillops/internal/repository/report_export.go:77.187,83.2 2 0
github.com/fulfillops/fulfillops/internal/repository/report_export.go:85.108,88.16 2 0
github.com/fulfillops/fulfillops/internal/repository/report_export.go:88.16,90.3 1 0
github.com/fulfillops/fulfillops/internal/repository/report_export.go:91.2,91.74 1 0
github.com/fulfillops/fulfillops/internal/repository/report_export.go:94.78,97.2 2 0
github.com/fulfillops/fulfillops/internal/repository/reservation.go:23.55,23.86 1 0
github.com/fulfillops/fulfillops/internal/repository/reservation.go:25.122,35.16 6 0
github.com/fulfillops/fulfillops/internal/repository/reservation.go:35.16,37.3 1 0
github.com/fulfillops/fulfillops/internal/repository/reservation.go:38.2,38.17 1 0
github.com/fulfillops/fulfillops/internal/repository/reservation.go:41.112,46.2 2 0
github.com/fulfillops/fulfillops/internal/repository/reservation.go:48.140,52.16 2 0
github.com/fulfillops/fulfillops/internal/repository/reservation.go:52.16,54.3 1 0
github.com/fulfillops/fulfillops/internal/repository/reservation.go:55.2,56.35 2 0
github.com/fulfillops/fulfillops/internal/repository/reservation.go:56.35,58.3 1 0
github.com/fulfillops/fulfillops/internal/repository/reservation.go:59.2,59.18 1 0
github.com/fulfillops/fulfillops/internal/repository/send_log.go:34.65,36.2 1 0
github.com/fulfillops/fulfillops/internal/repository/send_log.go:41.97,45.22 4 0
github.com/fulfillops/fulfillops/internal/repository/send_log.go:45.22,47.3 1 0
github.com/fulfillops/fulfillops/internal/repository/send_log.go:49.2,55.15 2 0
github.com/fulfillops/fulfillops/internal/repository/send_log.go:58.124,63.2 2 0
github.com/fulfillops/fulfillops/internal/repository/send_log.go:65.105,70.2 2 0
github.com/fulfillops/fulfillops/internal/repository/send_log.go:72.99,77.16 2 0
github.com/fulfillops/fulfillops/internal/repository/send_log.go:77.16,79.3 1 0
github.com/fulfillops/fulfillops/internal/repository/send_log.go:80.2,80.29 1 0
github.com/fulfillops/fulfillops/internal/repository/send_log.go:80.29,82.3 1 0
github.com/fulfillops/fulfillops/internal/repository/send_log.go:83.2,83.12 1 0
github.com/fulfillops/fulfillops/internal/repository/send_log.go:86.125,92.26 5 0
github.com/fulfillops/fulfillops/internal/repository/send_log.go:92.26,96.3 3 0
github.com/fulfillops/fulfillops/internal/repository/send_log.go:97.2,97.21 1 0
github.com/fulfillops/fulfillops/internal/repository/send_log.go:97.21,101.3 3 0
github.com/fulfillops/fulfillops/internal/repository/send_log.go:102.2,102.20 1 0
github.com/fulfillops/fulfillops/internal/repository/send_log.go:102.20,106.3 3 0
github.com/fulfillops/fulfillops/internal/repository/send_log.go:107.2,107.23 1 0
github.com/fulfillops/fulfillops/internal/repository/send_log.go:107.23,111.3 3 0
github.com/fulfillops/fulfillops/internal/repository/send_log.go:112.2,112.21 1 0
github.com/fulfillops/fulfillops/internal/repository/send_log.go:112.21,116.3 3 0
github.com/fulfillops/fulfillops/internal/repository/send_log.go:118.2,121.113 4 0
github.com/fulfillops/fulfillops/internal/repository/send_log.go:121.113,123.3 1 0
github.com/fulfillops/fulfillops/internal/repository/send_log.go:125.2,130.16 3 0
github.com/fulfillops/fulfillops/internal/repository/send_log.go:130.16,132.3 1 0
github.com/fulfillops/fulfillops/internal/repository/send_log.go:133.2,134.25 2 0
github.com/fulfillops/fulfillops/internal/repository/send_log.go:137.100,143.16 2 0
github.com/fulfillops/fulfillops/internal/repository/send_log.go:143.16,145.3 1 0
github.com/fulfillops/fulfillops/internal/repository/send_log.go:146.2,146.69 1 0
github.com/fulfillops/fulfillops/internal/repository/shipping_address.go:25.81,27.2 1 0
github.com/fulfillops/fulfillops/internal/repository/shipping_address.go:29.135,40.16 5 0
github.com/fulfillops/fulfillops/internal/repository/shipping_address.go:40.16,42.3 1 0
github.com/fulfillops/fulfillops/internal/repository/shipping_address.go:43.2,43.18 1 0
github.com/fulfillops/fulfillops/internal/repository/shipping_address.go:46.128,57.16 5 0
github.com/fulfillops/fulfillops/internal/repository/shipping_address.go:57.16,59.3 1 0
github.com/fulfillops/fulfillops/internal/repository/shipping_address.go:60.2,60.18 1 0
github.com/fulfillops/fulfillops/internal/repository/shipping_address.go:63.131,67.16 2 0
github.com/fulfillops/fulfillops/internal/repository/shipping_address.go:67.16,69.3 1 0
github.com/fulfillops/fulfillops/internal/repository/shipping_address.go:70.2,71.35 2 0
github.com/fulfillops/fulfillops/internal/repository/shipping_address.go:71.35,73.3 1 0
github.com/fulfillops/fulfillops/internal/repository/shipping_address.go:74.2,74.19 1 0
github.com/fulfillops/fulfillops/internal/repository/shipping_address.go:77.108,85.2 3 0
github.com/fulfillops/fulfillops/internal/repository/system_setting.go:24.77,26.2 1 0
github.com/fulfillops/fulfillops/internal/repository/system_setting.go:28.99,31.16 2 0
github.com/fulfillops/fulfillops/internal/repository/system_setting.go:31.16,33.3 1 0
github.com/fulfillops/fulfillops/internal/repository/system_setting.go:34.2,35.35 2 0
github.com/fulfillops/fulfillops/internal/repository/system_setting.go:35.35,37.3 1 0
github.com/fulfillops/fulfillops/internal/repository/system_setting.go:38.2,38.16 1 0
github.com/fulfillops/fulfillops/internal/repository/system_setting.go:41.110,48.2 2 0
github.com/fulfillops/fulfillops/internal/repository/system_setting.go:50.91,52.16 2 0
github.com/fulfillops/fulfillops/internal/repository/system_setting.go:52.16,54.3 1 0
github.com/fulfillops/fulfillops/internal/repository/system_setting.go:55.2,55.75 1 0
github.com/fulfillops/fulfillops/internal/repository/tier.go:30.59,32.2 1 1
github.com/fulfillops/fulfillops/internal/repository/tier.go:34.108,39.21 2 1
github.com/fulfillops/fulfillops/internal/repository/tier.go:39.21,41.3 1 1
github.com/fulfillops/fulfillops/internal/repository/tier.go:42.2,45.16 3 1
github.com/fulfillops/fulfillops/internal/repository/tier.go:45.16,47.3 1 0
github.com/fulfillops/fulfillops/internal/repository/tier.go:48.2,48.72 1 1
github.com/fulfillops/fulfillops/internal/repository/tier.go:51.93,53.2 1 1
github.com/fulfillops/fulfillops/internal/repository/tier.go:55.113,57.2 1 1
github.com/fulfillops/fulfillops/internal/repository/tier.go:59.100,71.16 6 1
github.com/fulfillops/fulfillops/internal/repository/tier.go:71.16,73.3 1 0
github.com/fulfillops/fulfillops/internal/repository/tier.go:74.2,74.15 1 1
github.com/fulfillops/fulfillops/internal/repository/tier.go:77.100,86.16 3 1
github.com/fulfillops/fulfillops/internal/repository/tier.go:86.16,88.3 1 0
github.com/fulfillops/fulfillops/internal/repository/tier.go:89.2,89.29 1 1
github.com/fulfillops/fulfillops/internal/repository/tier.go:89.29,91.3 1 1
github.com/fulfillops/fulfillops/internal/repository/tier.go:92.2,92.29 1 1
github.com/fulfillops/fulfillops/internal/repository/tier.go:95.95,99.16 2 1
github.com/fulfillops/fulfillops/internal/repository/tier.go:99.16,101.3 1 0
github.com/fulfillops/fulfillops/internal/repository/tier.go:102.2,102.29 1 1
github.com/fulfillops/fulfillops/internal/repository/tier.go:102.29,104.3 1 0
github.com/fulfillops/fulfillops/internal/repository/tier.go:105.2,105.12 1 1
github.com/fulfillops/fulfillops/internal/repository/tier.go:108.71,114.16 2 0
github.com/fulfillops/fulfillops/internal/repository/tier.go:114.16,116.3 1 0
github.com/fulfillops/fulfillops/internal/repository/tier.go:117.2,117.29 1 0
github.com/fulfillops/fulfillops/internal/repository/tier.go:117.29,119.3 1 0
github.com/fulfillops/fulfillops/internal/repository/tier.go:120.2,120.12 1 0
github.com/fulfillops/fulfillops/internal/repository/tier.go:123.105,128.16 2 1
github.com/fulfillops/fulfillops/internal/repository/tier.go:128.16,130.3 1 0
github.com/fulfillops/fulfillops/internal/repository/tier.go:131.2,131.29 1 1
github.com/fulfillops/fulfillops/internal/repository/tier.go:131.29,133.3 1 1
github.com/fulfillops/fulfillops/internal/repository/tier.go:134.2,134.12 1 1
github.com/fulfillops/fulfillops/internal/repository/tier.go:137.105,142.2 2 0
github.com/fulfillops/fulfillops/internal/repository/tier.go:146.87,151.16 2 1
github.com/fulfillops/fulfillops/internal/repository/tier.go:151.16,153.3 1 0
github.com/fulfillops/fulfillops/internal/repository/tier.go:154.2,155.35 2 1
github.com/fulfillops/fulfillops/internal/repository/tier.go:155.35,157.3 1 0
github.com/fulfillops/fulfillops/internal/repository/tier.go:158.2,158.16 1 1
github.com/fulfillops/fulfillops/internal/repository/tier.go:161.95,166.16 2 1
github.com/fulfillops/fulfillops/internal/repository/tier.go:166.16,168.3 1 0
github.com/fulfillops/fulfillops/internal/repository/tier.go:169.2,170.35 2 1
github.com/fulfillops/fulfillops/internal/repository/tier.go:170.35,172.3 1 0
github.com/fulfillops/fulfillops/internal/repository/tier.go:173.2,173.16 1 1
github.com/fulfillops/fulfillops/internal/repository/timeline.go:22.67,24.2 1 0
github.com/fulfillops/fulfillops/internal/repository/timeline.go:26.96,29.23 3 0
github.com/fulfillops/fulfillops/internal/repository/timeline.go:29.23,31.3 1 0
github.com/fulfillops/fulfillops/internal/repository/timeline.go:33.2,39.12 2 0
github.com/fulfillops/fulfillops/internal/repository/timeline.go:42.124,46.16 2 0
github.com/fulfillops/fulfillops/internal/repository/timeline.go:46.16,48.3 1 0
github.com/fulfillops/fulfillops/internal/repository/timeline.go:49.2,49.75 1 0
github.com/fulfillops/fulfillops/internal/repository/tx.go:22.49,24.2 1 1
github.com/fulfillops/fulfillops/internal/repository/tx.go:27.90,29.16 2 1
github.com/fulfillops/fulfillops/internal/repository/tx.go:29.16,31.3 1 0
github.com/fulfillops/fulfillops/internal/repository/tx.go:33.2,33.15 1 1
github.com/fulfillops/fulfillops/internal/repository/tx.go:33.15,34.31 1 1
github.com/fulfillops/fulfillops/internal/repository/tx.go:34.31,36.12 2 0
github.com/fulfillops/fulfillops/internal/repository/tx.go:38.3,38.20 1 1
github.com/fulfillops/fulfillops/internal/repository/tx.go:38.20,40.4 1 1
github.com/fulfillops/fulfillops/internal/repository/tx.go:43.2,43.31 1 1
github.com/fulfillops/fulfillops/internal/repository/tx.go:43.31,45.3 1 1
github.com/fulfillops/fulfillops/internal/repository/tx.go:47.2,47.23 1 0
github.com/fulfillops/fulfillops/internal/repository/user.go:27.59,29.2 1 0
github.com/fulfillops/fulfillops/internal/repository/user.go:33.96,35.16 2 0
github.com/fulfillops/fulfillops/internal/repository/user.go:35.16,37.3 1 0
github.com/fulfillops/fulfillops/internal/repository/user.go:38.2,39.35 2 0
github.com/fulfillops/fulfillops/internal/repository/user.go:39.35,41.3 1 0
github.com/fulfillops/fulfillops/internal/repository/user.go:42.2,42.16 1 0
github.com/fulfillops/fulfillops/internal/repository/user.go:45.87,47.16 2 0
github.com/fulfillops/fulfillops/internal/repository/user.go:47.16,49.3 1 0
github.com/fulfillops/fulfillops/internal/repository/user.go:50.2,51.35 2 0
github.com/fulfillops/fulfillops/internal/repository/user.go:51.35,53.3 1 0
github.com/fulfillops/fulfillops/internal/repository/user.go:54.2,54.16 1 0
github.com/fulfillops/fulfillops/internal/repository/user.go:57.109,61.16 4 0
github.com/fulfillops/fulfillops/internal/repository/user.go:61.16,65.3 3 0
github.com/fulfillops/fulfillops/internal/repository/user.go:66.2,66.21 1 0
github.com/fulfillops/fulfillops/internal/repository/user.go:66.21,70.3 3 0
github.com/fulfillops/fulfillops/internal/repository/user.go:71.2,73.16 3 0
github.com/fulfillops/fulfillops/internal/repository/user.go:73.16,75.3 1 0
github.com/fulfillops/fulfillops/internal/repository/user.go:76.2,76.66 1 0
github.com/fulfillops/fulfillops/internal/repository/user.go:79.88,89.2 5 0
github.com/fulfillops/fulfillops/internal/repository/user.go:91.88,97.16 3 0
github.com/fulfillops/fulfillops/internal/repository/user.go:97.16,99.3 1 0
github.com/fulfillops/fulfillops/internal/repository/user.go:100.2,100.29 1 0
github.com/fulfillops/fulfillops/internal/repository/user.go:100.29,102.3 1 0
github.com/fulfillops/fulfillops/internal/repository/user.go:103.2,103.29 1 0
github.com/fulfillops/fulfillops/internal/repository/user.go:106.74,109.2 2 0
github.com/fulfillops/fulfillops/internal/handler/admin.go:23.96,25.2 1 1
github.com/fulfillops/fulfillops/internal/handler/admin.go:28.68,31.2 2 1
github.com/fulfillops/fulfillops/internal/handler/admin.go:34.47,38.41 3 0
github.com/fulfillops/fulfillops/internal/handler/admin.go:38.41,40.3 1 0
github.com/fulfillops/fulfillops/internal/handler/admin.go:42.2,50.4 1 0
github.com/fulfillops/fulfillops/internal/handler/admin.go:54.52,57.39 2 0
github.com/fulfillops/fulfillops/internal/handler/admin.go:57.39,59.3 1 0
github.com/fulfillops/fulfillops/internal/handler/admin.go:60.2,60.37 1 0
github.com/fulfillops/fulfillops/internal/handler/admin.go:60.37,62.3 1 0
github.com/fulfillops/fulfillops/internal/handler/admin.go:64.2,70.16 6 0
github.com/fulfillops/fulfillops/internal/handler/admin.go:70.16,73.3 2 0
github.com/fulfillops/fulfillops/internal/handler/admin.go:75.2,80.4 1 0
github.com/fulfillops/fulfillops/internal/handler/admin.go:84.51,87.24 2 0
github.com/fulfillops/fulfillops/internal/handler/admin.go:87.24,90.73 1 0
github.com/fulfillops/fulfillops/internal/handler/admin.go:90.73,93.4 2 0
github.com/fulfillops/fulfillops/internal/handler/admin.go:96.2,99.4 1 0
github.com/fulfillops/fulfillops/internal/handler/audit.go:21.74,23.2 1 1
github.com/fulfillops/fulfillops/internal/handler/audit.go:26.45,29.41 2 1
github.com/fulfillops/fulfillops/internal/handler/audit.go:29.41,31.3 1 0
github.com/fulfillops/fulfillops/internal/handler/audit.go:32.2,32.40 1 1
github.com/fulfillops/fulfillops/internal/handler/audit.go:32.40,34.3 1 0
github.com/fulfillops/fulfillops/internal/handler/audit.go:35.2,35.40 1 1
github.com/fulfillops/fulfillops/internal/handler/audit.go:35.40,36.43 1 0
github.com/fulfillops/fulfillops/internal/handler/audit.go:36.43,38.4 1 0
github.com/fulfillops/fulfillops/internal/handler/audit.go:40.2,40.43 1 1
github.com/fulfillops/fulfillops/internal/handler/audit.go:40.43,41.43 1 0
github.com/fulfillops/fulfillops/internal/handler/audit.go:41.43,43.4 1 0
github.com/fulfillops/fulfillops/internal/handler/audit.go:45.2,45.40 1 1
github.com/fulfillops/fulfillops/internal/handler/audit.go:45.40,46.56 1 0
github.com/fulfillops/fulfillops/internal/handler/audit.go:46.56,48.4 1 0
github.com/fulfillops/fulfillops/internal/handler/audit.go:50.2,50.38 1 1
github.com/fulfillops/fulfillops/internal/handler/audit.go:50.38,51.56 1 0
github.com/fulfillops/fulfillops/internal/handler/audit.go:51.56,53.4 1 0
github.com/fulfillops/fulfillops/internal/handler/audit.go:56.2,62.16 6 1
github.com/fulfillops/fulfillops/internal/handler/audit.go:62.16,65.3 2 0
github.com/fulfillops/fulfillops/internal/handler/audit.go:67.2,72.4 1 1
github.com/fulfillops/fulfillops/internal/handler/auth.go:21.85,23.2 1 1
github.com/fulfillops/fulfillops/internal/handler/auth.go:31.45,33.47 2 1
github.com/fulfillops/fulfillops/internal/handler/auth.go:33.47,36.3 2 1
github.com/fulfillops/fulfillops/internal/handler/auth.go:38.2,39.16 2 1
github.com/fulfillops/fulfillops/internal/handler/auth.go:39.16,42.3 2 1
github.com/fulfillops/fulfillops/internal/handler/auth.go:44.2,44.78 1 1
github.com/fulfillops/fulfillops/internal/handler/auth.go:44.78,47.3 2 0
github.com/fulfillops/fulfillops/internal/handler/auth.go:49.2,53.4 1 1
github.com/fulfillops/fulfillops/internal/handler/auth.go:57.42,60.16 3 1
github.com/fulfillops/fulfillops/internal/handler/auth.go:60.16,63.3 2 0
github.com/fulfillops/fulfillops/internal/handler/auth.go:64.2,70.4 1 1
github.com/fulfillops/fulfillops/internal/handler/auth.go:74.46,75.60 1 1
github.com/fulfillops/fulfillops/internal/handler/auth.go:75.60,78.3 2 0
github.com/fulfillops/fulfillops/internal/handler/auth.go:79.2,79.55 1 1
github.com/fulfillops/fulfillops/internal/handler/customer.go:24.120,26.2 1 1
github.com/fulfillops/fulfillops/internal/handler/customer.go:29.85,32.2 2 1
github.com/fulfillops/fulfillops/internal/handler/customer.go:49.83,58.31 2 1
github.com/fulfillops/fulfillops/internal/handler/customer.go:58.31,59.75 1 1
github.com/fulfillops/fulfillops/internal/handler/customer.go:59.75,61.4 1 1
github.com/fulfillops/fulfillops/internal/handler/customer.go:63.2,63.31 1 1
github.com/fulfillops/fulfillops/internal/handler/customer.go:63.31,64.75 1 1
github.com/fulfillops/fulfillops/internal/handler/customer.go:64.75,66.4 1 1
github.com/fulfillops/fulfillops/internal/handler/customer.go:68.2,68.33 1 1
github.com/fulfillops/fulfillops/internal/handler/customer.go:68.33,69.77 1 0
github.com/fulfillops/fulfillops/internal/handler/customer.go:69.77,71.4 1 0
github.com/fulfillops/fulfillops/internal/handler/customer.go:74.2,74.13 1 1
github.com/fulfillops/fulfillops/internal/handler/customer.go:78.48,88.16 8 1
github.com/fulfillops/fulfillops/internal/handler/customer.go:88.16,91.3 2 0
github.com/fulfillops/fulfillops/internal/handler/customer.go:93.2,94.27 2 1
github.com/fulfillops/fulfillops/internal/handler/customer.go:94.27,96.3 1 1
github.com/fulfillops/fulfillops/internal/handler/customer.go:98.2,103.4 1 1
github.com/fulfillops/fulfillops/internal/handler/customer.go:107.50,109.47 2 1
github.com/fulfillops/fulfillops/internal/handler/customer.go:109.47,112.3 2 1
github.com/fulfillops/fulfillops/internal/handler/customer.go:114.2,118.21 2 1
github.com/fulfillops/fulfillops/internal/handler/customer.go:118.21,120.17 2 1
github.com/fulfillops/fulfillops/internal/handler/customer.go:120.17,123.4 2 0
github.com/fulfillops/fulfillops/internal/handler/customer.go:124.3,124.32 1 1
github.com/fulfillops/fulfillops/internal/handler/customer.go:126.2,126.21 1 1
github.com/fulfillops/fulfillops/internal/handler/customer.go:126.21,128.17 2 1
github.com/fulfillops/fulfillops/internal/handler/customer.go:128.17,131.4 2 0
github.com/fulfillops/fulfillops/internal/handler/customer.go:132.3,132.32 1 1
github.com/fulfillops/fulfillops/internal/handler/customer.go:134.2,134.23 1 1
github.com/fulfillops/fulfillops/internal/handler/customer.go:134.23,136.17 2 0
github.com/fulfillops/fulfillops/internal/handler/customer.go:136.17,139.4 2 0
github.com/fulfillops/fulfillops/internal/handler/customer.go:140.3,140.34 1 0
github.com/fulfillops/fulfillops/internal/handler/customer.go:143.2,144.16 2 1
github.com/fulfillops/fulfillops/internal/handler/customer.go:144.16,147.3 2 0
github.com/fulfillops/fulfillops/internal/handler/customer.go:149.2,149.23 1 1
github.com/fulfillops/fulfillops/internal/handler/customer.go:149.23,151.3 1 1
github.com/fulfillops/fulfillops/internal/handler/customer.go:153.2,153.51 1 1
github.com/fulfillops/fulfillops/internal/handler/customer.go:157.47,159.16 2 1
github.com/fulfillops/fulfillops/internal/handler/customer.go:159.16,162.3 2 0
github.com/fulfillops/fulfillops/internal/handler/customer.go:164.2,165.16 2 1
github.com/fulfillops/fulfillops/internal/handler/customer.go:165.16,168.3 2 1
github.com/fulfillops/fulfillops/internal/handler/customer.go:170.2,170.47 1 1
github.com/fulfillops/fulfillops/internal/handler/customer.go:174.50,176.16 2 1
github.com/fulfillops/fulfillops/internal/handler/customer.go:176.16,179.3 2 0
github.com/fulfillops/fulfillops/internal/handler/customer.go:181.2,182.47 2 1
github.com/fulfillops/fulfillops/internal/handler/customer.go:182.47,185.3 2 0
github.com/fulfillops/fulfillops/internal/handler/customer.go:187.2,193.21 2 1
github.com/fulfillops/fulfillops/internal/handler/customer.go:193.21,195.17 2 0
github.com/fulfillops/fulfillops/internal/handler/customer.go:195.17,198.4 2 0
github.com/fulfillops/fulfillops/internal/handler/customer.go:199.3,199.32 1 0
github.com/fulfillops/fulfillops/internal/handler/customer.go:201.2,201.21 1 1
github.com/fulfillops/fulfillops/internal/handler/customer.go:201.21,203.17 2 0
github.com/fulfillops/fulfillops/internal/handler/customer.go:203.17,206.4 2 0
github.com/fulfillops/fulfillops/internal/handler/customer.go:207.3,207.32 1 0
github.com/fulfillops/fulfillops/internal/handler/customer.go:209.2,209.23 1 1
github.com/fulfillops/fulfillops/internal/handler/customer.go:209.23,211.17 2 0
github.com/fulfillops/fulfillops/internal/handler/customer.go:211.17,214.4 2 0
github.com/fulfillops/fulfillops/internal/handler/customer.go:215.3,215.34 1 0
github.com/fulfillops/fulfillops/internal/handler/customer.go:219.2,221.16 3 1
github.com/fulfillops/fulfillops/internal/handler/customer.go:221.16,224.3 2 0
github.com/fulfillops/fulfillops/internal/handler/customer.go:226.2,226.23 1 1
github.com/fulfillops/fulfillops/internal/handler/customer.go:226.23,228.3 1 1
github.com/fulfillops/fulfillops/internal/handler/customer.go:230.2,230.46 1 1
github.com/fulfillops/fulfillops/internal/handler/customer.go:234.54,236.16 2 1
github.com/fulfillops/fulfillops/internal/handler/customer.go:236.16,239.3 2 0
github.com/fulfillops/fulfillops/internal/handler/customer.go:241.2,244.86 3 1
github.com/fulfillops/fulfillops/internal/handler/customer.go:244.86,247.3 2 0
github.com/fulfillops/fulfillops/internal/handler/customer.go:249.2,249.23 1 1
github.com/fulfillops/fulfillops/internal/handler/customer.go:249.23,251.3 1 1
github.com/fulfillops/fulfillops/internal/handler/customer.go:253.2,253.32 1 1
github.com/fulfillops/fulfillops/internal/handler/customer.go:257.51,259.16 2 1
github.com/fulfillops/fulfillops/internal/handler/customer.go:259.16,262.3 2 0
github.com/fulfillops/fulfillops/internal/handler/customer.go:264.2,264.72 1 1
github.com/fulfillops/fulfillops/internal/handler/customer.go:264.72,267.3 2 0
github.com/fulfillops/fulfillops/internal/handler/customer.go:269.2,269.23 1 1
github.com/fulfillops/fulfillops/internal/handler/customer.go:269.23,271.3 1 1
github.com/fulfillops/fulfillops/internal/handler/customer.go:273.2,274.16 2 1
github.com/fulfillops/fulfillops/internal/handler/customer.go:274.16,277.3 2 0
github.com/fulfillops/fulfillops/internal/handler/customer.go:279.2,279.47 1 1
github.com/fulfillops/fulfillops/internal/handler/exception.go:26.21,32.2 1 1
github.com/fulfillops/fulfillops/internal/handler/exception.go:51.49,54.37 2 1
github.com/fulfillops/fulfillops/internal/handler/exception.go:54.37,56.3 1 0
github.com/fulfillops/fulfillops/internal/handler/exception.go:57.2,57.35 1 1
github.com/fulfillops/fulfillops/internal/handler/exception.go:57.35,59.3 1 0
github.com/fulfillops/fulfillops/internal/handler/exception.go:60.2,60.45 1 1
github.com/fulfillops/fulfillops/internal/handler/exception.go:60.45,61.43 1 0
github.com/fulfillops/fulfillops/internal/handler/exception.go:61.43,63.4 1 0
github.com/fulfillops/fulfillops/internal/handler/exception.go:66.2,67.16 2 1
github.com/fulfillops/fulfillops/internal/handler/exception.go:67.16,70.3 2 0
github.com/fulfillops/fulfillops/internal/handler/exception.go:72.2,72.51 1 1
github.com/fulfillops/fulfillops/internal/handler/exception.go:76.51,78.47 2 1
github.com/fulfillops/fulfillops/internal/handler/exception.go:78.47,81.3 2 0
github.com/fulfillops/fulfillops/internal/handler/exception.go:83.2,84.16 2 1
github.com/fulfillops/fulfillops/internal/handler/exception.go:84.16,87.3 2 0
github.com/fulfillops/fulfillops/internal/handler/exception.go:89.2,89.37 1 1
github.com/fulfillops/fulfillops/internal/handler/exception.go:93.48,95.16 2 1
github.com/fulfillops/fulfillops/internal/handler/exception.go:95.16,98.3 2 0
github.com/fulfillops/fulfillops/internal/handler/exception.go:100.2,101.16 2 1
github.com/fulfillops/fulfillops/internal/handler/exception.go:101.16,104.3 2 1
github.com/fulfillops/fulfillops/internal/handler/exception.go:106.2,107.16 2 1
github.com/fulfillops/fulfillops/internal/handler/exception.go:107.16,110.3 2 0
github.com/fulfillops/fulfillops/internal/handler/exception.go:112.2,115.4 1 1
github.com/fulfillops/fulfillops/internal/handler/exception.go:119.57,121.16 2 1
github.com/fulfillops/fulfillops/internal/handler/exception.go:121.16,124.3 2 0
github.com/fulfillops/fulfillops/internal/handler/exception.go:126.2,127.47 2 1
github.com/fulfillops/fulfillops/internal/handler/exception.go:127.47,130.3 2 0
github.com/fulfillops/fulfillops/internal/handler/exception.go:132.2,133.16 2 1
github.com/fulfillops/fulfillops/internal/handler/exception.go:133.16,136.3 2 0
github.com/fulfillops/fulfillops/internal/handler/exception.go:138.2,138.32 1 1
github.com/fulfillops/fulfillops/internal/handler/exception.go:142.53,144.16 2 1
github.com/fulfillops/fulfillops/internal/handler/exception.go:144.16,147.3 2 0
github.com/fulfillops/fulfillops/internal/handler/exception.go:149.2,150.47 2 1
github.com/fulfillops/fulfillops/internal/handler/exception.go:150.47,153.3 2 0
github.com/fulfillops/fulfillops/internal/handler/exception.go:155.2,156.16 2 1
github.com/fulfillops/fulfillops/internal/handler/exception.go:156.16,159.3 2 0
github.com/fulfillops/fulfillops/internal/handler/exception.go:161.2,161.35 1 1
github.com/fulfillops/fulfillops/internal/handler/fulfillment.go:31.23,38.2 1 1
github.com/fulfillops/fulfillops/internal/handler/fulfillment.go:65.92,86.37 2 1
github.com/fulfillops/fulfillops/internal/handler/fulfillment.go:86.37,87.81 1 0
github.com/fulfillops/fulfillops/internal/handler/fulfillment.go:87.81,90.4 2 0
github.com/fulfillops/fulfillops/internal/handler/fulfillment.go:93.2,93.13 1 1
github.com/fulfillops/fulfillops/internal/handler/fulfillment.go:97.51,100.37 2 1
github.com/fulfillops/fulfillops/internal/handler/fulfillment.go:100.37,102.3 1 0
github.com/fulfillops/fulfillops/internal/handler/fulfillment.go:103.2,103.38 1 1
github.com/fulfillops/fulfillops/internal/handler/fulfillment.go:103.38,104.43 1 0
github.com/fulfillops/fulfillops/internal/handler/fulfillment.go:104.43,106.4 1 0
github.com/fulfillops/fulfillops/internal/handler/fulfillment.go:108.2,108.42 1 1
github.com/fulfillops/fulfillops/internal/handler/fulfillment.go:108.42,109.43 1 0
github.com/fulfillops/fulfillops/internal/handler/fulfillment.go:109.43,111.4 1 0
github.com/fulfillops/fulfillops/internal/handler/fulfillment.go:113.2,113.35 1 1
github.com/fulfillops/fulfillops/internal/handler/fulfillment.go:113.35,115.3 1 0
github.com/fulfillops/fulfillops/internal/handler/fulfillment.go:116.2,116.40 1 1
github.com/fulfillops/fulfillops/internal/handler/fulfillment.go:116.40,117.56 1 0
github.com/fulfillops/fulfillops/internal/handler/fulfillment.go:117.56,119.4 1 0
github.com/fulfillops/fulfillops/internal/handler/fulfillment.go:121.2,121.38 1 1
github.com/fulfillops/fulfillops/internal/handler/fulfillment.go:121.38,122.56 1 0
github.com/fulfillops/fulfillops/internal/handler/fulfillment.go:122.56,124.4 1 0
github.com/fulfillops/fulfillops/internal/handler/fulfillment.go:127.2,133.16 6 1
github.com/fulfillops/fulfillops/internal/handler/fulfillment.go:133.16,136.3 2 0
github.com/fulfillops/fulfillops/internal/handler/fulfillment.go:138.2,139.30 2 1
github.com/fulfillops/fulfillops/internal/handler/fulfillment.go:139.30,141.3 1 1
github.com/fulfillops/fulfillops/internal/handler/fulfillment.go:143.2,148.4 1 1
github.com/fulfillops/fulfillops/internal/handler/fulfillment.go:152.53,154.47 2 1
github.com/fulfillops/fulfillops/internal/handler/fulfillment.go:154.47,157.3 2 1
github.com/fulfillops/fulfillops/internal/handler/fulfillment.go:159.2,166.16 3 1
github.com/fulfillops/fulfillops/internal/handler/fulfillment.go:166.16,169.3 2 1
github.com/fulfillops/fulfillops/internal/handler/fulfillment.go:171.2,171.51 1 1
github.com/fulfillops/fulfillops/internal/handler/fulfillment.go:175.50,177.16 2 1
github.com/fulfillops/fulfillops/internal/handler/fulfillment.go:177.16,180.3 2 0
github.com/fulfillops/fulfillops/internal/handler/fulfillment.go:182.2,183.16 2 1
github.com/fulfillops/fulfillops/internal/handler/fulfillment.go:183.16,186.3 2 1
github.com/fulfillops/fulfillops/internal/handler/fulfillment.go:188.2,188.40 1 1
github.com/fulfillops/fulfillops/internal/handler/fulfillment.go:192.57,194.16 2 1
github.com/fulfillops/fulfillops/internal/handler/fulfillment.go:194.16,197.3 2 0
github.com/fulfillops/fulfillops/internal/handler/fulfillment.go:199.2,200.47 2 1
github.com/fulfillops/fulfillops/internal/handler/fulfillment.go:200.47,203.3 2 0
github.com/fulfillops/fulfillops/internal/handler/fulfillment.go:205.2,216.54 2 1
github.com/fulfillops/fulfillops/internal/handler/fulfillment.go:216.54,218.20 2 1
github.com/fulfillops/fulfillops/internal/handler/fulfillment.go:218.20,221.4 2 0
github.com/fulfillops/fulfillops/internal/handler/fulfillment.go:222.3,222.26 1 1
github.com/fulfillops/fulfillops/internal/handler/fulfillment.go:226.2,226.32 1 1
github.com/fulfillops/fulfillops/internal/handler/fulfillment.go:226.32,228.18 2 0
github.com/fulfillops/fulfillops/internal/handler/fulfillment.go:228.18,231.4 2 0
github.com/fulfillops/fulfillops/internal/handler/fulfillment.go:232.3,233.38 2 0
github.com/fulfillops/fulfillops/internal/handler/fulfillment.go:233.38,235.19 2 0
github.com/fulfillops/fulfillops/internal/handler/fulfillment.go:235.19,238.5 2 0
github.com/fulfillops/fulfillops/internal/handler/fulfillment.go:240.3,246.4 1 0
github.com/fulfillops/fulfillops/internal/handler/fulfillment.go:249.2,250.16 2 1
github.com/fulfillops/fulfillops/internal/handler/fulfillment.go:250.16,253.3 2 1
github.com/fulfillops/fulfillops/internal/handler/fulfillment.go:255.2,255.46 1 1
github.com/fulfillops/fulfillops/internal/handler/fulfillment.go:259.55,261.16 2 1
github.com/fulfillops/fulfillops/internal/handler/fulfillment.go:261.16,264.3 2 0
github.com/fulfillops/fulfillops/internal/handler/fulfillment.go:266.2,267.16 2 1
github.com/fulfillops/fulfillops/internal/handler/fulfillment.go:267.16,270.3 2 0
github.com/fulfillops/fulfillops/internal/handler/fulfillment.go:272.2,272.47 1 1
github.com/fulfillops/fulfillops/internal/handler/fulfillment.go:276.57,278.16 2 1
github.com/fulfillops/fulfillops/internal/handler/fulfillment.go:278.16,281.3 2 0
github.com/fulfillops/fulfillops/internal/handler/fulfillment.go:283.2,286.85 3 1
github.com/fulfillops/fulfillops/internal/handler/fulfillment.go:286.85,289.3 2 0
github.com/fulfillops/fulfillops/internal/handler/fulfillment.go:291.2,291.32 1 1
github.com/fulfillops/fulfillops/internal/handler/fulfillment.go:295.54,297.16 2 0
github.com/fulfillops/fulfillops/internal/handler/fulfillment.go:297.16,300.3 2 0
github.com/fulfillops/fulfillops/internal/handler/fulfillment.go:302.2,302.71 1 0
github.com/fulfillops/fulfillops/internal/handler/fulfillment.go:302.71,305.3 2 0
github.com/fulfillops/fulfillops/internal/handler/fulfillment.go:307.2,308.16 2 0
github.com/fulfillops/fulfillops/internal/handler/fulfillment.go:308.16,311.3 2 0
github.com/fulfillops/fulfillops/internal/handler/fulfillment.go:313.2,313.40 1 0
github.com/fulfillops/fulfillops/internal/handler/message.go:29.19,36.2 1 1
github.com/fulfillops/fulfillops/internal/handler/message.go:60.56,66.16 5 0
github.com/fulfillops/fulfillops/internal/handler/message.go:66.16,69.3 2 0
github.com/fulfillops/fulfillops/internal/handler/message.go:71.2,71.50 1 0
github.com/fulfillops/fulfillops/internal/handler/message.go:75.57,77.47 2 1
github.com/fulfillops/fulfillops/internal/handler/message.go:77.47,80.3 2 0
github.com/fulfillops/fulfillops/internal/handler/message.go:82.2,90.16 3 1
github.com/fulfillops/fulfillops/internal/handler/message.go:90.16,93.3 2 0
github.com/fulfillops/fulfillops/internal/handler/message.go:95.2,95.37 1 1
github.com/fulfillops/fulfillops/internal/handler/message.go:99.54,101.16 2 0
github.com/fulfillops/fulfillops/internal/handler/message.go:101.16,104.3 2 0
github.com/fulfillops/fulfillops/internal/handler/message.go:106.2,107.16 2 0
github.com/fulfillops/fulfillops/internal/handler/message.go:107.16,110.3 2 0
github.com/fulfillops/fulfillops/internal/handler/message.go:112.2,112.29 1 0
github.com/fulfillops/fulfillops/internal/handler/message.go:116.57,118.16 2 0
github.com/fulfillops/fulfillops/internal/handler/message.go:118.16,121.3 2 0
github.com/fulfillops/fulfillops/internal/handler/message.go:123.2,124.47 2 0
github.com/fulfillops/fulfillops/internal/handler/message.go:124.47,127.3 2 0
github.com/fulfillops/fulfillops/internal/handler/message.go:129.2,139.16 3 0
github.com/fulfillops/fulfillops/internal/handler/message.go:139.16,142.3 2 0
github.com/fulfillops/fulfillops/internal/handler/message.go:144.2,144.32 1 0
github.com/fulfillops/fulfillops/internal/handler/message.go:148.57,150.16 2 0
github.com/fulfillops/fulfillops/internal/handler/message.go:150.16,153.3 2 0
github.com/fulfillops/fulfillops/internal/handler/message.go:155.2,158.86 3 0
github.com/fulfillops/fulfillops/internal/handler/message.go:158.86,161.3 2 0
github.com/fulfillops/fulfillops/internal/handler/message.go:163.2,163.32 1 0
github.com/fulfillops/fulfillops/internal/handler/message.go:167.55,170.38 2 0
github.com/fulfillops/fulfillops/internal/handler/message.go:170.38,172.3 1 0
github.com/fulfillops/fulfillops/internal/handler/message.go:173.2,173.37 1 0
github.com/fulfillops/fulfillops/internal/handler/message.go:173.37,175.3 1 0
github.com/fulfillops/fulfillops/internal/handler/message.go:176.2,176.43 1 0
github.com/fulfillops/fulfillops/internal/handler/message.go:176.43,177.43 1 0
github.com/fulfillops/fulfillops/internal/handler/message.go:177.43,179.4 1 0
github.com/fulfillops/fulfillops/internal/handler/message.go:182.2,188.16 6 0
github.com/fulfillops/fulfillops/internal/handler/message.go:188.16,191.3 2 0
github.com/fulfillops/fulfillops/internal/handler/message.go:193.2,198.4 1 0
github.com/fulfillops/fulfillops/internal/handler/message.go:202.54,204.16 2 0
github.com/fulfillops/fulfillops/internal/handler/message.go:204.16,207.3 2 0
github.com/fulfillops/fulfillops/internal/handler/message.go:209.2,209.76 1 0
github.com/fulfillops/fulfillops/internal/handler/message.go:209.76,212.3 2 0
github.com/fulfillops/fulfillops/internal/handler/message.go:214.2,214.32 1 0
github.com/fulfillops/fulfillops/internal/handler/message.go:218.60,223.38 4 0
github.com/fulfillops/fulfillops/internal/handler/message.go:223.38,226.3 2 0
github.com/fulfillops/fulfillops/internal/handler/message.go:228.2,234.16 6 0
github.com/fulfillops/fulfillops/internal/handler/message.go:234.16,237.3 2 0
github.com/fulfillops/fulfillops/internal/handler/message.go:239.2,244.4 1 0
github.com/fulfillops/fulfillops/internal/handler/message.go:248.63,250.16 2 0
github.com/fulfillops/fulfillops/internal/handler/message.go:250.16,253.3 2 0
github.com/fulfillops/fulfillops/internal/handler/message.go:255.2,258.78 3 0
github.com/fulfillops/fulfillops/internal/handler/message.go:258.78,261.3 2 0
github.com/fulfillops/fulfillops/internal/handler/message.go:263.2,263.32 1 0
github.com/fulfillops/fulfillops/internal/handler/message.go:267.51,269.47 2 0
github.com/fulfillops/fulfillops/internal/handler/message.go:269.47,272.3 2 0
github.com/fulfillops/fulfillops/internal/handler/message.go:274.2,274.24 1 0
github.com/fulfillops/fulfillops/internal/handler/message.go:274.24,276.3 1 0
github.com/fulfillops/fulfillops/internal/handler/message.go:278.2,281.16 4 0
github.com/fulfillops/fulfillops/internal/handler/message.go:281.16,284.3 2 0
github.com/fulfillops/fulfillops/internal/handler/message.go:286.2,286.33 1 0
github.com/fulfillops/fulfillops/internal/handler/page_admin.go:43.21,50.2 1 1
github.com/fulfillops/fulfillops/internal/handler/page_admin.go:53.91,56.2 2 1
github.com/fulfillops/fulfillops/internal/handler/page_admin.go:58.55,71.2 4 1
github.com/fulfillops/fulfillops/internal/handler/page_admin.go:73.54,77.2 3 1
github.com/fulfillops/fulfillops/internal/handler/page_admin.go:79.59,81.2 1 1
github.com/fulfillops/fulfillops/internal/handler/page_admin.go:83.57,87.16 4 1
github.com/fulfillops/fulfillops/internal/handler/page_admin.go:87.16,90.3 2 0
github.com/fulfillops/fulfillops/internal/handler/page_admin.go:91.2,91.98 1 1
github.com/fulfillops/fulfillops/internal/handler/page_admin.go:94.59,101.16 2 0
github.com/fulfillops/fulfillops/internal/handler/page_admin.go:101.16,104.3 2 0
github.com/fulfillops/fulfillops/internal/handler/page_admin.go:105.2,105.75 1 0
github.com/fulfillops/fulfillops/internal/handler/page_admin.go:108.59,115.16 3 0
github.com/fulfillops/fulfillops/internal/handler/page_admin.go:115.16,118.3 2 0
github.com/fulfillops/fulfillops/internal/handler/page_admin.go:119.2,119.75 1 0
github.com/fulfillops/fulfillops/internal/handler/page_admin.go:122.63,125.58 3 0
github.com/fulfillops/fulfillops/internal/handler/page_admin.go:125.58,128.3 2 0
github.com/fulfillops/fulfillops/internal/handler/page_admin.go:129.2,129.79 1 0
github.com/fulfillops/fulfillops/internal/handler/page_admin.go:132.57,141.29 7 1
github.com/fulfillops/fulfillops/internal/handler/page_admin.go:141.29,142.25 1 1
github.com/fulfillops/fulfillops/internal/handler/page_admin.go:142.25,144.4 1 1
github.com/fulfillops/fulfillops/internal/handler/page_admin.go:146.2,147.34 2 1
github.com/fulfillops/fulfillops/internal/handler/page_admin.go:147.34,148.26 1 1
github.com/fulfillops/fulfillops/internal/handler/page_admin.go:148.26,150.4 1 0
github.com/fulfillops/fulfillops/internal/handler/page_admin.go:152.2,153.36 2 1
github.com/fulfillops/fulfillops/internal/handler/page_admin.go:153.36,154.25 1 1
github.com/fulfillops/fulfillops/internal/handler/page_admin.go:154.25,156.4 1 0
github.com/fulfillops/fulfillops/internal/handler/page_admin.go:158.2,159.33 2 1
github.com/fulfillops/fulfillops/internal/handler/page_admin.go:159.33,160.25 1 1
github.com/fulfillops/fulfillops/internal/handler/page_admin.go:160.25,162.4 1 0
github.com/fulfillops/fulfillops/internal/handler/page_admin.go:165.2,170.5 1 1
github.com/fulfillops/fulfillops/internal/handler/page_admin.go:173.56,175.24 2 1
github.com/fulfillops/fulfillops/internal/handler/page_admin.go:175.24,177.29 2 1
github.com/fulfillops/fulfillops/internal/handler/page_admin.go:177.29,179.30 2 0
github.com/fulfillops/fulfillops/internal/handler/page_admin.go:179.30,181.5 1 0
github.com/fulfillops/fulfillops/internal/handler/page_admin.go:181.10,181.32 1 0
github.com/fulfillops/fulfillops/internal/handler/page_admin.go:181.32,183.5 1 0
github.com/fulfillops/fulfillops/internal/handler/page_admin.go:184.4,189.6 1 0
github.com/fulfillops/fulfillops/internal/handler/page_admin.go:192.2,192.105 1 1
github.com/fulfillops/fulfillops/internal/handler/page_admin.go:195.58,196.24 1 0
github.com/fulfillops/fulfillops/internal/handler/page_admin.go:196.24,197.13 1 0
github.com/fulfillops/fulfillops/internal/handler/page_admin.go:197.13,198.73 1 0
github.com/fulfillops/fulfillops/internal/handler/page_admin.go:198.73,200.5 1 0
github.com/fulfillops/fulfillops/internal/handler/page_admin.go:203.2,203.92 1 0
github.com/fulfillops/fulfillops/internal/handler/page_admin.go:206.62,208.20 2 0
github.com/fulfillops/fulfillops/internal/handler/page_admin.go:208.20,210.3 1 0
github.com/fulfillops/fulfillops/internal/handler/page_admin.go:213.2,215.42 2 0
github.com/fulfillops/fulfillops/internal/handler/page_admin.go:215.42,216.103 1 0
github.com/fulfillops/fulfillops/internal/handler/page_admin.go:216.103,220.4 3 0
github.com/fulfillops/fulfillops/internal/handler/page_admin.go:222.2,222.95 1 0
github.com/fulfillops/fulfillops/internal/handler/page_audit.go:22.104,24.2 1 1
github.com/fulfillops/fulfillops/internal/handler/page_audit.go:26.49,29.41 3 1
github.com/fulfillops/fulfillops/internal/handler/page_audit.go:29.41,31.3 1 0
github.com/fulfillops/fulfillops/internal/handler/page_audit.go:32.2,32.42 1 1
github.com/fulfillops/fulfillops/internal/handler/page_audit.go:32.42,34.3 1 0
github.com/fulfillops/fulfillops/internal/handler/page_audit.go:35.2,35.44 1 1
github.com/fulfillops/fulfillops/internal/handler/page_audit.go:35.44,36.45 1 0
github.com/fulfillops/fulfillops/internal/handler/page_audit.go:36.45,38.4 1 0
github.com/fulfillops/fulfillops/internal/handler/page_audit.go:40.2,40.42 1 1
github.com/fulfillops/fulfillops/internal/handler/page_audit.go:40.42,41.57 1 0
github.com/fulfillops/fulfillops/internal/handler/page_audit.go:41.57,43.4 1 0
github.com/fulfillops/fulfillops/internal/handler/page_audit.go:45.2,45.40 1 1
github.com/fulfillops/fulfillops/internal/handler/page_audit.go:45.40,46.57 1 0
github.com/fulfillops/fulfillops/internal/handler/page_audit.go:46.57,48.4 1 0
github.com/fulfillops/fulfillops/internal/handler/page_audit.go:51.2,63.5 4 1
github.com/fulfillops/fulfillops/internal/handler/page_auth.go:18.93,20.2 1 1
github.com/fulfillops/fulfillops/internal/handler/page_auth.go:22.53,24.2 1 1
github.com/fulfillops/fulfillops/internal/handler/page_auth.go:26.53,31.16 4 1
github.com/fulfillops/fulfillops/internal/handler/page_auth.go:31.16,34.3 2 1
github.com/fulfillops/fulfillops/internal/handler/page_auth.go:36.2,42.38 6 1
github.com/fulfillops/fulfillops/internal/handler/page_auth.go:45.54,50.2 4 1
github.com/fulfillops/fulfillops/internal/handler/page_customer.go:31.24,33.2 1 1
github.com/fulfillops/fulfillops/internal/handler/page_customer.go:35.52,44.31 7 1
github.com/fulfillops/fulfillops/internal/handler/page_customer.go:44.31,46.31 2 1
github.com/fulfillops/fulfillops/internal/handler/page_customer.go:46.31,47.77 1 0
github.com/fulfillops/fulfillops/internal/handler/page_customer.go:47.77,49.5 1 0
github.com/fulfillops/fulfillops/internal/handler/page_customer.go:51.3,51.31 1 1
github.com/fulfillops/fulfillops/internal/handler/page_customer.go:51.31,52.77 1 0
github.com/fulfillops/fulfillops/internal/handler/page_customer.go:52.77,54.5 1 0
github.com/fulfillops/fulfillops/internal/handler/page_customer.go:56.3,56.17 1 1
github.com/fulfillops/fulfillops/internal/handler/page_customer.go:59.2,64.5 1 1
github.com/fulfillops/fulfillops/internal/handler/page_customer.go:67.58,70.16 3 1
github.com/fulfillops/fulfillops/internal/handler/page_customer.go:70.16,73.3 2 0
github.com/fulfillops/fulfillops/internal/handler/page_customer.go:74.2,75.16 2 1
github.com/fulfillops/fulfillops/internal/handler/page_customer.go:75.16,78.3 2 0
github.com/fulfillops/fulfillops/internal/handler/page_customer.go:80.2,81.30 2 1
github.com/fulfillops/fulfillops/internal/handler/page_customer.go:81.30,82.78 1 0
github.com/fulfillops/fulfillops/internal/handler/page_customer.go:82.78,84.4 1 0
github.com/fulfillops/fulfillops/internal/handler/page_customer.go:86.2,86.30 1 1
github.com/fulfillops/fulfillops/internal/handler/page_customer.go:86.30,87.78 1 0
github.com/fulfillops/fulfillops/internal/handler/page_customer.go:87.78,89.4 1 0
github.com/fulfillops/fulfillops/internal/handler/page_customer.go:91.2,91.32 1 1
github.com/fulfillops/fulfillops/internal/handler/page_customer.go:91.32,92.80 1 0
github.com/fulfillops/fulfillops/internal/handler/page_customer.go:92.80,94.4 1 0
github.com/fulfillops/fulfillops/internal/handler/page_customer.go:97.2,107.5 2 1
github.com/fulfillops/fulfillops/internal/handler/page_customer.go:110.58,112.2 1 1
github.com/fulfillops/fulfillops/internal/handler/page_customer.go:114.56,118.16 4 1
github.com/fulfillops/fulfillops/internal/handler/page_customer.go:118.16,121.3 2 0
github.com/fulfillops/fulfillops/internal/handler/page_customer.go:122.2,123.30 2 1
github.com/fulfillops/fulfillops/internal/handler/page_customer.go:123.30,125.3 1 0
github.com/fulfillops/fulfillops/internal/handler/page_customer.go:126.2,126.30 1 1
github.com/fulfillops/fulfillops/internal/handler/page_customer.go:126.30,128.3 1 0
github.com/fulfillops/fulfillops/internal/handler/page_customer.go:129.2,129.32 1 1
github.com/fulfillops/fulfillops/internal/handler/page_customer.go:129.32,131.3 1 0
github.com/fulfillops/fulfillops/internal/handler/page_customer.go:132.2,134.5 1 1
github.com/fulfillops/fulfillops/internal/handler/page_customer.go:137.58,140.39 3 0
github.com/fulfillops/fulfillops/internal/handler/page_customer.go:140.39,142.17 2 0
github.com/fulfillops/fulfillops/internal/handler/page_customer.go:142.17,145.4 2 0
github.com/fulfillops/fulfillops/internal/handler/page_customer.go:146.3,146.26 1 0
github.com/fulfillops/fulfillops/internal/handler/page_customer.go:148.2,148.39 1 0
github.com/fulfillops/fulfillops/internal/handler/page_customer.go:148.39,150.17 2 0
github.com/fulfillops/fulfillops/internal/handler/page_customer.go:150.17,153.4 2 0
github.com/fulfillops/fulfillops/internal/handler/page_customer.go:154.3,154.26 1 0
github.com/fulfillops/fulfillops/internal/handler/page_customer.go:156.2,156.44 1 0
github.com/fulfillops/fulfillops/internal/handler/page_customer.go:156.44,158.17 2 0
github.com/fulfillops/fulfillops/internal/handler/page_customer.go:158.17,161.4 2 0
github.com/fulfillops/fulfillops/internal/handler/page_customer.go:162.3,162.28 1 0
github.com/fulfillops/fulfillops/internal/handler/page_customer.go:164.2,164.58 1 0
github.com/fulfillops/fulfillops/internal/handler/page_customer.go:164.58,167.3 2 0
github.com/fulfillops/fulfillops/internal/handler/page_customer.go:168.2,168.77 1 0
github.com/fulfillops/fulfillops/internal/handler/page_customer.go:171.58,176.16 4 0
github.com/fulfillops/fulfillops/internal/handler/page_customer.go:176.16,179.3 2 0
github.com/fulfillops/fulfillops/internal/handler/page_customer.go:181.2,187.39 2 0
github.com/fulfillops/fulfillops/internal/handler/page_customer.go:187.39,189.17 2 0
github.com/fulfillops/fulfillops/internal/handler/page_customer.go:189.17,192.4 2 0
github.com/fulfillops/fulfillops/internal/handler/page_customer.go:193.3,193.26 1 0
github.com/fulfillops/fulfillops/internal/handler/page_customer.go:194.8,196.3 1 0
github.com/fulfillops/fulfillops/internal/handler/page_customer.go:198.2,198.39 1 0
github.com/fulfillops/fulfillops/internal/handler/page_customer.go:198.39,200.17 2 0
github.com/fulfillops/fulfillops/internal/handler/page_customer.go:200.17,203.4 2 0
github.com/fulfillops/fulfillops/internal/handler/page_customer.go:204.3,204.26 1 0
github.com/fulfillops/fulfillops/internal/handler/page_customer.go:205.8,207.3 1 0
github.com/fulfillops/fulfillops/internal/handler/page_customer.go:209.2,209.44 1 0
github.com/fulfillops/fulfillops/internal/handler/page_customer.go:209.44,211.17 2 0
github.com/fulfillops/fulfillops/internal/handler/page_customer.go:211.17,214.4 2 0
github.com/fulfillops/fulfillops/internal/handler/page_customer.go:215.3,215.28 1 0
github.com/fulfillops/fulfillops/internal/handler/page_customer.go:216.8,218.3 1 0
github.com/fulfillops/fulfillops/internal/handler/page_customer.go:220.2,220.58 1 0
github.com/fulfillops/fulfillops/internal/handler/page_customer.go:220.58,223.3 2 0
github.com/fulfillops/fulfillops/internal/handler/page_customer.go:224.2,224.90 1 0
github.com/fulfillops/fulfillops/internal/handler/page_customer.go:227.58,232.70 5 0
github.com/fulfillops/fulfillops/internal/handler/page_customer.go:232.70,235.3 2 0
github.com/fulfillops/fulfillops/internal/handler/page_customer.go:236.2,236.77 1 0
github.com/fulfillops/fulfillops/internal/handler/page_customer.go:239.59,242.56 3 0
github.com/fulfillops/fulfillops/internal/handler/page_customer.go:242.56,245.3 2 0
github.com/fulfillops/fulfillops/internal/handler/page_customer.go:246.2,246.83 1 0
github.com/fulfillops/fulfillops/internal/handler/page_customer.go:249.45,258.26 3 0
github.com/fulfillops/fulfillops/internal/handler/page_customer.go:258.26,259.14 1 0
github.com/fulfillops/fulfillops/internal/handler/page_customer.go:259.14,261.4 1 0
github.com/fulfillops/fulfillops/internal/handler/page_customer.go:263.2,263.34 1 0
github.com/fulfillops/fulfillops/internal/handler/page_dashboard.go:29.25,34.2 1 1
github.com/fulfillops/fulfillops/internal/handler/page_dashboard.go:36.53,53.26 8 1
github.com/fulfillops/fulfillops/internal/handler/page_dashboard.go:53.26,54.43 1 1
github.com/fulfillops/fulfillops/internal/handler/page_dashboard.go:54.43,56.4 1 1
github.com/fulfillops/fulfillops/internal/handler/page_dashboard.go:60.2,81.55 6 1
github.com/fulfillops/fulfillops/internal/handler/page_exception.go:29.25,31.2 1 1
github.com/fulfillops/fulfillops/internal/handler/page_exception.go:33.105,36.2 2 1
github.com/fulfillops/fulfillops/internal/handler/page_exception.go:38.53,41.37 3 1
github.com/fulfillops/fulfillops/internal/handler/page_exception.go:41.37,43.3 1 0
github.com/fulfillops/fulfillops/internal/handler/page_exception.go:44.2,44.35 1 1
github.com/fulfillops/fulfillops/internal/handler/page_exception.go:44.35,46.3 1 0
github.com/fulfillops/fulfillops/internal/handler/page_exception.go:47.2,47.49 1 1
github.com/fulfillops/fulfillops/internal/handler/page_exception.go:47.49,48.45 1 0
github.com/fulfillops/fulfillops/internal/handler/page_exception.go:48.45,50.4 1 0
github.com/fulfillops/fulfillops/internal/handler/page_exception.go:52.2,52.42 1 1
github.com/fulfillops/fulfillops/internal/handler/page_exception.go:52.42,53.57 1 0
github.com/fulfillops/fulfillops/internal/handler/page_exception.go:53.57,55.4 1 0
github.com/fulfillops/fulfillops/internal/handler/page_exception.go:57.2,57.40 1 1
github.com/fulfillops/fulfillops/internal/handler/page_exception.go:57.40,58.57 1 0
github.com/fulfillops/fulfillops/internal/handler/page_exception.go:58.57,60.4 1 0
github.com/fulfillops/fulfillops/internal/handler/page_exception.go:63.2,68.19 6 1
github.com/fulfillops/fulfillops/internal/handler/page_exception.go:68.19,70.3 1 0
github.com/fulfillops/fulfillops/internal/handler/page_exception.go:71.2,71.17 1 1
github.com/fulfillops/fulfillops/internal/handler/page_exception.go:71.17,73.3 1 0
github.com/fulfillops/fulfillops/internal/handler/page_exception.go:75.2,83.5 1 1
github.com/fulfillops/fulfillops/internal/handler/page_exception.go:86.59,89.16 3 1
github.com/fulfillops/fulfillops/internal/handler/page_exception.go:89.16,92.3 2 0
github.com/fulfillops/fulfillops/internal/handler/page_exception.go:93.2,94.16 2 1
github.com/fulfillops/fulfillops/internal/handler/page_exception.go:94.16,97.3 2 0
github.com/fulfillops/fulfillops/internal/handler/page_exception.go:98.2,100.28 3 1
github.com/fulfillops/fulfillops/internal/handler/page_exception.go:100.28,102.3 1 0
github.com/fulfillops/fulfillops/internal/handler/page_exception.go:104.2,105.24 2 1
github.com/fulfillops/fulfillops/internal/handler/page_exception.go:105.24,107.18 2 1
github.com/fulfillops/fulfillops/internal/handler/page_exception.go:107.18,109.4 1 1
github.com/fulfillops/fulfillops/internal/handler/page_exception.go:109.9,111.4 1 0
github.com/fulfillops/fulfillops/internal/handler/page_exception.go:114.2,119.5 1 1
github.com/fulfillops/fulfillops/internal/handler/page_exception.go:122.65,132.27 8 0
github.com/fulfillops/fulfillops/internal/handler/page_exception.go:132.27,133.79 1 0
github.com/fulfillops/fulfillops/internal/handler/page_exception.go:133.79,136.4 2 0
github.com/fulfillops/fulfillops/internal/handler/page_exception.go:137.8,139.17 2 0
github.com/fulfillops/fulfillops/internal/handler/page_exception.go:139.17,141.4 1 0
github.com/fulfillops/fulfillops/internal/handler/page_exception.go:142.3,142.82 1 0
github.com/fulfillops/fulfillops/internal/handler/page_exception.go:142.82,145.4 2 0
github.com/fulfillops/fulfillops/internal/handler/page_exception.go:147.2,147.89 1 0
github.com/fulfillops/fulfillops/internal/handler/page_exception.go:150.61,162.49 6 0
github.com/fulfillops/fulfillops/internal/handler/page_exception.go:162.49,165.3 2 0
github.com/fulfillops/fulfillops/internal/handler/page_exception.go:166.2,166.86 1 0
github.com/fulfillops/fulfillops/internal/handler/page_fulfillment.go:50.27,56.2 1 1
github.com/fulfillops/fulfillops/internal/handler/page_fulfillment.go:58.55,61.37 3 1
github.com/fulfillops/fulfillops/internal/handler/page_fulfillment.go:61.37,63.3 1 0
github.com/fulfillops/fulfillops/internal/handler/page_fulfillment.go:64.2,64.38 1 1
github.com/fulfillops/fulfillops/internal/handler/page_fulfillment.go:64.38,67.3 2 0
github.com/fulfillops/fulfillops/internal/handler/page_fulfillment.go:68.2,68.48 1 1
github.com/fulfillops/fulfillops/internal/handler/page_fulfillment.go:68.48,71.3 2 0
github.com/fulfillops/fulfillops/internal/handler/page_fulfillment.go:72.2,72.35 1 1
github.com/fulfillops/fulfillops/internal/handler/page_fulfillment.go:72.35,74.3 1 0
github.com/fulfillops/fulfillops/internal/handler/page_fulfillment.go:75.2,75.42 1 1
github.com/fulfillops/fulfillops/internal/handler/page_fulfillment.go:75.42,76.57 1 0
github.com/fulfillops/fulfillops/internal/handler/page_fulfillment.go:76.57,78.4 1 0
github.com/fulfillops/fulfillops/internal/handler/page_fulfillment.go:80.2,80.40 1 1
github.com/fulfillops/fulfillops/internal/handler/page_fulfillment.go:80.40,81.57 1 0
github.com/fulfillops/fulfillops/internal/handler/page_fulfillment.go:81.57,83.4 1 0
github.com/fulfillops/fulfillops/internal/handler/page_fulfillment.go:86.2,94.26 7 1
github.com/fulfillops/fulfillops/internal/handler/page_fulfillment.go:94.26,96.3 1 1
github.com/fulfillops/fulfillops/internal/handler/page_fulfillment.go:97.2,98.31 2 1
github.com/fulfillops/fulfillops/internal/handler/page_fulfillment.go:98.31,100.3 1 1
github.com/fulfillops/fulfillops/internal/handler/page_fulfillment.go:102.2,103.33 2 1
github.com/fulfillops/fulfillops/internal/handler/page_fulfillment.go:103.33,109.3 1 1
github.com/fulfillops/fulfillops/internal/handler/page_fulfillment.go:111.2,118.5 1 1
github.com/fulfillops/fulfillops/internal/handler/page_fulfillment.go:121.61,124.16 3 1
github.com/fulfillops/fulfillops/internal/handler/page_fulfillment.go:124.16,127.3 2 0
github.com/fulfillops/fulfillops/internal/handler/page_fulfillment.go:128.2,129.16 2 1
github.com/fulfillops/fulfillops/internal/handler/page_fulfillment.go:129.16,132.3 2 0
github.com/fulfillops/fulfillops/internal/handler/page_fulfillment.go:135.2,136.63 2 1
github.com/fulfillops/fulfillops/internal/handler/page_fulfillment.go:136.63,138.3 1 1
github.com/fulfillops/fulfillops/internal/handler/page_fulfillment.go:139.2,140.72 2 1
github.com/fulfillops/fulfillops/internal/handler/page_fulfillment.go:140.72,142.3 1 1
github.com/fulfillops/fulfillops/internal/handler/page_fulfillment.go:144.2,150.30 5 1
github.com/fulfillops/fulfillops/internal/handler/page_fulfillment.go:150.30,152.3 1 1
github.com/fulfillops/fulfillops/internal/handler/page_fulfillment.go:155.2,156.35 2 1
github.com/fulfillops/fulfillops/internal/handler/page_fulfillment.go:156.35,157.83 1 0
github.com/fulfillops/fulfillops/internal/handler/page_fulfillment.go:157.83,159.4 1 0
github.com/fulfillops/fulfillops/internal/handler/page_fulfillment.go:162.2,163.32 2 1
github.com/fulfillops/fulfillops/internal/handler/page_fulfillment.go:163.32,165.3 1 1
github.com/fulfillops/fulfillops/internal/handler/page_fulfillment.go:168.2,169.25 2 1
github.com/fulfillops/fulfillops/internal/handler/page_fulfillment.go:169.25,179.3 3 0
github.com/fulfillops/fulfillops/internal/handler/page_fulfillment.go:181.2,190.5 1 1
github.com/fulfillops/fulfillops/internal/handler/page_fulfillment.go:193.61,200.2 4 1
github.com/fulfillops/fulfillops/internal/handler/page_fulfillment.go:202.61,215.16 9 0
github.com/fulfillops/fulfillops/internal/handler/page_fulfillment.go:215.16,218.3 2 0
github.com/fulfillops/fulfillops/internal/handler/page_fulfillment.go:219.2,219.98 1 0
github.com/fulfillops/fulfillops/internal/handler/page_fulfillment.go:222.65,234.48 7 0
github.com/fulfillops/fulfillops/internal/handler/page_fulfillment.go:234.48,236.3 1 0
github.com/fulfillops/fulfillops/internal/handler/page_fulfillment.go:237.2,237.51 1 0
github.com/fulfillops/fulfillops/internal/handler/page_fulfillment.go:237.51,239.3 1 0
github.com/fulfillops/fulfillops/internal/handler/page_fulfillment.go:240.2,240.48 1 0
github.com/fulfillops/fulfillops/internal/handler/page_fulfillment.go:240.48,242.17 2 0
github.com/fulfillops/fulfillops/internal/handler/page_fulfillment.go:242.17,245.4 2 0
github.com/fulfillops/fulfillops/internal/handler/page_fulfillment.go:246.3,246.32 1 0
github.com/fulfillops/fulfillops/internal/handler/page_fulfillment.go:248.2,248.54 1 0
github.com/fulfillops/fulfillops/internal/handler/page_fulfillment.go:248.54,249.57 1 0
github.com/fulfillops/fulfillops/internal/handler/page_fulfillment.go:249.57,251.4 1 0
github.com/fulfillops/fulfillops/internal/handler/page_fulfillment.go:253.2,253.40 1 0
github.com/fulfillops/fulfillops/internal/handler/page_fulfillment.go:253.40,255.3 1 0
github.com/fulfillops/fulfillops/internal/handler/page_fulfillment.go:259.2,259.42 1 0
github.com/fulfillops/fulfillops/internal/handler/page_fulfillment.go:259.42,260.53 1 0
github.com/fulfillops/fulfillops/internal/handler/page_fulfillment.go:260.53,265.18 4 0
github.com/fulfillops/fulfillops/internal/handler/page_fulfillment.go:265.18,268.5 2 0
github.com/fulfillops/fulfillops/internal/handler/page_fulfillment.go:269.4,269.44 1 0
github.com/fulfillops/fulfillops/internal/handler/page_fulfillment.go:269.44,272.5 2 0
github.com/fulfillops/fulfillops/internal/handler/page_fulfillment.go:273.4,273.40 1 0
github.com/fulfillops/fulfillops/internal/handler/page_fulfillment.go:273.40,276.5 2 0
github.com/fulfillops/fulfillops/internal/handler/page_fulfillment.go:278.4,279.21 2 0
github.com/fulfillops/fulfillops/internal/handler/page_fulfillment.go:279.21,282.5 2 0
github.com/fulfillops/fulfillops/internal/handler/page_fulfillment.go:283.4,284.54 2 0
github.com/fulfillops/fulfillops/internal/handler/page_fulfillment.go:284.54,286.22 2 0
github.com/fulfillops/fulfillops/internal/handler/page_fulfillment.go:286.22,289.6 2 0
github.com/fulfillops/fulfillops/internal/handler/page_fulfillment.go:291.4,297.5 1 0
github.com/fulfillops/fulfillops/internal/handler/page_fulfillment.go:301.2,302.63 2 0
github.com/fulfillops/fulfillops/internal/handler/page_fulfillment.go:302.63,305.3 2 0
github.com/fulfillops/fulfillops/internal/handler/page_fulfillment.go:307.2,307.91 1 0
github.com/fulfillops/fulfillops/internal/handler/page_fulfillment.go:310.61,315.69 5 0
github.com/fulfillops/fulfillops/internal/handler/page_fulfillment.go:315.69,318.3 2 0
github.com/fulfillops/fulfillops/internal/handler/page_fulfillment.go:319.2,319.83 1 0
github.com/fulfillops/fulfillops/internal/handler/page_fulfillment.go:322.62,325.55 3 0
github.com/fulfillops/fulfillops/internal/handler/page_fulfillment.go:325.55,328.3 2 0
github.com/fulfillops/fulfillops/internal/handler/page_fulfillment.go:329.2,329.86 1 0
github.com/fulfillops/fulfillops/internal/handler/page_helpers.go:21.67,24.67 3 1
github.com/fulfillops/fulfillops/internal/handler/page_helpers.go:24.67,26.3 1 0
github.com/fulfillops/fulfillops/internal/handler/page_helpers.go:30.65,34.53 3 1
github.com/fulfillops/fulfillops/internal/handler/page_helpers.go:34.53,35.47 1 1
github.com/fulfillops/fulfillops/internal/handler/page_helpers.go:35.47,37.4 1 1
github.com/fulfillops/fulfillops/internal/handler/page_helpers.go:39.2,39.61 1 1
github.com/fulfillops/fulfillops/internal/handler/page_helpers.go:39.61,41.3 1 1
github.com/fulfillops/fulfillops/internal/handler/page_helpers.go:42.2,42.57 1 1
github.com/fulfillops/fulfillops/internal/handler/page_helpers.go:42.57,44.3 1 1
github.com/fulfillops/fulfillops/internal/handler/page_helpers.go:46.2,47.62 2 1
github.com/fulfillops/fulfillops/internal/handler/page_helpers.go:47.62,48.68 1 0
github.com/fulfillops/fulfillops/internal/handler/page_helpers.go:48.68,53.4 4 0
github.com/fulfillops/fulfillops/internal/handler/page_helpers.go:56.2,56.47 1 1
github.com/fulfillops/fulfillops/internal/handler/page_helpers.go:60.80,65.2 4 0
github.com/fulfillops/fulfillops/internal/handler/page_helpers.go:68.93,71.2 2 0
github.com/fulfillops/fulfillops/internal/handler/page_helpers.go:74.57,78.2 3 1
github.com/fulfillops/fulfillops/internal/handler/page_helpers.go:81.57,86.2 4 1
github.com/fulfillops/fulfillops/internal/handler/page_message.go:30.23,37.2 1 1
github.com/fulfillops/fulfillops/internal/handler/page_message.go:39.60,48.2 3 1
github.com/fulfillops/fulfillops/internal/handler/page_message.go:50.65,52.2 1 1
github.com/fulfillops/fulfillops/internal/handler/page_message.go:54.63,58.16 4 1
github.com/fulfillops/fulfillops/internal/handler/page_message.go:58.16,61.3 2 0
github.com/fulfillops/fulfillops/internal/handler/page_message.go:62.2,62.108 1 1
github.com/fulfillops/fulfillops/internal/handler/page_message.go:65.65,73.57 3 0
github.com/fulfillops/fulfillops/internal/handler/page_message.go:73.57,76.3 2 0
github.com/fulfillops/fulfillops/internal/handler/page_message.go:77.2,77.76 1 0
github.com/fulfillops/fulfillops/internal/handler/page_message.go:80.65,91.57 4 0
github.com/fulfillops/fulfillops/internal/handler/page_message.go:91.57,94.3 2 0
github.com/fulfillops/fulfillops/internal/handler/page_message.go:95.2,95.76 1 0
github.com/fulfillops/fulfillops/internal/handler/page_message.go:98.65,103.70 5 0
github.com/fulfillops/fulfillops/internal/handler/page_message.go:103.70,106.3 2 0
github.com/fulfillops/fulfillops/internal/handler/page_message.go:107.2,107.76 1 0
github.com/fulfillops/fulfillops/internal/handler/page_message.go:110.66,113.56 3 0
github.com/fulfillops/fulfillops/internal/handler/page_message.go:113.56,116.3 2 0
github.com/fulfillops/fulfillops/internal/handler/page_message.go:117.2,117.83 1 0
github.com/fulfillops/fulfillops/internal/handler/page_message.go:120.59,123.40 3 1
github.com/fulfillops/fulfillops/internal/handler/page_message.go:123.40,125.3 1 0
github.com/fulfillops/fulfillops/internal/handler/page_message.go:126.2,126.37 1 1
github.com/fulfillops/fulfillops/internal/handler/page_message.go:126.37,128.3 1 0
[...]
github.com/fulfillops/fulfillops/internal/repository/fulfillment.go:175.29,177.3 1 0
github.com/fulfillops/fulfillops/internal/repository/fulfillment.go:178.2,178.12 1 1
github.com/fulfillops/fulfillops/internal/repository/fulfillment.go:181.78,185.16 2 0
github.com/fulfillops/fulfillops/internal/repository/fulfillment.go:185.16,187.3 1 0
github.com/fulfillops/fulfillops/internal/repository/fulfillment.go:188.2,188.29 1 0
github.com/fulfillops/fulfillops/internal/repository/fulfillment.go:188.29,190.3 1 0
github.com/fulfillops/fulfillops/internal/repository/fulfillment.go:191.2,191.12 1 0
github.com/fulfillops/fulfillops/internal/repository/fulfillment.go:194.92,201.16 2 0
github.com/fulfillops/fulfillops/internal/repository/fulfillment.go:201.16,203.3 1 0
github.com/fulfillops/fulfillops/internal/repository/fulfillment.go:204.2,204.73 1 0
github.com/fulfillops/fulfillops/internal/repository/fulfillment.go:207.111,209.15 2 1
github.com/fulfillops/fulfillops/internal/repository/fulfillment.go:209.15,211.3 1 1
github.com/fulfillops/fulfillops/internal/repository/fulfillment.go:212.2,213.16 2 1
github.com/fulfillops/fulfillops/internal/repository/fulfillment.go:213.16,215.3 1 0
github.com/fulfillops/fulfillops/internal/repository/fulfillment.go:216.2,217.35 2 1
github.com/fulfillops/fulfillops/internal/repository/fulfillment.go:217.35,219.3 1 1
github.com/fulfillops/fulfillops/internal/repository/fulfillment.go:220.2,220.16 1 1
github.com/fulfillops/fulfillops/internal/repository/job_run.go:30.63,32.2 1 1
github.com/fulfillops/fulfillops/internal/repository/job_run.go:34.110,45.2 6 0
github.com/fulfillops/fulfillops/internal/repository/job_run.go:47.128,53.2 3 0
github.com/fulfillops/fulfillops/internal/repository/job_run.go:55.129,61.21 5 1
github.com/fulfillops/fulfillops/internal/repository/job_run.go:61.21,65.3 3 0
github.com/fulfillops/fulfillops/internal/repository/job_run.go:66.2,66.20 1 1
github.com/fulfillops/fulfillops/internal/repository/job_run.go:66.20,70.3 3 0
github.com/fulfillops/fulfillops/internal/repository/job_run.go:71.2,71.26 1 1
github.com/fulfillops/fulfillops/internal/repository/job_run.go:71.26,75.3 3 0
github.com/fulfillops/fulfillops/internal/repository/job_run.go:76.2,76.24 1 1
github.com/fulfillops/fulfillops/internal/repository/job_run.go:76.24,80.3 3 0
github.com/fulfillops/fulfillops/internal/repository/job_run.go:82.2,85.119 4 1
github.com/fulfillops/fulfillops/internal/repository/job_run.go:85.119,87.3 1 0
github.com/fulfillops/fulfillops/internal/repository/job_run.go:89.2,95.16 3 1
github.com/fulfillops/fulfillops/internal/repository/job_run.go:95.16,97.3 1 0
github.com/fulfillops/fulfillops/internal/repository/job_run.go:98.2,99.26 2 1
github.com/fulfillops/fulfillops/internal/repository/message_template.go:27.81,29.2 1 1
github.com/fulfillops/fulfillops/internal/repository/message_template.go:31.169,35.15 4 1
github.com/fulfillops/fulfillops/internal/repository/message_template.go:35.15,39.3 3 0
github.com/fulfillops/fulfillops/internal/repository/message_template.go:40.2,40.14 1 1
github.com/fulfillops/fulfillops/internal/repository/message_template.go:40.14,44.3 3 0
github.com/fulfillops/fulfillops/internal/repository/message_template.go:45.2,45.21 1 1
github.com/fulfillops/fulfillops/internal/repository/message_template.go:45.21,47.3 1 1
github.com/fulfillops/fulfillops/internal/repository/message_template.go:48.2,53.16 3 1
github.com/fulfillops/fulfillops/internal/repository/message_template.go:53.16,55.3 1 0
github.com/fulfillops/fulfillops/internal/repository/message_template.go:56.2,56.77 1 1
github.com/fulfillops/fulfillops/internal/repository/message_template.go:59.109,63.16 2 1
github.com/fulfillops/fulfillops/internal/repository/message_template.go:63.16,65.3 1 0
github.com/fulfillops/fulfillops/internal/repository/message_template.go:66.2,67.35 2 1
github.com/fulfillops/fulfillops/internal/repository/message_template.go:67.35,69.3 1 0
github.com/fulfillops/fulfillops/internal/repository/message_template.go:70.2,70.16 1 1
github.com/fulfillops/fulfillops/internal/repository/message_template.go:73.121,83.2 5 1
github.com/fulfillops/fulfillops/internal/repository/message_template.go:85.121,91.16 3 0
github.com/fulfillops/fulfillops/internal/repository/message_template.go:91.16,93.3 1 0
github.com/fulfillops/fulfillops/internal/repository/message_template.go:94.2,94.29 1 0
github.com/fulfillops/fulfillops/internal/repository/message_template.go:94.29,96.3 1 0
github.com/fulfillops/fulfillops/internal/repository/message_template.go:97.2,97.29 1 0
github.com/fulfillops/fulfillops/internal/repository/message_template.go:100.106,103.43 2 0
github.com/fulfillops/fulfillops/internal/repository/message_template.go:103.43,105.3 1 0
github.com/fulfillops/fulfillops/internal/repository/message_template.go:106.2,106.12 1 0
github.com/fulfillops/fulfillops/internal/repository/message_template.go:109.82,113.16 2 0
github.com/fulfillops/fulfillops/internal/repository/message_template.go:113.16,115.3 1 0
github.com/fulfillops/fulfillops/internal/repository/message_template.go:116.2,116.29 1 0
github.com/fulfillops/fulfillops/internal/repository/message_template.go:116.29,118.3 1 0
github.com/fulfillops/fulfillops/internal/repository/message_template.go:119.2,119.12 1 0
github.com/fulfillops/fulfillops/internal/repository/notification.go:26.75,28.2 1 1
github.com/fulfillops/fulfillops/internal/repository/notification.go:30.112,33.22 3 0
github.com/fulfillops/fulfillops/internal/repository/notification.go:33.22,35.3 1 0
github.com/fulfillops/fulfillops/internal/repository/notification.go:37.2,41.15 2 0
github.com/fulfillops/fulfillops/internal/repository/notification.go:44.101,47.22 3 1
github.com/fulfillops/fulfillops/internal/repository/notification.go:47.22,49.3 1 1
github.com/fulfillops/fulfillops/internal/repository/notification.go:50.2,54.12 2 1
github.com/fulfillops/fulfillops/internal/repository/notification.go:57.157,62.19 4 1
github.com/fulfillops/fulfillops/internal/repository/notification.go:62.19,65.3 2 0
github.com/fulfillops/fulfillops/internal/repository/notification.go:67.2,68.112 2 1
github.com/fulfillops/fulfillops/internal/repository/notification.go:68.112,70.3 1 0
github.com/fulfillops/fulfillops/internal/repository/notification.go:72.2,79.16 4 1
github.com/fulfillops/fulfillops/internal/repository/notification.go:79.16,81.3 1 0
github.com/fulfillops/fulfillops/internal/repository/notification.go:82.2,83.26 2 1
github.com/fulfillops/fulfillops/internal/repository/notification.go:86.98,90.2 2 0
github.com/fulfillops/fulfillops/internal/repository/report_export.go:27.75,29.2 1 1
github.com/fulfillops/fulfillops/internal/repository/report_export.go:34.112,38.22 4 1
github.com/fulfillops/fulfillops/internal/repository/report_export.go:38.22,40.3 1 0
github.com/fulfillops/fulfillops/internal/repository/report_export.go:42.2,46.15 2 1
github.com/fulfillops/fulfillops/internal/repository/report_export.go:49.103,51.16 2 1
github.com/fulfillops/fulfillops/internal/repository/report_export.go:51.16,53.3 1 0
github.com/fulfillops/fulfillops/internal/repository/report_export.go:54.2,55.35 2 1
github.com/fulfillops/fulfillops/internal/repository/report_export.go:55.35,57.3 1 1
github.com/fulfillops/fulfillops/internal/repository/report_export.go:58.2,58.16 1 1
github.com/fulfillops/fulfillops/internal/repository/report_export.go:61.117,64.97 3 1
github.com/fulfillops/fulfillops/internal/repository/report_export.go:64.97,66.3 1 0
github.com/fulfillops/fulfillops/internal/repository/report_export.go:67.2,70.16 2 1
github.com/fulfillops/fulfillops/internal/repository/report_export.go:70.16,72.3 1 0
github.com/fulfillops/fulfillops/internal/repository/report_export.go:73.2,74.26 2 1
github.com/fulfillops/fulfillops/internal/repository/report_export.go:77.187,83.2 2 1
github.com/fulfillops/fulfillops/internal/repository/report_export.go:85.108,88.16 2 0
github.com/fulfillops/fulfillops/internal/repository/report_export.go:88.16,90.3 1 0
github.com/fulfillops/fulfillops/internal/repository/report_export.go:91.2,91.74 1 0
github.com/fulfillops/fulfillops/internal/repository/report_export.go:94.78,97.2 2 1
github.com/fulfillops/fulfillops/internal/repository/reservation.go:23.55,23.86 1 1
github.com/fulfillops/fulfillops/internal/repository/reservation.go:25.122,35.16 6 1
github.com/fulfillops/fulfillops/internal/repository/reservation.go:35.16,37.3 1 0
github.com/fulfillops/fulfillops/internal/repository/reservation.go:38.2,38.17 1 1
github.com/fulfillops/fulfillops/internal/repository/reservation.go:41.112,46.2 2 1
github.com/fulfillops/fulfillops/internal/repository/reservation.go:48.140,52.16 2 0
github.com/fulfillops/fulfillops/internal/repository/reservation.go:52.16,54.3 1 0
github.com/fulfillops/fulfillops/internal/repository/reservation.go:55.2,56.35 2 0
github.com/fulfillops/fulfillops/internal/repository/reservation.go:56.35,58.3 1 0
github.com/fulfillops/fulfillops/internal/repository/reservation.go:59.2,59.18 1 0
github.com/fulfillops/fulfillops/internal/repository/send_log.go:34.65,36.2 1 1
github.com/fulfillops/fulfillops/internal/repository/send_log.go:41.97,45.22 4 0
github.com/fulfillops/fulfillops/internal/repository/send_log.go:45.22,47.3 1 0
github.com/fulfillops/fulfillops/internal/repository/send_log.go:49.2,55.15 2 0
github.com/fulfillops/fulfillops/internal/repository/send_log.go:58.124,63.2 2 0
github.com/fulfillops/fulfillops/internal/repository/send_log.go:65.105,70.2 2 0
github.com/fulfillops/fulfillops/internal/repository/send_log.go:72.99,77.16 2 0
github.com/fulfillops/fulfillops/internal/repository/send_log.go:77.16,79.3 1 0
github.com/fulfillops/fulfillops/internal/repository/send_log.go:80.2,80.29 1 0
github.com/fulfillops/fulfillops/internal/repository/send_log.go:80.29,82.3 1 0
github.com/fulfillops/fulfillops/internal/repository/send_log.go:83.2,83.12 1 0
github.com/fulfillops/fulfillops/internal/repository/send_log.go:86.125,92.26 5 1
github.com/fulfillops/fulfillops/internal/repository/send_log.go:92.26,96.3 3 0
github.com/fulfillops/fulfillops/internal/repository/send_log.go:97.2,97.21 1 1
github.com/fulfillops/fulfillops/internal/repository/send_log.go:97.21,101.3 3 0
github.com/fulfillops/fulfillops/internal/repository/send_log.go:102.2,102.20 1 1
github.com/fulfillops/fulfillops/internal/repository/send_log.go:102.20,106.3 3 1
github.com/fulfillops/fulfillops/internal/repository/send_log.go:107.2,107.23 1 1
github.com/fulfillops/fulfillops/internal/repository/send_log.go:107.23,111.3 3 0
github.com/fulfillops/fulfillops/internal/repository/send_log.go:112.2,112.21 1 1
github.com/fulfillops/fulfillops/internal/repository/send_log.go:112.21,116.3 3 0
github.com/fulfillops/fulfillops/internal/repository/send_log.go:118.2,121.113 4 1
github.com/fulfillops/fulfillops/internal/repository/send_log.go:121.113,123.3 1 0
github.com/fulfillops/fulfillops/internal/repository/send_log.go:125.2,130.16 3 1
github.com/fulfillops/fulfillops/internal/repository/send_log.go:130.16,132.3 1 0
github.com/fulfillops/fulfillops/internal/repository/send_log.go:133.2,134.25 2 1
github.com/fulfillops/fulfillops/internal/repository/send_log.go:137.100,143.16 2 0
github.com/fulfillops/fulfillops/internal/repository/send_log.go:143.16,145.3 1 0
github.com/fulfillops/fulfillops/internal/repository/send_log.go:146.2,146.69 1 0
github.com/fulfillops/fulfillops/internal/repository/shipping_address.go:25.81,27.2 1 1
github.com/fulfillops/fulfillops/internal/repository/shipping_address.go:29.135,40.16 5 0
github.com/fulfillops/fulfillops/internal/repository/shipping_address.go:40.16,42.3 1 0
github.com/fulfillops/fulfillops/internal/repository/shipping_address.go:43.2,43.18 1 0
github.com/fulfillops/fulfillops/internal/repository/shipping_address.go:46.128,57.16 5 0
github.com/fulfillops/fulfillops/internal/repository/shipping_address.go:57.16,59.3 1 0
github.com/fulfillops/fulfillops/internal/repository/shipping_address.go:60.2,60.18 1 0
github.com/fulfillops/fulfillops/internal/repository/shipping_address.go:63.131,67.16 2 1
github.com/fulfillops/fulfillops/internal/repository/shipping_address.go:67.16,69.3 1 0
github.com/fulfillops/fulfillops/internal/repository/shipping_address.go:70.2,71.35 2 1
github.com/fulfillops/fulfillops/internal/repository/shipping_address.go:71.35,73.3 1 1
github.com/fulfillops/fulfillops/internal/repository/shipping_address.go:74.2,74.19 1 0
github.com/fulfillops/fulfillops/internal/repository/shipping_address.go:77.108,85.2 3 0
github.com/fulfillops/fulfillops/internal/repository/system_setting.go:24.77,26.2 1 1
github.com/fulfillops/fulfillops/internal/repository/system_setting.go:28.99,31.16 2 1
github.com/fulfillops/fulfillops/internal/repository/system_setting.go:31.16,33.3 1 0
github.com/fulfillops/fulfillops/internal/repository/system_setting.go:34.2,35.35 2 1
github.com/fulfillops/fulfillops/internal/repository/system_setting.go:35.35,37.3 1 0
github.com/fulfillops/fulfillops/internal/repository/system_setting.go:38.2,38.16 1 1
github.com/fulfillops/fulfillops/internal/repository/system_setting.go:41.110,48.2 2 0
github.com/fulfillops/fulfillops/internal/repository/system_setting.go:50.91,52.16 2 0
github.com/fulfillops/fulfillops/internal/repository/system_setting.go:52.16,54.3 1 0
github.com/fulfillops/fulfillops/internal/repository/system_setting.go:55.2,55.75 1 0
github.com/fulfillops/fulfillops/internal/repository/tier.go:30.59,32.2 1 1
github.com/fulfillops/fulfillops/internal/repository/tier.go:34.108,39.21 2 1
github.com/fulfillops/fulfillops/internal/repository/tier.go:39.21,41.3 1 1
github.com/fulfillops/fulfillops/internal/repository/tier.go:42.2,45.16 3 1
github.com/fulfillops/fulfillops/internal/repository/tier.go:45.16,47.3 1 0
github.com/fulfillops/fulfillops/internal/repository/tier.go:48.2,48.72 1 1
github.com/fulfillops/fulfillops/internal/repository/tier.go:51.93,53.2 1 1
github.com/fulfillops/fulfillops/internal/repository/tier.go:55.113,57.2 1 1
github.com/fulfillops/fulfillops/internal/repository/tier.go:59.100,71.16 6 1
github.com/fulfillops/fulfillops/internal/repository/tier.go:71.16,73.3 1 0
github.com/fulfillops/fulfillops/internal/repository/tier.go:74.2,74.15 1 1
github.com/fulfillops/fulfillops/internal/repository/tier.go:77.100,86.16 3 1
github.com/fulfillops/fulfillops/internal/repository/tier.go:86.16,88.3 1 0
github.com/fulfillops/fulfillops/internal/repository/tier.go:89.2,89.29 1 1
github.com/fulfillops/fulfillops/internal/repository/tier.go:89.29,91.3 1 1
github.com/fulfillops/fulfillops/internal/repository/tier.go:92.2,92.29 1 1
github.com/fulfillops/fulfillops/internal/repository/tier.go:95.95,99.16 2 1
github.com/fulfillops/fulfillops/internal/repository/tier.go:99.16,101.3 1 0
github.com/fulfillops/fulfillops/internal/repository/tier.go:102.2,102.29 1 1
github.com/fulfillops/fulfillops/internal/repository/tier.go:102.29,104.3 1 1
github.com/fulfillops/fulfillops/internal/repository/tier.go:105.2,105.12 1 1
github.com/fulfillops/fulfillops/internal/repository/tier.go:108.71,114.16 2 1
github.com/fulfillops/fulfillops/internal/repository/tier.go:114.16,116.3 1 0
github.com/fulfillops/fulfillops/internal/repository/tier.go:117.2,117.29 1 1
github.com/fulfillops/fulfillops/internal/repository/tier.go:117.29,119.3 1 0
github.com/fulfillops/fulfillops/internal/repository/tier.go:120.2,120.12 1 1
github.com/fulfillops/fulfillops/internal/repository/tier.go:123.105,128.16 2 1
github.com/fulfillops/fulfillops/internal/repository/tier.go:128.16,130.3 1 0
github.com/fulfillops/fulfillops/internal/repository/tier.go:131.2,131.29 1 1
github.com/fulfillops/fulfillops/internal/repository/tier.go:131.29,133.3 1 1
github.com/fulfillops/fulfillops/internal/repository/tier.go:134.2,134.12 1 1
github.com/fulfillops/fulfillops/internal/repository/tier.go:137.105,142.2 2 1
github.com/fulfillops/fulfillops/internal/repository/tier.go:146.87,151.16 2 1
github.com/fulfillops/fulfillops/internal/repository/tier.go:151.16,153.3 1 0
github.com/fulfillops/fulfillops/internal/repository/tier.go:154.2,155.35 2 1
github.com/fulfillops/fulfillops/internal/repository/tier.go:155.35,157.3 1 1
github.com/fulfillops/fulfillops/internal/repository/tier.go:158.2,158.16 1 1
github.com/fulfillops/fulfillops/internal/repository/tier.go:161.95,166.16 2 1
github.com/fulfillops/fulfillops/internal/repository/tier.go:166.16,168.3 1 0
github.com/fulfillops/fulfillops/internal/repository/tier.go:169.2,170.35 2 1
github.com/fulfillops/fulfillops/internal/repository/tier.go:170.35,172.3 1 0
github.com/fulfillops/fulfillops/internal/repository/tier.go:173.2,173.16 1 1
github.com/fulfillops/fulfillops/internal/repository/timeline.go:22.67,24.2 1 1
github.com/fulfillops/fulfillops/internal/repository/timeline.go:26.96,29.23 3 1
github.com/fulfillops/fulfillops/internal/repository/timeline.go:29.23,31.3 1 1
github.com/fulfillops/fulfillops/internal/repository/timeline.go:33.2,39.12 2 1
github.com/fulfillops/fulfillops/internal/repository/timeline.go:42.124,46.16 2 1
github.com/fulfillops/fulfillops/internal/repository/timeline.go:46.16,48.3 1 0
github.com/fulfillops/fulfillops/internal/repository/timeline.go:49.2,49.75 1 1
github.com/fulfillops/fulfillops/internal/repository/tx.go:22.49,24.2 1 1
github.com/fulfillops/fulfillops/internal/repository/tx.go:27.90,29.16 2 1
github.com/fulfillops/fulfillops/internal/repository/tx.go:29.16,31.3 1 0
github.com/fulfillops/fulfillops/internal/repository/tx.go:33.2,33.15 1 1
github.com/fulfillops/fulfillops/internal/repository/tx.go:33.15,34.31 1 1
github.com/fulfillops/fulfillops/internal/repository/tx.go:34.31,36.12 2 0
github.com/fulfillops/fulfillops/internal/repository/tx.go:38.3,38.20 1 1
github.com/fulfillops/fulfillops/internal/repository/tx.go:38.20,40.4 1 1
github.com/fulfillops/fulfillops/internal/repository/tx.go:43.2,43.31 1 1
github.com/fulfillops/fulfillops/internal/repository/tx.go:43.31,45.3 1 1
github.com/fulfillops/fulfillops/internal/repository/tx.go:47.2,47.23 1 1
github.com/fulfillops/fulfillops/internal/repository/user.go:27.59,29.2 1 1
github.com/fulfillops/fulfillops/internal/repository/user.go:33.96,35.16 2 1
github.com/fulfillops/fulfillops/internal/repository/user.go:35.16,37.3 1 0
github.com/fulfillops/fulfillops/internal/repository/user.go:38.2,39.35 2 1
github.com/fulfillops/fulfillops/internal/repository/user.go:39.35,41.3 1 0
github.com/fulfillops/fulfillops/internal/repository/user.go:42.2,42.16 1 1
github.com/fulfillops/fulfillops/internal/repository/user.go:45.87,47.16 2 1
github.com/fulfillops/fulfillops/internal/repository/user.go:47.16,49.3 1 0
github.com/fulfillops/fulfillops/internal/repository/user.go:50.2,51.35 2 1
github.com/fulfillops/fulfillops/internal/repository/user.go:51.35,53.3 1 0
github.com/fulfillops/fulfillops/internal/repository/user.go:54.2,54.16 1 1
github.com/fulfillops/fulfillops/internal/repository/user.go:57.109,61.16 4 1
github.com/fulfillops/fulfillops/internal/repository/user.go:61.16,65.3 3 0
github.com/fulfillops/fulfillops/internal/repository/user.go:66.2,66.21 1 1
github.com/fulfillops/fulfillops/internal/repository/user.go:66.21,70.3 3 0
github.com/fulfillops/fulfillops/internal/repository/user.go:71.2,73.16 3 1
github.com/fulfillops/fulfillops/internal/repository/user.go:73.16,75.3 1 0
github.com/fulfillops/fulfillops/internal/repository/user.go:76.2,76.66 1 1
github.com/fulfillops/fulfillops/internal/repository/user.go:79.88,89.2 5 1
github.com/fulfillops/fulfillops/internal/repository/user.go:91.88,97.16 3 1
github.com/fulfillops/fulfillops/internal/repository/user.go:97.16,99.3 1 0
github.com/fulfillops/fulfillops/internal/repository/user.go:100.2,100.29 1 1
github.com/fulfillops/fulfillops/internal/repository/user.go:100.29,102.3 1 0
github.com/fulfillops/fulfillops/internal/repository/user.go:103.2,103.29 1 1
github.com/fulfillops/fulfillops/internal/repository/user.go:106.74,109.2 2 1
