mode: set
github.com/fulfillops/fulfillops/internal/domain/enums.go:17.43,18.11 1 1
github.com/fulfillops/fulfillops/internal/domain/enums.go:20.70,21.14 1 1
github.com/fulfillops/fulfillops/internal/domain/enums.go:23.2,23.14 1 1
github.com/fulfillops/fulfillops/internal/domain/enums.go:26.46,28.2 1 1
github.com/fulfillops/fulfillops/internal/domain/enums.go:43.59,45.9 2 1
github.com/fulfillops/fulfillops/internal/domain/enums.go:45.9,47.3 1 1
github.com/fulfillops/fulfillops/internal/domain/enums.go:48.2,48.28 1 1
github.com/fulfillops/fulfillops/internal/domain/enums.go:48.28,49.14 1 1
github.com/fulfillops/fulfillops/internal/domain/enums.go:49.14,51.4 1 1
github.com/fulfillops/fulfillops/internal/domain/enums.go:53.2,53.14 1 1
github.com/fulfillops/fulfillops/internal/domain/enums.go:64.41,66.2 1 1
github.com/fulfillops/fulfillops/internal/domain/enums.go:77.40,78.11 1 1
github.com/fulfillops/fulfillops/internal/domain/enums.go:79.46,80.14 1 1
github.com/fulfillops/fulfillops/internal/domain/enums.go:82.2,82.14 1 1
github.com/fulfillops/fulfillops/internal/domain/enums.go:95.39,96.11 1 1
github.com/fulfillops/fulfillops/internal/domain/enums.go:97.53,98.14 1 1
github.com/fulfillops/fulfillops/internal/domain/enums.go:100.2,100.14 1 1
github.com/fulfillops/fulfillops/internal/domain/enums.go:112.39,113.11 1 1
github.com/fulfillops/fulfillops/internal/domain/enums.go:114.74,115.14 1 1
github.com/fulfillops/fulfillops/internal/domain/enums.go:117.2,117.14 1 1
github.com/fulfillops/fulfillops/internal/domain/enums.go:130.41,131.11 1 1
github.com/fulfillops/fulfillops/internal/domain/enums.go:132.84,133.14 1 1
github.com/fulfillops/fulfillops/internal/domain/enums.go:135.2,135.14 1 1
github.com/fulfillops/fulfillops/internal/domain/enums.go:147.34,148.11 1 1
github.com/fulfillops/fulfillops/internal/domain/enums.go:149.65,150.14 1 1
github.com/fulfillops/fulfillops/internal/domain/enums.go:152.2,152.14 1 1
github.com/fulfillops/fulfillops/internal/domain/enums.go:163.43,165.2 1 1
github.com/fulfillops/fulfillops/internal/domain/enums.go:187.42,188.11 1 1
github.com/fulfillops/fulfillops/internal/domain/enums.go:189.101,190.14 1 1
github.com/fulfillops/fulfillops/internal/domain/enums.go:192.2,192.14 1 1
github.com/fulfillops/fulfillops/internal/domain/errors.go:27.38,27.58 1 1
github.com/fulfillops/fulfillops/internal/domain/errors.go:29.38,29.56 1 1
github.com/fulfillops/fulfillops/internal/domain/errors.go:32.80,39.2 1 1
github.com/fulfillops/fulfillops/internal/domain/errors.go:42.53,48.2 1 1
github.com/fulfillops/fulfillops/internal/domain/errors.go:51.38,57.2 1 1
github.com/fulfillops/fulfillops/internal/domain/errors.go:60.39,66.2 1 1
github.com/fulfillops/fulfillops/internal/domain/errors.go:69.43,75.2 1 1
github.com/fulfillops/fulfillops/internal/domain/errors.go:78.66,84.2 1 1
github.com/fulfillops/fulfillops/internal/domain/models.go:302.35,303.16 1 0
github.com/fulfillops/fulfillops/internal/domain/models.go:303.16,305.3 1 0
github.com/fulfillops/fulfillops/internal/domain/models.go:306.2,306.40 1 0
github.com/fulfillops/fulfillops/internal/domain/models.go:306.40,308.3 1 0
github.com/fulfillops/fulfillops/internal/domain/models.go:311.35,313.2 1 0
github.com/fulfillops/fulfillops/internal/util/csv.go:14.69,16.42 2 1
github.com/fulfillops/fulfillops/internal/util/csv.go:16.42,18.3 1 0
github.com/fulfillops/fulfillops/internal/util/csv.go:19.2,19.27 1 1
github.com/fulfillops/fulfillops/internal/util/csv.go:19.27,20.39 1 1
github.com/fulfillops/fulfillops/internal/util/csv.go:20.39,22.4 1 0
github.com/fulfillops/fulfillops/internal/util/csv.go:24.2,25.19 2 1
github.com/fulfillops/fulfillops/internal/util/csv.go:29.55,31.16 2 1
github.com/fulfillops/fulfillops/internal/util/csv.go:31.16,33.3 1 1
github.com/fulfillops/fulfillops/internal/util/csv.go:34.2,37.41 3 1
github.com/fulfillops/fulfillops/internal/util/csv.go:37.41,39.3 1 0
github.com/fulfillops/fulfillops/internal/util/csv.go:40.2,40.44 1 1
github.com/fulfillops/fulfillops/internal/util/maskpii.go:9.37,11.21 2 1
github.com/fulfillops/fulfillops/internal/util/maskpii.go:11.21,13.3 1 1
github.com/fulfillops/fulfillops/internal/util/maskpii.go:14.2,15.27 2 1
github.com/fulfillops/fulfillops/internal/util/maskpii.go:20.37,22.13 2 1
github.com/fulfillops/fulfillops/internal/util/maskpii.go:22.13,24.3 1 1
github.com/fulfillops/fulfillops/internal/util/maskpii.go:25.2,27.21 3 1
github.com/fulfillops/fulfillops/internal/util/maskpii.go:27.21,29.3 1 0
github.com/fulfillops/fulfillops/internal/util/maskpii.go:30.2,30.42 1 1
github.com/fulfillops/fulfillops/internal/util/maskpii.go:35.41,36.19 1 1
github.com/fulfillops/fulfillops/internal/util/maskpii.go:36.19,38.3 1 1
github.com/fulfillops/fulfillops/internal/util/maskpii.go:39.2,40.21 2 1
github.com/fulfillops/fulfillops/internal/util/maskpii.go:40.21,42.3 1 0
github.com/fulfillops/fulfillops/internal/util/maskpii.go:43.2,43.26 1 1
github.com/fulfillops/fulfillops/internal/util/maskpii.go:48.42,49.20 1 1
github.com/fulfillops/fulfillops/internal/util/maskpii.go:49.20,51.3 1 1
github.com/fulfillops/fulfillops/internal/util/maskpii.go:52.2,54.25 3 1
github.com/fulfillops/fulfillops/internal/util/maskpii.go:58.37,60.22 2 1
github.com/fulfillops/fulfillops/internal/util/maskpii.go:60.22,61.27 1 1
github.com/fulfillops/fulfillops/internal/util/maskpii.go:61.27,63.4 1 1
github.com/fulfillops/fulfillops/internal/util/maskpii.go:65.2,65.19 1 1
github.com/fulfillops/fulfillops/internal/domain/enums.go:17.43,18.11 1 1
github.com/fulfillops/fulfillops/internal/domain/enums.go:20.70,21.14 1 1
github.com/fulfillops/fulfillops/internal/domain/enums.go:23.2,23.14 1 0
github.com/fulfillops/fulfillops/internal/domain/enums.go:26.46,28.2 1 0
github.com/fulfillops/fulfillops/internal/domain/enums.go:43.59,45.9 2 1
github.com/fulfillops/fulfillops/internal/domain/enums.go:45.9,47.3 1 0
github.com/fulfillops/fulfillops/internal/domain/enums.go:48.2,48.28 1 1
github.com/fulfillops/fulfillops/internal/domain/enums.go:48.28,49.14 1 1
github.com/fulfillops/fulfillops/internal/domain/enums.go:49.14,51.4 1 1
github.com/fulfillops/fulfillops/internal/domain/enums.go:53.2,53.14 1 1
github.com/fulfillops/fulfillops/internal/domain/enums.go:64.41,66.2 1 1
github.com/fulfillops/fulfillops/internal/domain/enums.go:77.40,78.11 1 0
github.com/fulfillops/fulfillops/internal/domain/enums.go:79.46,80.14 1 0
github.com/fulfillops/fulfillops/internal/domain/enums.go:82.2,82.14 1 0
github.com/fulfillops/fulfillops/internal/domain/enums.go:95.39,96.11 1 0
github.com/fulfillops/fulfillops/internal/domain/enums.go:97.53,98.14 1 0
github.com/fulfillops/fulfillops/internal/domain/enums.go:100.2,100.14 1 0
github.com/fulfillops/fulfillops/internal/domain/enums.go:112.39,113.11 1 1
github.com/fulfillops/fulfillops/internal/domain/enums.go:114.74,115.14 1 1
github.com/fulfillops/fulfillops/internal/domain/enums.go:117.2,117.14 1 0
github.com/fulfillops/fulfillops/internal/domain/enums.go:130.41,131.11 1 1
github.com/fulfillops/fulfillops/internal/domain/enums.go:132.84,133.14 1 1
github.com/fulfillops/fulfillops/internal/domain/enums.go:135.2,135.14 1 0
github.com/fulfillops/fulfillops/internal/domain/enums.go:147.34,148.11 1 1
github.com/fulfillops/fulfillops/internal/domain/enums.go:149.65,150.14 1 1
github.com/fulfillops/fulfillops/internal/domain/enums.go:152.2,152.14 1 0
github.com/fulfillops/fulfillops/internal/domain/enums.go:163.43,165.2 1 0
github.com/fulfillops/fulfillops/internal/domain/enums.go:187.42,188.11 1 0
github.com/fulfillops/fulfillops/internal/domain/enums.go:189.101,190.14 1 0
github.com/fulfillops/fulfillops/internal/domain/enums.go:192.2,192.14 1 0
github.com/fulfillops/fulfillops/internal/domain/errors.go:27.38,27.58 1 0
github.com/fulfillops/fulfillops/internal/domain/errors.go:29.38,29.56 1 1
github.com/fulfillops/fulfillops/internal/domain/errors.go:32.80,39.2 1 1
github.com/fulfillops/fulfillops/internal/domain/errors.go:42.53,48.2 1 0
github.com/fulfillops/fulfillops/internal/domain/errors.go:51.38,57.2 1 1
github.com/fulfillops/fulfillops/internal/domain/errors.go:60.39,66.2 1 1
github.com/fulfillops/fulfillops/internal/domain/errors.go:69.43,75.2 1 1
github.com/fulfillops/fulfillops/internal/domain/errors.go:78.66,84.2 1 1
github.com/fulfillops/fulfillops/internal/domain/models.go:302.35,303.16 1 1
github.com/fulfillops/fulfillops/internal/domain/models.go:303.16,305.3 1 1
github.com/fulfillops/fulfillops/internal/domain/models.go:306.2,306.40 1 1
github.com/fulfillops/fulfillops/internal/domain/models.go:306.40,308.3 1 1
github.com/fulfillops/fulfillops/internal/domain/models.go:311.35,313.2 1 1
github.com/fulfillops/fulfillops/internal/util/csv.go:14.69,16.42 2 1
github.com/fulfillops/fulfillops/internal/util/csv.go:16.42,18.3 1 0
github.com/fulfillops/fulfillops/internal/util/csv.go:19.2,19.27 1 1
github.com/fulfillops/fulfillops/internal/util/csv.go:19.27,20.39 1 1
github.com/fulfillops/fulfillops/internal/util/csv.go:20.39,22.4 1 0
github.com/fulfillops/fulfillops/internal/util/csv.go:24.2,25.19 2 1
github.com/fulfillops/fulfillops/internal/util/csv.go:29.55,31.16 2 1
github.com/fulfillops/fulfillops/internal/util/csv.go:31.16,33.3 1 0
github.com/fulfillops/fulfillops/internal/util/csv.go:34.2,37.41 3 1
github.com/fulfillops/fulfillops/internal/util/csv.go:37.41,39.3 1 0
github.com/fulfillops/fulfillops/internal/util/csv.go:40.2,40.44 1 1
github.com/fulfillops/fulfillops/internal/util/maskpii.go:9.37,11.21 2 0
github.com/fulfillops/fulfillops/internal/util/maskpii.go:11.21,13.3 1 0
github.com/fulfillops/fulfillops/internal/util/maskpii.go:14.2,15.27 2 0
github.com/fulfillops/fulfillops/internal/util/maskpii.go:20.37,22.13 2 0
github.com/fulfillops/fulfillops/internal/util/maskpii.go:22.13,24.3 1 0
github.com/fulfillops/fulfillops/internal/util/maskpii.go:25.2,27.21 3 0
github.com/fulfillops/fulfillops/internal/util/maskpii.go:27.21,29.3 1 0
github.com/fulfillops/fulfillops/internal/util/maskpii.go:30.2,30.42 1 0
github.com/fulfillops/fulfillops/internal/util/maskpii.go:35.41,36.19 1 0
github.com/fulfillops/fulfillops/internal/util/maskpii.go:36.19,38.3 1 0
github.com/fulfillops/fulfillops/internal/util/maskpii.go:39.2,40.21 2 0
github.com/fulfillops/fulfillops/internal/util/maskpii.go:40.21,42.3 1 0
github.com/fulfillops/fulfillops/internal/util/maskpii.go:43.2,43.26 1 0
github.com/fulfillops/fulfillops/internal/util/maskpii.go:48.42,49.20 1 0
github.com/fulfillops/fulfillops/internal/util/maskpii.go:49.20,51.3 1 0
github.com/fulfillops/fulfillops/internal/util/maskpii.go:52.2,54.25 3 0
github.com/fulfillops/fulfillops/internal/util/maskpii.go:58.37,60.22 2 0
github.com/fulfillops/fulfillops/internal/util/maskpii.go:60.22,61.27 1 0
github.com/fulfillops/fulfillops/internal/util/maskpii.go:61.27,63.4 1 0
github.com/fulfillops/fulfillops/internal/util/maskpii.go:65.2,65.19 1 0
